{"C:\\Users\\JoshPC\\Documents\\Universidad\\Analisis y Diseño\\Github\\YulianaValencia_30724_G4_ADSW\\3. CODIGO\\GCM\\patrones_diseno\\js\\business\\controlador.js": {"path":"C:\\Users\\JoshPC\\Documents\\Universidad\\Analisis y Diseño\\Github\\YulianaValencia_30724_G4_ADSW\\3. CODIGO\\GCM\\patrones_diseno\\js\\business\\controlador.js","statementMap":{"0":{"start":{"line":8,"column":8},"end":{"line":8,"column":47}},"1":{"start":{"line":9,"column":8},"end":{"line":9,"column":63}},"2":{"start":{"line":17,"column":8},"end":{"line":37,"column":9}},"3":{"start":{"line":18,"column":25},"end":{"line":18,"column":59}},"4":{"start":{"line":19,"column":12},"end":{"line":32,"column":13}},"5":{"start":{"line":20,"column":31},"end":{"line":26,"column":17}},"6":{"start":{"line":27,"column":16},"end":{"line":27,"column":77}},"7":{"start":{"line":28,"column":16},"end":{"line":30,"column":17}},"8":{"start":{"line":29,"column":20},"end":{"line":29,"column":61}},"9":{"start":{"line":31,"column":16},"end":{"line":31,"column":30}},"10":{"start":{"line":33,"column":12},"end":{"line":33,"column":24}},"11":{"start":{"line":35,"column":12},"end":{"line":35,"column":73}},"12":{"start":{"line":36,"column":12},"end":{"line":36,"column":24}},"13":{"start":{"line":45,"column":27},"end":{"line":45,"column":32}},"14":{"start":{"line":47,"column":8},"end":{"line":86,"column":9}},"15":{"start":{"line":51,"column":16},"end":{"line":53,"column":17}},"16":{"start":{"line":52,"column":20},"end":{"line":52,"column":86}},"17":{"start":{"line":56,"column":16},"end":{"line":58,"column":17}},"18":{"start":{"line":57,"column":20},"end":{"line":57,"column":98}},"19":{"start":{"line":61,"column":16},"end":{"line":63,"column":17}},"20":{"start":{"line":62,"column":20},"end":{"line":62,"column":97}},"21":{"start":{"line":66,"column":16},"end":{"line":68,"column":17}},"22":{"start":{"line":67,"column":20},"end":{"line":67,"column":77}},"23":{"start":{"line":70,"column":16},"end":{"line":70,"column":63}},"24":{"start":{"line":73,"column":16},"end":{"line":75,"column":17}},"25":{"start":{"line":74,"column":20},"end":{"line":74,"column":87}},"26":{"start":{"line":76,"column":16},"end":{"line":76,"column":63}},"27":{"start":{"line":79,"column":16},"end":{"line":79,"column":51}},"28":{"start":{"line":82,"column":16},"end":{"line":82,"column":70}},"29":{"start":{"line":85,"column":16},"end":{"line":85,"column":83}},"30":{"start":{"line":94,"column":27},"end":{"line":94,"column":32}},"31":{"start":{"line":96,"column":8},"end":{"line":134,"column":9}},"32":{"start":{"line":99,"column":16},"end":{"line":101,"column":17}},"33":{"start":{"line":100,"column":20},"end":{"line":100,"column":86}},"34":{"start":{"line":104,"column":16},"end":{"line":106,"column":17}},"35":{"start":{"line":105,"column":20},"end":{"line":105,"column":96}},"36":{"start":{"line":109,"column":16},"end":{"line":111,"column":17}},"37":{"start":{"line":110,"column":20},"end":{"line":110,"column":93}},"38":{"start":{"line":114,"column":16},"end":{"line":116,"column":17}},"39":{"start":{"line":115,"column":20},"end":{"line":115,"column":89}},"40":{"start":{"line":118,"column":16},"end":{"line":118,"column":63}},"41":{"start":{"line":121,"column":16},"end":{"line":123,"column":17}},"42":{"start":{"line":122,"column":20},"end":{"line":122,"column":99}},"43":{"start":{"line":124,"column":16},"end":{"line":124,"column":63}},"44":{"start":{"line":127,"column":16},"end":{"line":127,"column":51}},"45":{"start":{"line":130,"column":16},"end":{"line":130,"column":58}},"46":{"start":{"line":133,"column":16},"end":{"line":133,"column":83}},"47":{"start":{"line":143,"column":27},"end":{"line":143,"column":32}},"48":{"start":{"line":145,"column":8},"end":{"line":280,"column":9}},"49":{"start":{"line":147,"column":31},"end":{"line":147,"column":50}},"50":{"start":{"line":148,"column":16},"end":{"line":150,"column":17}},"51":{"start":{"line":149,"column":20},"end":{"line":149,"column":90}},"52":{"start":{"line":153,"column":16},"end":{"line":153,"column":107}},"53":{"start":{"line":154,"column":16},"end":{"line":154,"column":102}},"54":{"start":{"line":155,"column":16},"end":{"line":155,"column":52}},"55":{"start":{"line":156,"column":16},"end":{"line":156,"column":50}},"56":{"start":{"line":158,"column":28},"end":{"line":158,"column":53}},"57":{"start":{"line":159,"column":30},"end":{"line":159,"column":65}},"58":{"start":{"line":161,"column":16},"end":{"line":174,"column":17}},"59":{"start":{"line":163,"column":36},"end":{"line":163,"column":87}},"60":{"start":{"line":164,"column":20},"end":{"line":173,"column":21}},"61":{"start":{"line":166,"column":41},"end":{"line":166,"column":49}},"62":{"start":{"line":167,"column":24},"end":{"line":169,"column":26}},"63":{"start":{"line":171,"column":40},"end":{"line":171,"column":239}},"64":{"start":{"line":172,"column":24},"end":{"line":172,"column":85}},"65":{"start":{"line":175,"column":16},"end":{"line":175,"column":27}},"66":{"start":{"line":179,"column":31},"end":{"line":179,"column":50}},"67":{"start":{"line":180,"column":16},"end":{"line":182,"column":17}},"68":{"start":{"line":181,"column":20},"end":{"line":181,"column":87}},"69":{"start":{"line":185,"column":39},"end":{"line":185,"column":72}},"70":{"start":{"line":186,"column":36},"end":{"line":186,"column":106}},"71":{"start":{"line":186,"column":61},"end":{"line":186,"column":105}},"72":{"start":{"line":187,"column":39},"end":{"line":187,"column":84}},"73":{"start":{"line":189,"column":28},"end":{"line":189,"column":53}},"74":{"start":{"line":190,"column":30},"end":{"line":190,"column":65}},"75":{"start":{"line":192,"column":16},"end":{"line":212,"column":17}},"76":{"start":{"line":193,"column":40},"end":{"line":193,"column":57}},"77":{"start":{"line":194,"column":20},"end":{"line":211,"column":21}},"78":{"start":{"line":196,"column":40},"end":{"line":196,"column":91}},"79":{"start":{"line":197,"column":24},"end":{"line":210,"column":25}},"80":{"start":{"line":198,"column":45},"end":{"line":198,"column":53}},"81":{"start":{"line":199,"column":28},"end":{"line":201,"column":30}},"82":{"start":{"line":203,"column":42},"end":{"line":203,"column":108}},"83":{"start":{"line":204,"column":28},"end":{"line":208,"column":29}},"84":{"start":{"line":205,"column":32},"end":{"line":205,"column":163}},"85":{"start":{"line":206,"column":35},"end":{"line":208,"column":29}},"86":{"start":{"line":207,"column":32},"end":{"line":207,"column":133}},"87":{"start":{"line":209,"column":28},"end":{"line":209,"column":89}},"88":{"start":{"line":213,"column":16},"end":{"line":213,"column":27}},"89":{"start":{"line":217,"column":57},"end":{"line":217,"column":62}},"90":{"start":{"line":218,"column":39},"end":{"line":218,"column":72}},"91":{"start":{"line":219,"column":31},"end":{"line":219,"column":94}},"92":{"start":{"line":219,"column":56},"end":{"line":219,"column":93}},"93":{"start":{"line":221,"column":16},"end":{"line":223,"column":17}},"94":{"start":{"line":222,"column":20},"end":{"line":222,"column":90}},"95":{"start":{"line":225,"column":39},"end":{"line":225,"column":59}},"96":{"start":{"line":226,"column":16},"end":{"line":226,"column":51}},"97":{"start":{"line":229,"column":16},"end":{"line":232,"column":17}},"98":{"start":{"line":230,"column":20},"end":{"line":230,"column":75}},"99":{"start":{"line":231,"column":20},"end":{"line":231,"column":44}},"100":{"start":{"line":234,"column":28},"end":{"line":234,"column":53}},"101":{"start":{"line":235,"column":30},"end":{"line":235,"column":65}},"102":{"start":{"line":237,"column":16},"end":{"line":253,"column":17}},"103":{"start":{"line":238,"column":36},"end":{"line":238,"column":87}},"104":{"start":{"line":239,"column":20},"end":{"line":252,"column":21}},"105":{"start":{"line":240,"column":41},"end":{"line":240,"column":49}},"106":{"start":{"line":241,"column":24},"end":{"line":243,"column":26}},"107":{"start":{"line":245,"column":38},"end":{"line":245,"column":104}},"108":{"start":{"line":246,"column":24},"end":{"line":250,"column":25}},"109":{"start":{"line":247,"column":28},"end":{"line":247,"column":159}},"110":{"start":{"line":248,"column":31},"end":{"line":250,"column":25}},"111":{"start":{"line":249,"column":28},"end":{"line":249,"column":119}},"112":{"start":{"line":251,"column":24},"end":{"line":251,"column":85}},"113":{"start":{"line":254,"column":16},"end":{"line":254,"column":27}},"114":{"start":{"line":258,"column":16},"end":{"line":260,"column":17}},"115":{"start":{"line":259,"column":20},"end":{"line":259,"column":89}},"116":{"start":{"line":261,"column":16},"end":{"line":261,"column":78}},"117":{"start":{"line":264,"column":16},"end":{"line":264,"column":57}},"118":{"start":{"line":267,"column":31},"end":{"line":267,"column":119}},"119":{"start":{"line":267,"column":75},"end":{"line":267,"column":118}},"120":{"start":{"line":268,"column":16},"end":{"line":268,"column":65}},"121":{"start":{"line":273,"column":16},"end":{"line":275,"column":52}},"122":{"start":{"line":274,"column":33},"end":{"line":274,"column":72}},"123":{"start":{"line":275,"column":30},"end":{"line":275,"column":50}},"124":{"start":{"line":279,"column":16},"end":{"line":279,"column":84}},"125":{"start":{"line":290,"column":34},"end":{"line":290,"column":67}},"126":{"start":{"line":293,"column":29},"end":{"line":293,"column":63}},"127":{"start":{"line":296,"column":8},"end":{"line":299,"column":11}},"128":{"start":{"line":297,"column":26},"end":{"line":297,"column":49}},"129":{"start":{"line":298,"column":12},"end":{"line":298,"column":40}},"130":{"start":{"line":302,"column":31},"end":{"line":302,"column":63}},"131":{"start":{"line":303,"column":29},"end":{"line":303,"column":66}},"132":{"start":{"line":304,"column":33},"end":{"line":304,"column":87}},"133":{"start":{"line":307,"column":27},"end":{"line":307,"column":28}},"134":{"start":{"line":308,"column":26},"end":{"line":308,"column":27}},"135":{"start":{"line":309,"column":8},"end":{"line":312,"column":11}},"136":{"start":{"line":310,"column":12},"end":{"line":310,"column":60}},"137":{"start":{"line":311,"column":12},"end":{"line":311,"column":59}},"138":{"start":{"line":315,"column":29},"end":{"line":315,"column":78}},"139":{"start":{"line":315,"column":68},"end":{"line":315,"column":75}},"140":{"start":{"line":316,"column":31},"end":{"line":326,"column":10}},"141":{"start":{"line":317,"column":31},"end":{"line":317,"column":73}},"142":{"start":{"line":318,"column":12},"end":{"line":320,"column":15}},"143":{"start":{"line":318,"column":42},"end":{"line":318,"column":59}},"144":{"start":{"line":319,"column":16},"end":{"line":319,"column":57}},"145":{"start":{"line":321,"column":12},"end":{"line":325,"column":14}},"146":{"start":{"line":329,"column":24},"end":{"line":329,"column":88}},"147":{"start":{"line":330,"column":32},"end":{"line":340,"column":10}},"148":{"start":{"line":331,"column":32},"end":{"line":331,"column":76}},"149":{"start":{"line":332,"column":12},"end":{"line":334,"column":15}},"150":{"start":{"line":332,"column":42},"end":{"line":332,"column":68}},"151":{"start":{"line":333,"column":16},"end":{"line":333,"column":58}},"152":{"start":{"line":335,"column":12},"end":{"line":339,"column":14}},"153":{"start":{"line":344,"column":22},"end":{"line":344,"column":102}},"154":{"start":{"line":344,"column":61},"end":{"line":344,"column":92}},"155":{"start":{"line":345,"column":29},"end":{"line":355,"column":10}},"156":{"start":{"line":346,"column":29},"end":{"line":346,"column":67}},"157":{"start":{"line":347,"column":12},"end":{"line":349,"column":15}},"158":{"start":{"line":347,"column":42},"end":{"line":347,"column":73}},"159":{"start":{"line":348,"column":16},"end":{"line":348,"column":55}},"160":{"start":{"line":350,"column":12},"end":{"line":354,"column":14}},"161":{"start":{"line":357,"column":8},"end":{"line":369,"column":10}},"162":{"start":{"line":374,"column":0},"end":{"line":382,"column":9}},"163":{"start":{"line":376,"column":12},"end":{"line":380,"column":14}}},"fnMap":{"0":{"name":"(anonymous_0)","decl":{"start":{"line":7,"column":4},"end":{"line":7,"column":5}},"loc":{"start":{"line":7,"column":18},"end":{"line":10,"column":5}},"line":7},"1":{"name":"(anonymous_1)","decl":{"start":{"line":16,"column":4},"end":{"line":16,"column":5}},"loc":{"start":{"line":16,"column":36},"end":{"line":38,"column":5}},"line":16},"2":{"name":"(anonymous_2)","decl":{"start":{"line":44,"column":4},"end":{"line":44,"column":5}},"loc":{"start":{"line":44,"column":32},"end":{"line":87,"column":5}},"line":44},"3":{"name":"(anonymous_3)","decl":{"start":{"line":93,"column":4},"end":{"line":93,"column":5}},"loc":{"start":{"line":93,"column":32},"end":{"line":135,"column":5}},"line":93},"4":{"name":"(anonymous_4)","decl":{"start":{"line":142,"column":4},"end":{"line":142,"column":5}},"loc":{"start":{"line":142,"column":34},"end":{"line":281,"column":5}},"line":142},"5":{"name":"(anonymous_5)","decl":{"start":{"line":186,"column":56},"end":{"line":186,"column":57}},"loc":{"start":{"line":186,"column":61},"end":{"line":186,"column":105}},"line":186},"6":{"name":"(anonymous_6)","decl":{"start":{"line":219,"column":51},"end":{"line":219,"column":52}},"loc":{"start":{"line":219,"column":56},"end":{"line":219,"column":93}},"line":219},"7":{"name":"(anonymous_7)","decl":{"start":{"line":267,"column":70},"end":{"line":267,"column":71}},"loc":{"start":{"line":267,"column":75},"end":{"line":267,"column":118}},"line":267},"8":{"name":"(anonymous_8)","decl":{"start":{"line":274,"column":28},"end":{"line":274,"column":29}},"loc":{"start":{"line":274,"column":33},"end":{"line":274,"column":72}},"line":274},"9":{"name":"(anonymous_9)","decl":{"start":{"line":275,"column":25},"end":{"line":275,"column":26}},"loc":{"start":{"line":275,"column":30},"end":{"line":275,"column":50}},"line":275},"10":{"name":"(anonymous_10)","decl":{"start":{"line":289,"column":4},"end":{"line":289,"column":5}},"loc":{"start":{"line":289,"column":41},"end":{"line":371,"column":5}},"line":289},"11":{"name":"(anonymous_11)","decl":{"start":{"line":296,"column":34},"end":{"line":296,"column":35}},"loc":{"start":{"line":296,"column":42},"end":{"line":299,"column":9}},"line":296},"12":{"name":"(anonymous_12)","decl":{"start":{"line":309,"column":34},"end":{"line":309,"column":35}},"loc":{"start":{"line":309,"column":39},"end":{"line":312,"column":9}},"line":309},"13":{"name":"(anonymous_13)","decl":{"start":{"line":315,"column":63},"end":{"line":315,"column":64}},"loc":{"start":{"line":315,"column":68},"end":{"line":315,"column":75}},"line":315},"14":{"name":"(anonymous_14)","decl":{"start":{"line":316,"column":48},"end":{"line":316,"column":49}},"loc":{"start":{"line":316,"column":57},"end":{"line":326,"column":9}},"line":316},"15":{"name":"(anonymous_15)","decl":{"start":{"line":318,"column":37},"end":{"line":318,"column":38}},"loc":{"start":{"line":318,"column":42},"end":{"line":318,"column":59}},"line":318},"16":{"name":"(anonymous_16)","decl":{"start":{"line":318,"column":69},"end":{"line":318,"column":70}},"loc":{"start":{"line":318,"column":74},"end":{"line":320,"column":13}},"line":318},"17":{"name":"(anonymous_17)","decl":{"start":{"line":330,"column":44},"end":{"line":330,"column":45}},"loc":{"start":{"line":330,"column":54},"end":{"line":340,"column":9}},"line":330},"18":{"name":"(anonymous_18)","decl":{"start":{"line":332,"column":37},"end":{"line":332,"column":38}},"loc":{"start":{"line":332,"column":42},"end":{"line":332,"column":68}},"line":332},"19":{"name":"(anonymous_19)","decl":{"start":{"line":332,"column":78},"end":{"line":332,"column":79}},"loc":{"start":{"line":332,"column":83},"end":{"line":334,"column":13}},"line":332},"20":{"name":"(anonymous_20)","decl":{"start":{"line":344,"column":56},"end":{"line":344,"column":57}},"loc":{"start":{"line":344,"column":61},"end":{"line":344,"column":92}},"line":344},"21":{"name":"(anonymous_21)","decl":{"start":{"line":345,"column":39},"end":{"line":345,"column":40}},"loc":{"start":{"line":345,"column":46},"end":{"line":355,"column":9}},"line":345},"22":{"name":"(anonymous_22)","decl":{"start":{"line":347,"column":37},"end":{"line":347,"column":38}},"loc":{"start":{"line":347,"column":42},"end":{"line":347,"column":73}},"line":347},"23":{"name":"(anonymous_23)","decl":{"start":{"line":347,"column":83},"end":{"line":347,"column":84}},"loc":{"start":{"line":347,"column":88},"end":{"line":349,"column":13}},"line":347}},"branchMap":{"0":{"loc":{"start":{"line":19,"column":12},"end":{"line":32,"column":13}},"type":"if","locations":[{"start":{"line":19,"column":12},"end":{"line":32,"column":13}},{"start":{},"end":{}}],"line":19},"1":{"loc":{"start":{"line":28,"column":16},"end":{"line":30,"column":17}},"type":"if","locations":[{"start":{"line":28,"column":16},"end":{"line":30,"column":17}},{"start":{},"end":{}}],"line":28},"2":{"loc":{"start":{"line":47,"column":8},"end":{"line":86,"column":9}},"type":"switch","locations":[{"start":{"line":48,"column":12},"end":{"line":48,"column":25}},{"start":{"line":49,"column":12},"end":{"line":70,"column":63}},{"start":{"line":72,"column":12},"end":{"line":76,"column":63}},{"start":{"line":78,"column":12},"end":{"line":79,"column":51}},{"start":{"line":81,"column":12},"end":{"line":82,"column":70}},{"start":{"line":84,"column":12},"end":{"line":85,"column":83}}],"line":47},"3":{"loc":{"start":{"line":51,"column":16},"end":{"line":53,"column":17}},"type":"if","locations":[{"start":{"line":51,"column":16},"end":{"line":53,"column":17}},{"start":{},"end":{}}],"line":51},"4":{"loc":{"start":{"line":51,"column":20},"end":{"line":51,"column":91}},"type":"binary-expr","locations":[{"start":{"line":51,"column":20},"end":{"line":51,"column":41}},{"start":{"line":51,"column":45},"end":{"line":51,"column":66}},{"start":{"line":51,"column":70},"end":{"line":51,"column":91}}],"line":51},"5":{"loc":{"start":{"line":56,"column":16},"end":{"line":58,"column":17}},"type":"if","locations":[{"start":{"line":56,"column":16},"end":{"line":58,"column":17}},{"start":{},"end":{}}],"line":56},"6":{"loc":{"start":{"line":56,"column":20},"end":{"line":56,"column":86}},"type":"binary-expr","locations":[{"start":{"line":56,"column":20},"end":{"line":56,"column":38}},{"start":{"line":56,"column":42},"end":{"line":56,"column":86}}],"line":56},"7":{"loc":{"start":{"line":61,"column":16},"end":{"line":63,"column":17}},"type":"if","locations":[{"start":{"line":61,"column":16},"end":{"line":63,"column":17}},{"start":{},"end":{}}],"line":61},"8":{"loc":{"start":{"line":61,"column":20},"end":{"line":61,"column":93}},"type":"binary-expr","locations":[{"start":{"line":61,"column":20},"end":{"line":61,"column":38}},{"start":{"line":61,"column":42},"end":{"line":61,"column":93}}],"line":61},"9":{"loc":{"start":{"line":66,"column":16},"end":{"line":68,"column":17}},"type":"if","locations":[{"start":{"line":66,"column":16},"end":{"line":68,"column":17}},{"start":{},"end":{}}],"line":66},"10":{"loc":{"start":{"line":73,"column":16},"end":{"line":75,"column":17}},"type":"if","locations":[{"start":{"line":73,"column":16},"end":{"line":75,"column":17}},{"start":{},"end":{}}],"line":73},"11":{"loc":{"start":{"line":96,"column":8},"end":{"line":134,"column":9}},"type":"switch","locations":[{"start":{"line":97,"column":12},"end":{"line":97,"column":25}},{"start":{"line":98,"column":12},"end":{"line":118,"column":63}},{"start":{"line":120,"column":12},"end":{"line":124,"column":63}},{"start":{"line":126,"column":12},"end":{"line":127,"column":51}},{"start":{"line":129,"column":12},"end":{"line":130,"column":58}},{"start":{"line":132,"column":12},"end":{"line":133,"column":83}}],"line":96},"12":{"loc":{"start":{"line":99,"column":16},"end":{"line":101,"column":17}},"type":"if","locations":[{"start":{"line":99,"column":16},"end":{"line":101,"column":17}},{"start":{},"end":{}}],"line":99},"13":{"loc":{"start":{"line":99,"column":20},"end":{"line":99,"column":97}},"type":"binary-expr","locations":[{"start":{"line":99,"column":20},"end":{"line":99,"column":41}},{"start":{"line":99,"column":45},"end":{"line":99,"column":66}},{"start":{"line":99,"column":70},"end":{"line":99,"column":97}}],"line":99},"14":{"loc":{"start":{"line":104,"column":16},"end":{"line":106,"column":17}},"type":"if","locations":[{"start":{"line":104,"column":16},"end":{"line":106,"column":17}},{"start":{},"end":{}}],"line":104},"15":{"loc":{"start":{"line":104,"column":20},"end":{"line":104,"column":93}},"type":"binary-expr","locations":[{"start":{"line":104,"column":20},"end":{"line":104,"column":38}},{"start":{"line":104,"column":42},"end":{"line":104,"column":93}}],"line":104},"16":{"loc":{"start":{"line":109,"column":16},"end":{"line":111,"column":17}},"type":"if","locations":[{"start":{"line":109,"column":16},"end":{"line":111,"column":17}},{"start":{},"end":{}}],"line":109},"17":{"loc":{"start":{"line":114,"column":16},"end":{"line":116,"column":17}},"type":"if","locations":[{"start":{"line":114,"column":16},"end":{"line":116,"column":17}},{"start":{},"end":{}}],"line":114},"18":{"loc":{"start":{"line":121,"column":16},"end":{"line":123,"column":17}},"type":"if","locations":[{"start":{"line":121,"column":16},"end":{"line":123,"column":17}},{"start":{},"end":{}}],"line":121},"19":{"loc":{"start":{"line":145,"column":8},"end":{"line":280,"column":9}},"type":"switch","locations":[{"start":{"line":146,"column":12},"end":{"line":176,"column":13}},{"start":{"line":178,"column":12},"end":{"line":214,"column":13}},{"start":{"line":216,"column":12},"end":{"line":255,"column":13}},{"start":{"line":257,"column":12},"end":{"line":261,"column":78}},{"start":{"line":263,"column":12},"end":{"line":264,"column":57}},{"start":{"line":266,"column":12},"end":{"line":269,"column":13}},{"start":{"line":271,"column":12},"end":{"line":276,"column":13}},{"start":{"line":278,"column":12},"end":{"line":279,"column":84}}],"line":145},"20":{"loc":{"start":{"line":148,"column":16},"end":{"line":150,"column":17}},"type":"if","locations":[{"start":{"line":148,"column":16},"end":{"line":150,"column":17}},{"start":{},"end":{}}],"line":148},"21":{"loc":{"start":{"line":148,"column":20},"end":{"line":148,"column":86}},"type":"binary-expr","locations":[{"start":{"line":148,"column":20},"end":{"line":148,"column":34}},{"start":{"line":148,"column":38},"end":{"line":148,"column":59}},{"start":{"line":148,"column":63},"end":{"line":148,"column":86}}],"line":148},"22":{"loc":{"start":{"line":153,"column":41},"end":{"line":153,"column":106}},"type":"binary-expr","locations":[{"start":{"line":153,"column":41},"end":{"line":153,"column":63}},{"start":{"line":153,"column":67},"end":{"line":153,"column":106}}],"line":153},"23":{"loc":{"start":{"line":154,"column":39},"end":{"line":154,"column":101}},"type":"binary-expr","locations":[{"start":{"line":154,"column":39},"end":{"line":154,"column":59}},{"start":{"line":154,"column":63},"end":{"line":154,"column":101}}],"line":154},"24":{"loc":{"start":{"line":155,"column":32},"end":{"line":155,"column":51}},"type":"binary-expr","locations":[{"start":{"line":155,"column":32},"end":{"line":155,"column":45}},{"start":{"line":155,"column":49},"end":{"line":155,"column":51}}],"line":155},"25":{"loc":{"start":{"line":161,"column":16},"end":{"line":174,"column":17}},"type":"if","locations":[{"start":{"line":161,"column":16},"end":{"line":174,"column":17}},{"start":{},"end":{}}],"line":161},"26":{"loc":{"start":{"line":164,"column":20},"end":{"line":173,"column":21}},"type":"if","locations":[{"start":{"line":164,"column":20},"end":{"line":173,"column":21}},{"start":{},"end":{}}],"line":164},"27":{"loc":{"start":{"line":168,"column":28},"end":{"line":168,"column":99}},"type":"cond-expr","locations":[{"start":{"line":168,"column":52},"end":{"line":168,"column":73}},{"start":{"line":168,"column":76},"end":{"line":168,"column":99}}],"line":168},"28":{"loc":{"start":{"line":171,"column":184},"end":{"line":171,"column":236}},"type":"binary-expr","locations":[{"start":{"line":171,"column":184},"end":{"line":171,"column":215}},{"start":{"line":171,"column":219},"end":{"line":171,"column":236}}],"line":171},"29":{"loc":{"start":{"line":180,"column":16},"end":{"line":182,"column":17}},"type":"if","locations":[{"start":{"line":180,"column":16},"end":{"line":182,"column":17}},{"start":{},"end":{}}],"line":180},"30":{"loc":{"start":{"line":187,"column":39},"end":{"line":187,"column":84}},"type":"cond-expr","locations":[{"start":{"line":187,"column":53},"end":{"line":187,"column":79}},{"start":{"line":187,"column":82},"end":{"line":187,"column":84}}],"line":187},"31":{"loc":{"start":{"line":192,"column":16},"end":{"line":212,"column":17}},"type":"if","locations":[{"start":{"line":192,"column":16},"end":{"line":212,"column":17}},{"start":{},"end":{}}],"line":192},"32":{"loc":{"start":{"line":192,"column":20},"end":{"line":192,"column":40}},"type":"binary-expr","locations":[{"start":{"line":192,"column":20},"end":{"line":192,"column":25}},{"start":{"line":192,"column":29},"end":{"line":192,"column":40}}],"line":192},"33":{"loc":{"start":{"line":194,"column":20},"end":{"line":211,"column":21}},"type":"if","locations":[{"start":{"line":194,"column":20},"end":{"line":211,"column":21}},{"start":{},"end":{}}],"line":194},"34":{"loc":{"start":{"line":197,"column":24},"end":{"line":210,"column":25}},"type":"if","locations":[{"start":{"line":197,"column":24},"end":{"line":210,"column":25}},{"start":{},"end":{}}],"line":197},"35":{"loc":{"start":{"line":200,"column":32},"end":{"line":200,"column":103}},"type":"cond-expr","locations":[{"start":{"line":200,"column":56},"end":{"line":200,"column":77}},{"start":{"line":200,"column":80},"end":{"line":200,"column":103}}],"line":200},"36":{"loc":{"start":{"line":204,"column":28},"end":{"line":208,"column":29}},"type":"if","locations":[{"start":{"line":204,"column":28},"end":{"line":208,"column":29}},{"start":{"line":206,"column":35},"end":{"line":208,"column":29}}],"line":204},"37":{"loc":{"start":{"line":206,"column":35},"end":{"line":208,"column":29}},"type":"if","locations":[{"start":{"line":206,"column":35},"end":{"line":208,"column":29}},{"start":{},"end":{}}],"line":206},"38":{"loc":{"start":{"line":221,"column":16},"end":{"line":223,"column":17}},"type":"if","locations":[{"start":{"line":221,"column":16},"end":{"line":223,"column":17}},{"start":{},"end":{}}],"line":221},"39":{"loc":{"start":{"line":229,"column":16},"end":{"line":232,"column":17}},"type":"if","locations":[{"start":{"line":229,"column":16},"end":{"line":232,"column":17}},{"start":{},"end":{}}],"line":229},"40":{"loc":{"start":{"line":237,"column":16},"end":{"line":253,"column":17}},"type":"if","locations":[{"start":{"line":237,"column":16},"end":{"line":253,"column":17}},{"start":{},"end":{}}],"line":237},"41":{"loc":{"start":{"line":237,"column":20},"end":{"line":237,"column":59}},"type":"binary-expr","locations":[{"start":{"line":237,"column":20},"end":{"line":237,"column":25}},{"start":{"line":237,"column":29},"end":{"line":237,"column":59}}],"line":237},"42":{"loc":{"start":{"line":239,"column":20},"end":{"line":252,"column":21}},"type":"if","locations":[{"start":{"line":239,"column":20},"end":{"line":252,"column":21}},{"start":{},"end":{}}],"line":239},"43":{"loc":{"start":{"line":242,"column":28},"end":{"line":242,"column":99}},"type":"cond-expr","locations":[{"start":{"line":242,"column":52},"end":{"line":242,"column":73}},{"start":{"line":242,"column":76},"end":{"line":242,"column":99}}],"line":242},"44":{"loc":{"start":{"line":246,"column":24},"end":{"line":250,"column":25}},"type":"if","locations":[{"start":{"line":246,"column":24},"end":{"line":250,"column":25}},{"start":{"line":248,"column":31},"end":{"line":250,"column":25}}],"line":246},"45":{"loc":{"start":{"line":248,"column":31},"end":{"line":250,"column":25}},"type":"if","locations":[{"start":{"line":248,"column":31},"end":{"line":250,"column":25}},{"start":{},"end":{}}],"line":248},"46":{"loc":{"start":{"line":258,"column":16},"end":{"line":260,"column":17}},"type":"if","locations":[{"start":{"line":258,"column":16},"end":{"line":260,"column":17}},{"start":{},"end":{}}],"line":258},"47":{"loc":{"start":{"line":268,"column":23},"end":{"line":268,"column":64}},"type":"cond-expr","locations":[{"start":{"line":268,"column":32},"end":{"line":268,"column":57}},{"start":{"line":268,"column":60},"end":{"line":268,"column":64}}],"line":268},"48":{"loc":{"start":{"line":304,"column":33},"end":{"line":304,"column":87}},"type":"cond-expr","locations":[{"start":{"line":304,"column":53},"end":{"line":304,"column":82}},{"start":{"line":304,"column":86},"end":{"line":304,"column":87}}],"line":304},"49":{"loc":{"start":{"line":310,"column":39},"end":{"line":310,"column":58}},"type":"binary-expr","locations":[{"start":{"line":310,"column":39},"end":{"line":310,"column":53}},{"start":{"line":310,"column":57},"end":{"line":310,"column":58}}],"line":310},"50":{"loc":{"start":{"line":311,"column":38},"end":{"line":311,"column":57}},"type":"binary-expr","locations":[{"start":{"line":311,"column":38},"end":{"line":311,"column":52}},{"start":{"line":311,"column":56},"end":{"line":311,"column":57}}],"line":311},"51":{"loc":{"start":{"line":374,"column":0},"end":{"line":382,"column":9}},"type":"if","locations":[{"start":{"line":374,"column":0},"end":{"line":382,"column":9}},{"start":{},"end":{}}],"line":374}},"s":{"0":34,"1":34,"2":3,"3":3,"4":2,"5":1,"6":1,"7":1,"8":0,"9":1,"10":1,"11":1,"12":1,"13":11,"14":11,"15":6,"16":1,"17":5,"18":1,"19":4,"20":1,"21":3,"22":1,"23":2,"24":2,"25":1,"26":1,"27":1,"28":1,"29":1,"30":0,"31":0,"32":0,"33":0,"34":0,"35":0,"36":0,"37":0,"38":0,"39":0,"40":0,"41":0,"42":0,"43":0,"44":0,"45":0,"46":0,"47":12,"48":12,"49":3,"50":3,"51":1,"52":2,"53":2,"54":2,"55":2,"56":2,"57":2,"58":2,"59":2,"60":2,"61":2,"62":2,"63":2,"64":2,"65":2,"66":0,"67":0,"68":0,"69":0,"70":0,"71":0,"72":0,"73":0,"74":0,"75":0,"76":0,"77":0,"78":0,"79":0,"80":0,"81":0,"82":0,"83":0,"84":0,"85":0,"86":0,"87":0,"88":0,"89":0,"90":0,"91":0,"92":0,"93":0,"94":0,"95":0,"96":0,"97":0,"98":0,"99":0,"100":0,"101":0,"102":0,"103":0,"104":0,"105":0,"106":0,"107":0,"108":0,"109":0,"110":0,"111":0,"112":0,"113":0,"114":2,"115":1,"116":1,"117":2,"118":2,"119":3,"120":2,"121":2,"122":5,"123":2,"124":1,"125":8,"126":8,"127":0,"128":0,"129":0,"130":0,"131":0,"132":0,"133":0,"134":0,"135":0,"136":0,"137":0,"138":0,"139":0,"140":0,"141":0,"142":0,"143":0,"144":0,"145":0,"146":0,"147":0,"148":0,"149":0,"150":0,"151":0,"152":0,"153":0,"154":0,"155":0,"156":0,"157":0,"158":0,"159":0,"160":0,"161":0,"162":4,"163":4},"f":{"0":34,"1":3,"2":11,"3":0,"4":12,"5":0,"6":0,"7":3,"8":5,"9":2,"10":8,"11":0,"12":0,"13":0,"14":0,"15":0,"16":0,"17":0,"18":0,"19":0,"20":0,"21":0,"22":0,"23":0},"b":{"0":[1,1],"1":[0,1],"2":[5,6,2,1,1,1],"3":[1,5],"4":[6,5,5],"5":[1,4],"6":[5,4],"7":[1,3],"8":[4,3],"9":[1,2],"10":[1,1],"11":[0,0,0,0,0,0],"12":[0,0],"13":[0,0,0],"14":[0,0],"15":[0,0],"16":[0,0],"17":[0,0],"18":[0,0],"19":[3,0,0,2,2,2,2,1],"20":[1,2],"21":[3,2,2],"22":[2,1],"23":[2,1],"24":[2,0],"25":[2,0],"26":[2,0],"27":[2,0],"28":[2,2],"29":[0,0],"30":[0,0],"31":[0,0],"32":[0,0],"33":[0,0],"34":[0,0],"35":[0,0],"36":[0,0],"37":[0,0],"38":[0,0],"39":[0,0],"40":[0,0],"41":[0,0],"42":[0,0],"43":[0,0],"44":[0,0],"45":[0,0],"46":[1,1],"47":[2,0],"48":[0,0],"49":[0,0],"50":[0,0],"51":[4,0]},"_coverageSchema":"1a1c01bbd47fc00a2c39e90264f33305004495a9","hash":"a51f68ba88e82245ac4b489e62ef455dff2e4f7b"}
,"C:\\Users\\JoshPC\\Documents\\Universidad\\Analisis y Diseño\\Github\\YulianaValencia_30724_G4_ADSW\\3. CODIGO\\GCM\\patrones_diseno\\js\\data\\repositorio.js": {"path":"C:\\Users\\JoshPC\\Documents\\Universidad\\Analisis y Diseño\\Github\\YulianaValencia_30724_G4_ADSW\\3. CODIGO\\GCM\\patrones_diseno\\js\\data\\repositorio.js","statementMap":{"0":{"start":{"line":8,"column":8},"end":{"line":8,"column":28}},"1":{"start":{"line":15,"column":8},"end":{"line":17,"column":9}},"2":{"start":{"line":16,"column":12},"end":{"line":16,"column":61}},"3":{"start":{"line":18,"column":8},"end":{"line":20,"column":9}},"4":{"start":{"line":19,"column":12},"end":{"line":19,"column":80}},"5":{"start":{"line":27,"column":20},"end":{"line":27,"column":40}},"6":{"start":{"line":28,"column":20},"end":{"line":28,"column":58}},"7":{"start":{"line":29,"column":8},"end":{"line":29,"column":37}},"8":{"start":{"line":30,"column":8},"end":{"line":30,"column":65}},"9":{"start":{"line":33,"column":23},"end":{"line":33,"column":71}},"10":{"start":{"line":34,"column":8},"end":{"line":36,"column":9}},"11":{"start":{"line":35,"column":12},"end":{"line":35,"column":76}},"12":{"start":{"line":38,"column":8},"end":{"line":51,"column":9}},"13":{"start":{"line":39,"column":12},"end":{"line":39,"column":57}},"14":{"start":{"line":40,"column":12},"end":{"line":47,"column":13}},"15":{"start":{"line":41,"column":28},"end":{"line":41,"column":56}},"16":{"start":{"line":42,"column":16},"end":{"line":42,"column":48}},"17":{"start":{"line":44,"column":16},"end":{"line":44,"column":87}},"18":{"start":{"line":45,"column":31},"end":{"line":45,"column":67}},"19":{"start":{"line":46,"column":16},"end":{"line":46,"column":76}},"20":{"start":{"line":49,"column":12},"end":{"line":49,"column":69}},"21":{"start":{"line":50,"column":12},"end":{"line":50,"column":24}},"22":{"start":{"line":58,"column":8},"end":{"line":58,"column":77}},"23":{"start":{"line":65,"column":8},"end":{"line":65,"column":64}},"24":{"start":{"line":73,"column":8},"end":{"line":73,"column":57}},"25":{"start":{"line":77,"column":8},"end":{"line":77,"column":68}},"26":{"start":{"line":81,"column":8},"end":{"line":88,"column":9}},"27":{"start":{"line":82,"column":30},"end":{"line":82,"column":73}},"28":{"start":{"line":83,"column":12},"end":{"line":85,"column":13}},"29":{"start":{"line":84,"column":16},"end":{"line":84,"column":84}},"30":{"start":{"line":89,"column":8},"end":{"line":89,"column":61}},"31":{"start":{"line":93,"column":24},"end":{"line":93,"column":59}},"32":{"start":{"line":94,"column":8},"end":{"line":97,"column":9}},"33":{"start":{"line":95,"column":12},"end":{"line":95,"column":65}},"34":{"start":{"line":96,"column":12},"end":{"line":96,"column":24}},"35":{"start":{"line":98,"column":8},"end":{"line":98,"column":21}},"36":{"start":{"line":106,"column":8},"end":{"line":106,"column":57}},"37":{"start":{"line":110,"column":25},"end":{"line":110,"column":47}},"38":{"start":{"line":111,"column":26},"end":{"line":111,"column":73}},"39":{"start":{"line":111,"column":45},"end":{"line":111,"column":72}},"40":{"start":{"line":112,"column":8},"end":{"line":114,"column":9}},"41":{"start":{"line":113,"column":12},"end":{"line":113,"column":80}},"42":{"start":{"line":115,"column":8},"end":{"line":115,"column":61}},"43":{"start":{"line":119,"column":25},"end":{"line":119,"column":47}},"44":{"start":{"line":120,"column":24},"end":{"line":120,"column":63}},"45":{"start":{"line":120,"column":43},"end":{"line":120,"column":62}},"46":{"start":{"line":121,"column":8},"end":{"line":124,"column":9}},"47":{"start":{"line":122,"column":12},"end":{"line":122,"column":65}},"48":{"start":{"line":123,"column":12},"end":{"line":123,"column":24}},"49":{"start":{"line":125,"column":8},"end":{"line":125,"column":21}},"50":{"start":{"line":133,"column":23},"end":{"line":133,"column":71}},"51":{"start":{"line":134,"column":29},"end":{"line":134,"column":31}},"52":{"start":{"line":135,"column":8},"end":{"line":146,"column":9}},"53":{"start":{"line":136,"column":12},"end":{"line":143,"column":13}},"54":{"start":{"line":137,"column":32},"end":{"line":137,"column":74}},"55":{"start":{"line":138,"column":16},"end":{"line":140,"column":17}},"56":{"start":{"line":139,"column":20},"end":{"line":139,"column":107}},"57":{"start":{"line":142,"column":16},"end":{"line":142,"column":95}},"58":{"start":{"line":145,"column":12},"end":{"line":145,"column":77}},"59":{"start":{"line":147,"column":8},"end":{"line":147,"column":75}},"60":{"start":{"line":147,"column":39},"end":{"line":147,"column":73}},"61":{"start":{"line":151,"column":24},"end":{"line":151,"column":80}},"62":{"start":{"line":152,"column":8},"end":{"line":152,"column":105}},"63":{"start":{"line":152,"column":22},"end":{"line":152,"column":105}},"64":{"start":{"line":154,"column":25},"end":{"line":154,"column":47}},"65":{"start":{"line":155,"column":24},"end":{"line":155,"column":86}},"66":{"start":{"line":155,"column":43},"end":{"line":155,"column":85}},"67":{"start":{"line":156,"column":8},"end":{"line":156,"column":107}},"68":{"start":{"line":156,"column":22},"end":{"line":156,"column":107}},"69":{"start":{"line":158,"column":24},"end":{"line":166,"column":9}},"70":{"start":{"line":169,"column":24},"end":{"line":169,"column":28}},"71":{"start":{"line":170,"column":8},"end":{"line":175,"column":22}},"72":{"start":{"line":171,"column":30},"end":{"line":171,"column":90}},"73":{"start":{"line":172,"column":12},"end":{"line":174,"column":13}},"74":{"start":{"line":173,"column":16},"end":{"line":173,"column":83}},"75":{"start":{"line":177,"column":8},"end":{"line":181,"column":9}},"76":{"start":{"line":178,"column":12},"end":{"line":178,"column":79}},"77":{"start":{"line":180,"column":12},"end":{"line":180,"column":64}},"78":{"start":{"line":182,"column":8},"end":{"line":182,"column":20}},"79":{"start":{"line":186,"column":26},"end":{"line":186,"column":71}},"80":{"start":{"line":187,"column":8},"end":{"line":190,"column":9}},"81":{"start":{"line":188,"column":12},"end":{"line":188,"column":70}},"82":{"start":{"line":189,"column":12},"end":{"line":189,"column":24}},"83":{"start":{"line":191,"column":8},"end":{"line":191,"column":21}},"84":{"start":{"line":199,"column":21},"end":{"line":199,"column":34}},"85":{"start":{"line":200,"column":20},"end":{"line":200,"column":22}},"86":{"start":{"line":201,"column":21},"end":{"line":201,"column":23}},"87":{"start":{"line":202,"column":28},"end":{"line":202,"column":41}},"88":{"start":{"line":204,"column":8},"end":{"line":209,"column":9}},"89":{"start":{"line":205,"column":12},"end":{"line":205,"column":50}},"90":{"start":{"line":206,"column":26},"end":{"line":206,"column":79}},"91":{"start":{"line":207,"column":12},"end":{"line":207,"column":35}},"92":{"start":{"line":208,"column":12},"end":{"line":208,"column":52}},"93":{"start":{"line":211,"column":8},"end":{"line":213,"column":9}},"94":{"start":{"line":212,"column":12},"end":{"line":212,"column":62}},"95":{"start":{"line":215,"column":8},"end":{"line":246,"column":10}},"96":{"start":{"line":254,"column":8},"end":{"line":254,"column":62}},"97":{"start":{"line":258,"column":21},"end":{"line":258,"column":39}},"98":{"start":{"line":259,"column":25},"end":{"line":264,"column":9}},"99":{"start":{"line":265,"column":8},"end":{"line":265,"column":31}},"100":{"start":{"line":266,"column":8},"end":{"line":266,"column":73}},"101":{"start":{"line":267,"column":8},"end":{"line":267,"column":20}},"102":{"start":{"line":271,"column":8},"end":{"line":271,"column":84}},"103":{"start":{"line":275,"column":8},"end":{"line":275,"column":81}},"104":{"start":{"line":279,"column":31},"end":{"line":279,"column":59}},"105":{"start":{"line":280,"column":27},"end":{"line":285,"column":9}},"106":{"start":{"line":286,"column":8},"end":{"line":286,"column":43}},"107":{"start":{"line":287,"column":8},"end":{"line":287,"column":102}},"108":{"start":{"line":288,"column":8},"end":{"line":288,"column":20}},"109":{"start":{"line":296,"column":8},"end":{"line":301,"column":9}},"110":{"start":{"line":297,"column":22},"end":{"line":297,"column":57}},"111":{"start":{"line":298,"column":12},"end":{"line":298,"column":23}},"112":{"start":{"line":300,"column":12},"end":{"line":300,"column":25}},"113":{"start":{"line":305,"column":25},"end":{"line":305,"column":47}},"114":{"start":{"line":306,"column":8},"end":{"line":306,"column":83}},"115":{"start":{"line":306,"column":34},"end":{"line":306,"column":81}},"116":{"start":{"line":310,"column":25},"end":{"line":310,"column":47}},"117":{"start":{"line":311,"column":8},"end":{"line":311,"column":83}},"118":{"start":{"line":311,"column":34},"end":{"line":311,"column":81}},"119":{"start":{"line":315,"column":8},"end":{"line":315,"column":87}},"120":{"start":{"line":319,"column":8},"end":{"line":319,"column":38}},"121":{"start":{"line":323,"column":8},"end":{"line":328,"column":10}},"122":{"start":{"line":331,"column":0},"end":{"line":339,"column":1}},"123":{"start":{"line":333,"column":4},"end":{"line":337,"column":6}}},"fnMap":{"0":{"name":"(anonymous_0)","decl":{"start":{"line":7,"column":4},"end":{"line":7,"column":5}},"loc":{"start":{"line":7,"column":18},"end":{"line":9,"column":5}},"line":7},"1":{"name":"(anonymous_1)","decl":{"start":{"line":14,"column":4},"end":{"line":14,"column":5}},"loc":{"start":{"line":14,"column":19},"end":{"line":21,"column":5}},"line":14},"2":{"name":"(anonymous_2)","decl":{"start":{"line":26,"column":4},"end":{"line":26,"column":5}},"loc":{"start":{"line":26,"column":46},"end":{"line":52,"column":5}},"line":26},"3":{"name":"(anonymous_3)","decl":{"start":{"line":57,"column":4},"end":{"line":57,"column":5}},"loc":{"start":{"line":57,"column":36},"end":{"line":59,"column":5}},"line":57},"4":{"name":"(anonymous_4)","decl":{"start":{"line":64,"column":4},"end":{"line":64,"column":5}},"loc":{"start":{"line":64,"column":35},"end":{"line":66,"column":5}},"line":64},"5":{"name":"(anonymous_5)","decl":{"start":{"line":72,"column":4},"end":{"line":72,"column":5}},"loc":{"start":{"line":72,"column":22},"end":{"line":74,"column":5}},"line":72},"6":{"name":"(anonymous_6)","decl":{"start":{"line":76,"column":4},"end":{"line":76,"column":5}},"loc":{"start":{"line":76,"column":35},"end":{"line":78,"column":5}},"line":76},"7":{"name":"(anonymous_7)","decl":{"start":{"line":80,"column":4},"end":{"line":80,"column":5}},"loc":{"start":{"line":80,"column":28},"end":{"line":90,"column":5}},"line":80},"8":{"name":"(anonymous_8)","decl":{"start":{"line":92,"column":4},"end":{"line":92,"column":5}},"loc":{"start":{"line":92,"column":28},"end":{"line":99,"column":5}},"line":92},"9":{"name":"(anonymous_9)","decl":{"start":{"line":105,"column":4},"end":{"line":105,"column":5}},"loc":{"start":{"line":105,"column":22},"end":{"line":107,"column":5}},"line":105},"10":{"name":"(anonymous_10)","decl":{"start":{"line":109,"column":4},"end":{"line":109,"column":5}},"loc":{"start":{"line":109,"column":28},"end":{"line":116,"column":5}},"line":109},"11":{"name":"(anonymous_11)","decl":{"start":{"line":111,"column":40},"end":{"line":111,"column":41}},"loc":{"start":{"line":111,"column":45},"end":{"line":111,"column":72}},"line":111},"12":{"name":"(anonymous_12)","decl":{"start":{"line":118,"column":4},"end":{"line":118,"column":5}},"loc":{"start":{"line":118,"column":28},"end":{"line":126,"column":5}},"line":118},"13":{"name":"(anonymous_13)","decl":{"start":{"line":120,"column":38},"end":{"line":120,"column":39}},"loc":{"start":{"line":120,"column":43},"end":{"line":120,"column":62}},"line":120},"14":{"name":"(anonymous_14)","decl":{"start":{"line":132,"column":4},"end":{"line":132,"column":5}},"loc":{"start":{"line":132,"column":28},"end":{"line":148,"column":5}},"line":132},"15":{"name":"(anonymous_15)","decl":{"start":{"line":147,"column":34},"end":{"line":147,"column":35}},"loc":{"start":{"line":147,"column":39},"end":{"line":147,"column":73}},"line":147},"16":{"name":"(anonymous_16)","decl":{"start":{"line":150,"column":4},"end":{"line":150,"column":5}},"loc":{"start":{"line":150,"column":40},"end":{"line":183,"column":5}},"line":150},"17":{"name":"(anonymous_17)","decl":{"start":{"line":155,"column":38},"end":{"line":155,"column":39}},"loc":{"start":{"line":155,"column":43},"end":{"line":155,"column":85}},"line":155},"18":{"name":"(anonymous_18)","decl":{"start":{"line":185,"column":4},"end":{"line":185,"column":5}},"loc":{"start":{"line":185,"column":43},"end":{"line":192,"column":5}},"line":185},"19":{"name":"(anonymous_19)","decl":{"start":{"line":198,"column":4},"end":{"line":198,"column":5}},"loc":{"start":{"line":198,"column":34},"end":{"line":247,"column":5}},"line":198},"20":{"name":"(anonymous_20)","decl":{"start":{"line":253,"column":4},"end":{"line":253,"column":5}},"loc":{"start":{"line":253,"column":18},"end":{"line":255,"column":5}},"line":253},"21":{"name":"(anonymous_21)","decl":{"start":{"line":257,"column":4},"end":{"line":257,"column":5}},"loc":{"start":{"line":257,"column":44},"end":{"line":268,"column":5}},"line":257},"22":{"name":"(anonymous_22)","decl":{"start":{"line":270,"column":4},"end":{"line":270,"column":5}},"loc":{"start":{"line":270,"column":26},"end":{"line":272,"column":5}},"line":270},"23":{"name":"(anonymous_23)","decl":{"start":{"line":274,"column":4},"end":{"line":274,"column":5}},"loc":{"start":{"line":274,"column":28},"end":{"line":276,"column":5}},"line":274},"24":{"name":"(anonymous_24)","decl":{"start":{"line":278,"column":4},"end":{"line":278,"column":5}},"loc":{"start":{"line":278,"column":53},"end":{"line":289,"column":5}},"line":278},"25":{"name":"(anonymous_25)","decl":{"start":{"line":295,"column":4},"end":{"line":295,"column":5}},"loc":{"start":{"line":295,"column":25},"end":{"line":302,"column":5}},"line":295},"26":{"name":"(anonymous_26)","decl":{"start":{"line":304,"column":4},"end":{"line":304,"column":5}},"loc":{"start":{"line":304,"column":32},"end":{"line":307,"column":5}},"line":304},"27":{"name":"(anonymous_27)","decl":{"start":{"line":306,"column":29},"end":{"line":306,"column":30}},"loc":{"start":{"line":306,"column":34},"end":{"line":306,"column":81}},"line":306},"28":{"name":"(anonymous_28)","decl":{"start":{"line":309,"column":4},"end":{"line":309,"column":5}},"loc":{"start":{"line":309,"column":32},"end":{"line":312,"column":5}},"line":309},"29":{"name":"(anonymous_29)","decl":{"start":{"line":311,"column":29},"end":{"line":311,"column":30}},"loc":{"start":{"line":311,"column":34},"end":{"line":311,"column":81}},"line":311},"30":{"name":"(anonymous_30)","decl":{"start":{"line":314,"column":4},"end":{"line":314,"column":5}},"loc":{"start":{"line":314,"column":34},"end":{"line":316,"column":5}},"line":314},"31":{"name":"(anonymous_31)","decl":{"start":{"line":318,"column":4},"end":{"line":318,"column":5}},"loc":{"start":{"line":318,"column":29},"end":{"line":320,"column":5}},"line":318},"32":{"name":"(anonymous_32)","decl":{"start":{"line":322,"column":4},"end":{"line":322,"column":5}},"loc":{"start":{"line":322,"column":21},"end":{"line":329,"column":5}},"line":322}},"branchMap":{"0":{"loc":{"start":{"line":15,"column":8},"end":{"line":17,"column":9}},"type":"if","locations":[{"start":{"line":15,"column":8},"end":{"line":17,"column":9}},{"start":{},"end":{}}],"line":15},"1":{"loc":{"start":{"line":18,"column":8},"end":{"line":20,"column":9}},"type":"if","locations":[{"start":{"line":18,"column":8},"end":{"line":20,"column":9}},{"start":{},"end":{}}],"line":18},"2":{"loc":{"start":{"line":26,"column":33},"end":{"line":26,"column":44}},"type":"default-arg","locations":[{"start":{"line":26,"column":40},"end":{"line":26,"column":44}}],"line":26},"3":{"loc":{"start":{"line":34,"column":8},"end":{"line":36,"column":9}},"type":"if","locations":[{"start":{"line":34,"column":8},"end":{"line":36,"column":9}},{"start":{},"end":{}}],"line":34},"4":{"loc":{"start":{"line":34,"column":12},"end":{"line":34,"column":34}},"type":"binary-expr","locations":[{"start":{"line":34,"column":12},"end":{"line":34,"column":18}},{"start":{"line":34,"column":22},"end":{"line":34,"column":34}}],"line":34},"5":{"loc":{"start":{"line":39,"column":21},"end":{"line":39,"column":55}},"type":"cond-expr","locations":[{"start":{"line":39,"column":28},"end":{"line":39,"column":48}},{"start":{"line":39,"column":51},"end":{"line":39,"column":55}}],"line":39},"6":{"loc":{"start":{"line":40,"column":12},"end":{"line":47,"column":13}},"type":"if","locations":[{"start":{"line":40,"column":12},"end":{"line":47,"column":13}},{"start":{"line":43,"column":19},"end":{"line":47,"column":13}}],"line":40},"7":{"loc":{"start":{"line":40,"column":16},"end":{"line":40,"column":53}},"type":"binary-expr","locations":[{"start":{"line":40,"column":16},"end":{"line":40,"column":33}},{"start":{"line":40,"column":37},"end":{"line":40,"column":53}}],"line":40},"8":{"loc":{"start":{"line":42,"column":23},"end":{"line":42,"column":47}},"type":"cond-expr","locations":[{"start":{"line":42,"column":32},"end":{"line":42,"column":40}},{"start":{"line":42,"column":43},"end":{"line":42,"column":47}}],"line":42},"9":{"loc":{"start":{"line":45,"column":42},"end":{"line":45,"column":66}},"type":"binary-expr","locations":[{"start":{"line":45,"column":42},"end":{"line":45,"column":58}},{"start":{"line":45,"column":62},"end":{"line":45,"column":66}}],"line":45},"10":{"loc":{"start":{"line":46,"column":32},"end":{"line":46,"column":74}},"type":"binary-expr","locations":[{"start":{"line":46,"column":32},"end":{"line":46,"column":44}},{"start":{"line":46,"column":48},"end":{"line":46,"column":74}}],"line":46},"11":{"loc":{"start":{"line":73,"column":15},"end":{"line":73,"column":56}},"type":"binary-expr","locations":[{"start":{"line":73,"column":15},"end":{"line":73,"column":50}},{"start":{"line":73,"column":54},"end":{"line":73,"column":56}}],"line":73},"12":{"loc":{"start":{"line":83,"column":12},"end":{"line":85,"column":13}},"type":"if","locations":[{"start":{"line":83,"column":12},"end":{"line":85,"column":13}},{"start":{},"end":{}}],"line":83},"13":{"loc":{"start":{"line":94,"column":8},"end":{"line":97,"column":9}},"type":"if","locations":[{"start":{"line":94,"column":8},"end":{"line":97,"column":9}},{"start":{},"end":{}}],"line":94},"14":{"loc":{"start":{"line":106,"column":15},"end":{"line":106,"column":56}},"type":"binary-expr","locations":[{"start":{"line":106,"column":15},"end":{"line":106,"column":50}},{"start":{"line":106,"column":54},"end":{"line":106,"column":56}}],"line":106},"15":{"loc":{"start":{"line":112,"column":8},"end":{"line":114,"column":9}},"type":"if","locations":[{"start":{"line":112,"column":8},"end":{"line":114,"column":9}},{"start":{},"end":{}}],"line":112},"16":{"loc":{"start":{"line":121,"column":8},"end":{"line":124,"column":9}},"type":"if","locations":[{"start":{"line":121,"column":8},"end":{"line":124,"column":9}},{"start":{},"end":{}}],"line":121},"17":{"loc":{"start":{"line":135,"column":8},"end":{"line":146,"column":9}},"type":"if","locations":[{"start":{"line":135,"column":8},"end":{"line":146,"column":9}},{"start":{"line":144,"column":15},"end":{"line":146,"column":9}}],"line":135},"18":{"loc":{"start":{"line":135,"column":12},"end":{"line":135,"column":63}},"type":"binary-expr","locations":[{"start":{"line":135,"column":12},"end":{"line":135,"column":18}},{"start":{"line":135,"column":22},"end":{"line":135,"column":46}},{"start":{"line":135,"column":50},"end":{"line":135,"column":63}}],"line":135},"19":{"loc":{"start":{"line":138,"column":16},"end":{"line":140,"column":17}},"type":"if","locations":[{"start":{"line":138,"column":16},"end":{"line":140,"column":17}},{"start":{},"end":{}}],"line":138},"20":{"loc":{"start":{"line":139,"column":37},"end":{"line":139,"column":106}},"type":"binary-expr","locations":[{"start":{"line":139,"column":37},"end":{"line":139,"column":100}},{"start":{"line":139,"column":104},"end":{"line":139,"column":106}}],"line":139},"21":{"loc":{"start":{"line":145,"column":29},"end":{"line":145,"column":76}},"type":"binary-expr","locations":[{"start":{"line":145,"column":29},"end":{"line":145,"column":70}},{"start":{"line":145,"column":74},"end":{"line":145,"column":76}}],"line":145},"22":{"loc":{"start":{"line":152,"column":8},"end":{"line":152,"column":105}},"type":"if","locations":[{"start":{"line":152,"column":8},"end":{"line":152,"column":105}},{"start":{},"end":{}}],"line":152},"23":{"loc":{"start":{"line":156,"column":8},"end":{"line":156,"column":107}},"type":"if","locations":[{"start":{"line":156,"column":8},"end":{"line":156,"column":107}},{"start":{},"end":{}}],"line":156},"24":{"loc":{"start":{"line":159,"column":18},"end":{"line":159,"column":55}},"type":"binary-expr","locations":[{"start":{"line":159,"column":18},"end":{"line":159,"column":42}},{"start":{"line":159,"column":46},"end":{"line":159,"column":55}}],"line":159},"25":{"loc":{"start":{"line":160,"column":107},"end":{"line":160,"column":148}},"type":"binary-expr","locations":[{"start":{"line":160,"column":107},"end":{"line":160,"column":142}},{"start":{"line":160,"column":146},"end":{"line":160,"column":148}}],"line":160},"26":{"loc":{"start":{"line":161,"column":19},"end":{"line":161,"column":99}},"type":"cond-expr","locations":[{"start":{"line":161,"column":49},"end":{"line":161,"column":86}},{"start":{"line":161,"column":89},"end":{"line":161,"column":99}}],"line":161},"27":{"loc":{"start":{"line":162,"column":20},"end":{"line":162,"column":62}},"type":"binary-expr","locations":[{"start":{"line":162,"column":20},"end":{"line":162,"column":48}},{"start":{"line":162,"column":52},"end":{"line":162,"column":62}}],"line":162},"28":{"loc":{"start":{"line":163,"column":30},"end":{"line":163,"column":75}},"type":"binary-expr","locations":[{"start":{"line":163,"column":30},"end":{"line":163,"column":70}},{"start":{"line":163,"column":74},"end":{"line":163,"column":75}}],"line":163},"29":{"loc":{"start":{"line":172,"column":12},"end":{"line":174,"column":13}},"type":"if","locations":[{"start":{"line":172,"column":12},"end":{"line":174,"column":13}},{"start":{},"end":{}}],"line":172},"30":{"loc":{"start":{"line":177,"column":8},"end":{"line":181,"column":9}},"type":"if","locations":[{"start":{"line":177,"column":8},"end":{"line":181,"column":9}},{"start":{"line":179,"column":15},"end":{"line":181,"column":9}}],"line":177},"31":{"loc":{"start":{"line":187,"column":8},"end":{"line":190,"column":9}},"type":"if","locations":[{"start":{"line":187,"column":8},"end":{"line":190,"column":9}},{"start":{},"end":{}}],"line":187},"32":{"loc":{"start":{"line":204,"column":8},"end":{"line":209,"column":9}},"type":"if","locations":[{"start":{"line":204,"column":8},"end":{"line":209,"column":9}},{"start":{},"end":{}}],"line":204},"33":{"loc":{"start":{"line":204,"column":12},"end":{"line":204,"column":71}},"type":"binary-expr","locations":[{"start":{"line":204,"column":12},"end":{"line":204,"column":40}},{"start":{"line":204,"column":44},"end":{"line":204,"column":71}}],"line":204},"34":{"loc":{"start":{"line":207,"column":20},"end":{"line":207,"column":34}},"type":"binary-expr","locations":[{"start":{"line":207,"column":20},"end":{"line":207,"column":28}},{"start":{"line":207,"column":32},"end":{"line":207,"column":34}}],"line":207},"35":{"loc":{"start":{"line":208,"column":21},"end":{"line":208,"column":51}},"type":"binary-expr","locations":[{"start":{"line":208,"column":21},"end":{"line":208,"column":45}},{"start":{"line":208,"column":49},"end":{"line":208,"column":51}}],"line":208},"36":{"loc":{"start":{"line":211,"column":8},"end":{"line":213,"column":9}},"type":"if","locations":[{"start":{"line":211,"column":8},"end":{"line":213,"column":9}},{"start":{},"end":{}}],"line":211},"37":{"loc":{"start":{"line":217,"column":27},"end":{"line":217,"column":99}},"type":"cond-expr","locations":[{"start":{"line":217,"column":37},"end":{"line":217,"column":58}},{"start":{"line":217,"column":61},"end":{"line":217,"column":99}}],"line":217},"38":{"loc":{"start":{"line":241,"column":38},"end":{"line":241,"column":110}},"type":"cond-expr","locations":[{"start":{"line":241,"column":48},"end":{"line":241,"column":69}},{"start":{"line":241,"column":72},"end":{"line":241,"column":110}}],"line":241},"39":{"loc":{"start":{"line":244,"column":27},"end":{"line":244,"column":50}},"type":"binary-expr","locations":[{"start":{"line":244,"column":27},"end":{"line":244,"column":44}},{"start":{"line":244,"column":48},"end":{"line":244,"column":50}}],"line":244},"40":{"loc":{"start":{"line":245,"column":29},"end":{"line":245,"column":52}},"type":"binary-expr","locations":[{"start":{"line":245,"column":29},"end":{"line":245,"column":46}},{"start":{"line":245,"column":50},"end":{"line":245,"column":52}}],"line":245},"41":{"loc":{"start":{"line":254,"column":15},"end":{"line":254,"column":61}},"type":"binary-expr","locations":[{"start":{"line":254,"column":15},"end":{"line":254,"column":55}},{"start":{"line":254,"column":59},"end":{"line":254,"column":61}}],"line":254},"42":{"loc":{"start":{"line":261,"column":21},"end":{"line":261,"column":41}},"type":"binary-expr","locations":[{"start":{"line":261,"column":21},"end":{"line":261,"column":28}},{"start":{"line":261,"column":32},"end":{"line":261,"column":41}}],"line":261},"43":{"loc":{"start":{"line":275,"column":15},"end":{"line":275,"column":80}},"type":"binary-expr","locations":[{"start":{"line":275,"column":15},"end":{"line":275,"column":74}},{"start":{"line":275,"column":78},"end":{"line":275,"column":80}}],"line":275},"44":{"loc":{"start":{"line":331,"column":0},"end":{"line":339,"column":1}},"type":"if","locations":[{"start":{"line":331,"column":0},"end":{"line":339,"column":1}},{"start":{},"end":{}}],"line":331}},"s":{"0":0,"1":0,"2":0,"3":0,"4":0,"5":0,"6":0,"7":0,"8":0,"9":0,"10":0,"11":0,"12":0,"13":0,"14":0,"15":0,"16":0,"17":0,"18":0,"19":0,"20":0,"21":0,"22":0,"23":0,"24":0,"25":0,"26":0,"27":0,"28":0,"29":0,"30":0,"31":0,"32":0,"33":0,"34":0,"35":0,"36":0,"37":0,"38":0,"39":0,"40":0,"41":0,"42":0,"43":0,"44":0,"45":0,"46":0,"47":0,"48":0,"49":0,"50":0,"51":0,"52":0,"53":0,"54":0,"55":0,"56":0,"57":0,"58":0,"59":0,"60":0,"61":0,"62":0,"63":0,"64":0,"65":0,"66":0,"67":0,"68":0,"69":0,"70":0,"71":0,"72":0,"73":0,"74":0,"75":0,"76":0,"77":0,"78":0,"79":0,"80":0,"81":0,"82":0,"83":0,"84":0,"85":0,"86":0,"87":0,"88":0,"89":0,"90":0,"91":0,"92":0,"93":0,"94":0,"95":0,"96":0,"97":0,"98":0,"99":0,"100":0,"101":0,"102":0,"103":0,"104":0,"105":0,"106":0,"107":0,"108":0,"109":0,"110":0,"111":0,"112":0,"113":0,"114":0,"115":0,"116":0,"117":0,"118":0,"119":0,"120":0,"121":0,"122":0,"123":0},"f":{"0":0,"1":0,"2":0,"3":0,"4":0,"5":0,"6":0,"7":0,"8":0,"9":0,"10":0,"11":0,"12":0,"13":0,"14":0,"15":0,"16":0,"17":0,"18":0,"19":0,"20":0,"21":0,"22":0,"23":0,"24":0,"25":0,"26":0,"27":0,"28":0,"29":0,"30":0,"31":0,"32":0},"b":{"0":[0,0],"1":[0,0],"2":[0],"3":[0,0],"4":[0,0],"5":[0,0],"6":[0,0],"7":[0,0],"8":[0,0],"9":[0,0],"10":[0,0],"11":[0,0],"12":[0,0],"13":[0,0],"14":[0,0],"15":[0,0],"16":[0,0],"17":[0,0],"18":[0,0,0],"19":[0,0],"20":[0,0],"21":[0,0],"22":[0,0],"23":[0,0],"24":[0,0],"25":[0,0],"26":[0,0],"27":[0,0],"28":[0,0],"29":[0,0],"30":[0,0],"31":[0,0],"32":[0,0],"33":[0,0],"34":[0,0],"35":[0,0],"36":[0,0],"37":[0,0],"38":[0,0],"39":[0,0],"40":[0,0],"41":[0,0],"42":[0,0],"43":[0,0],"44":[0,0]}}
,"C:\\Users\\JoshPC\\Documents\\Universidad\\Analisis y Diseño\\Github\\YulianaValencia_30724_G4_ADSW\\3. CODIGO\\GCM\\patrones_diseno\\js\\patterns\\bridge.js": {"path":"C:\\Users\\JoshPC\\Documents\\Universidad\\Analisis y Diseño\\Github\\YulianaValencia_30724_G4_ADSW\\3. CODIGO\\GCM\\patrones_diseno\\js\\patterns\\bridge.js","statementMap":{"0":{"start":{"line":12,"column":8},"end":{"line":14,"column":9}},"1":{"start":{"line":13,"column":12},"end":{"line":13,"column":85}},"2":{"start":{"line":18,"column":8},"end":{"line":18,"column":75}},"3":{"start":{"line":27,"column":8},"end":{"line":27,"column":87}},"4":{"start":{"line":30,"column":21},"end":{"line":30,"column":47}},"5":{"start":{"line":31,"column":8},"end":{"line":31,"column":63}},"6":{"start":{"line":33,"column":8},"end":{"line":37,"column":10}},"7":{"start":{"line":48,"column":8},"end":{"line":99,"column":9}},"8":{"start":{"line":49,"column":12},"end":{"line":49,"column":45}},"9":{"start":{"line":50,"column":12},"end":{"line":50,"column":45}},"10":{"start":{"line":51,"column":12},"end":{"line":65,"column":14}},"11":{"start":{"line":67,"column":25},"end":{"line":67,"column":51}},"12":{"start":{"line":69,"column":12},"end":{"line":73,"column":14}},"13":{"start":{"line":75,"column":12},"end":{"line":83,"column":14}},"14":{"start":{"line":87,"column":12},"end":{"line":87,"column":33}},"15":{"start":{"line":89,"column":12},"end":{"line":97,"column":14}},"16":{"start":{"line":110,"column":8},"end":{"line":110,"column":62}},"17":{"start":{"line":118,"column":8},"end":{"line":122,"column":9}},"18":{"start":{"line":119,"column":12},"end":{"line":119,"column":39}},"19":{"start":{"line":121,"column":12},"end":{"line":121,"column":91}},"20":{"start":{"line":131,"column":8},"end":{"line":134,"column":9}},"21":{"start":{"line":132,"column":12},"end":{"line":132,"column":103}},"22":{"start":{"line":133,"column":12},"end":{"line":133,"column":25}},"23":{"start":{"line":137,"column":22},"end":{"line":137,"column":24}},"24":{"start":{"line":138,"column":8},"end":{"line":144,"column":9}},"25":{"start":{"line":139,"column":12},"end":{"line":139,"column":55}},"26":{"start":{"line":140,"column":15},"end":{"line":144,"column":9}},"27":{"start":{"line":141,"column":12},"end":{"line":141,"column":53}},"28":{"start":{"line":143,"column":12},"end":{"line":143,"column":74}},"29":{"start":{"line":147,"column":37},"end":{"line":147,"column":73}},"30":{"start":{"line":150,"column":8},"end":{"line":150,"column":75}},"31":{"start":{"line":153,"column":0},"end":{"line":167,"column":1}},"32":{"start":{"line":155,"column":4},"end":{"line":165,"column":6}}},"fnMap":{"0":{"name":"(anonymous_0)","decl":{"start":{"line":11,"column":4},"end":{"line":11,"column":5}},"loc":{"start":{"line":11,"column":18},"end":{"line":15,"column":5}},"line":11},"1":{"name":"(anonymous_1)","decl":{"start":{"line":17,"column":4},"end":{"line":17,"column":5}},"loc":{"start":{"line":17,"column":36},"end":{"line":19,"column":5}},"line":17},"2":{"name":"(anonymous_2)","decl":{"start":{"line":26,"column":4},"end":{"line":26,"column":5}},"loc":{"start":{"line":26,"column":36},"end":{"line":38,"column":5}},"line":26},"3":{"name":"(anonymous_3)","decl":{"start":{"line":46,"column":4},"end":{"line":46,"column":5}},"loc":{"start":{"line":46,"column":42},"end":{"line":101,"column":5}},"line":46},"4":{"name":"(anonymous_4)","decl":{"start":{"line":109,"column":4},"end":{"line":109,"column":5}},"loc":{"start":{"line":109,"column":34},"end":{"line":111,"column":5}},"line":109},"5":{"name":"(anonymous_5)","decl":{"start":{"line":117,"column":4},"end":{"line":117,"column":5}},"loc":{"start":{"line":117,"column":28},"end":{"line":123,"column":5}},"line":117},"6":{"name":"(anonymous_6)","decl":{"start":{"line":130,"column":4},"end":{"line":130,"column":5}},"loc":{"start":{"line":130,"column":39},"end":{"line":151,"column":5}},"line":130}},"branchMap":{"0":{"loc":{"start":{"line":12,"column":8},"end":{"line":14,"column":9}},"type":"if","locations":[{"start":{"line":12,"column":8},"end":{"line":14,"column":9}},{"start":{},"end":{}}],"line":12},"1":{"loc":{"start":{"line":109,"column":16},"end":{"line":109,"column":32}},"type":"default-arg","locations":[{"start":{"line":109,"column":28},"end":{"line":109,"column":32}}],"line":109},"2":{"loc":{"start":{"line":110,"column":25},"end":{"line":110,"column":61}},"type":"binary-expr","locations":[{"start":{"line":110,"column":25},"end":{"line":110,"column":34}},{"start":{"line":110,"column":38},"end":{"line":110,"column":61}}],"line":110},"3":{"loc":{"start":{"line":118,"column":8},"end":{"line":122,"column":9}},"type":"if","locations":[{"start":{"line":118,"column":8},"end":{"line":122,"column":9}},{"start":{"line":120,"column":15},"end":{"line":122,"column":9}}],"line":118},"4":{"loc":{"start":{"line":131,"column":8},"end":{"line":134,"column":9}},"type":"if","locations":[{"start":{"line":131,"column":8},"end":{"line":134,"column":9}},{"start":{},"end":{}}],"line":131},"5":{"loc":{"start":{"line":138,"column":8},"end":{"line":144,"column":9}},"type":"if","locations":[{"start":{"line":138,"column":8},"end":{"line":144,"column":9}},{"start":{"line":140,"column":15},"end":{"line":144,"column":9}}],"line":138},"6":{"loc":{"start":{"line":139,"column":22},"end":{"line":139,"column":54}},"type":"binary-expr","locations":[{"start":{"line":139,"column":22},"end":{"line":139,"column":38}},{"start":{"line":139,"column":42},"end":{"line":139,"column":54}}],"line":139},"7":{"loc":{"start":{"line":140,"column":15},"end":{"line":144,"column":9}},"type":"if","locations":[{"start":{"line":140,"column":15},"end":{"line":144,"column":9}},{"start":{"line":142,"column":15},"end":{"line":144,"column":9}}],"line":140},"8":{"loc":{"start":{"line":141,"column":22},"end":{"line":141,"column":52}},"type":"binary-expr","locations":[{"start":{"line":141,"column":22},"end":{"line":141,"column":36}},{"start":{"line":141,"column":40},"end":{"line":141,"column":52}}],"line":141},"9":{"loc":{"start":{"line":143,"column":22},"end":{"line":143,"column":73}},"type":"binary-expr","locations":[{"start":{"line":143,"column":22},"end":{"line":143,"column":36}},{"start":{"line":143,"column":40},"end":{"line":143,"column":56}},{"start":{"line":143,"column":60},"end":{"line":143,"column":73}}],"line":143},"10":{"loc":{"start":{"line":153,"column":0},"end":{"line":167,"column":1}},"type":"if","locations":[{"start":{"line":153,"column":0},"end":{"line":167,"column":1}},{"start":{},"end":{}}],"line":153}},"s":{"0":13,"1":0,"2":0,"3":4,"4":4,"5":4,"6":4,"7":4,"8":4,"9":4,"10":4,"11":4,"12":4,"13":4,"14":0,"15":0,"16":9,"17":2,"18":1,"19":1,"20":6,"21":1,"22":1,"23":5,"24":5,"25":3,"26":2,"27":2,"28":0,"29":5,"30":5,"31":1,"32":1},"f":{"0":13,"1":0,"2":4,"3":4,"4":9,"5":2,"6":6},"b":{"0":[0,13],"1":[4],"2":[9,4],"3":[1,1],"4":[1,5],"5":[3,2],"6":[3,0],"7":[2,0],"8":[2,0],"9":[0,0,0],"10":[1,0]},"_coverageSchema":"1a1c01bbd47fc00a2c39e90264f33305004495a9","hash":"09fb2d73825bc4718632fd7c98b1ea2d29ff963b"}
,"C:\\Users\\JoshPC\\Documents\\Universidad\\Analisis y Diseño\\Github\\YulianaValencia_30724_G4_ADSW\\3. CODIGO\\GCM\\patrones_diseno\\js\\patterns\\composite.js": {"path":"C:\\Users\\JoshPC\\Documents\\Universidad\\Analisis y Diseño\\Github\\YulianaValencia_30724_G4_ADSW\\3. CODIGO\\GCM\\patrones_diseno\\js\\patterns\\composite.js","statementMap":{"0":{"start":{"line":15,"column":8},"end":{"line":17,"column":9}},"1":{"start":{"line":16,"column":12},"end":{"line":16,"column":85}},"2":{"start":{"line":21,"column":8},"end":{"line":21,"column":79}},"3":{"start":{"line":25,"column":8},"end":{"line":25,"column":84}},"4":{"start":{"line":35,"column":8},"end":{"line":35,"column":16}},"5":{"start":{"line":36,"column":8},"end":{"line":36,"column":53}},"6":{"start":{"line":37,"column":8},"end":{"line":37,"column":91}},"7":{"start":{"line":40,"column":8},"end":{"line":40,"column":35}},"8":{"start":{"line":41,"column":8},"end":{"line":41,"column":35}},"9":{"start":{"line":42,"column":8},"end":{"line":42,"column":33}},"10":{"start":{"line":43,"column":8},"end":{"line":43,"column":39}},"11":{"start":{"line":44,"column":8},"end":{"line":44,"column":53}},"12":{"start":{"line":45,"column":8},"end":{"line":45,"column":49}},"13":{"start":{"line":46,"column":8},"end":{"line":46,"column":43}},"14":{"start":{"line":49,"column":8},"end":{"line":49,"column":49}},"15":{"start":{"line":50,"column":8},"end":{"line":50,"column":53}},"16":{"start":{"line":53,"column":8},"end":{"line":63,"column":10}},"17":{"start":{"line":66,"column":8},"end":{"line":73,"column":10}},"18":{"start":{"line":76,"column":8},"end":{"line":76,"column":79}},"19":{"start":{"line":83,"column":8},"end":{"line":83,"column":46}},"20":{"start":{"line":90,"column":8},"end":{"line":90,"column":17}},"21":{"start":{"line":100,"column":8},"end":{"line":100,"column":16}},"22":{"start":{"line":101,"column":8},"end":{"line":101,"column":33}},"23":{"start":{"line":102,"column":8},"end":{"line":102,"column":53}},"24":{"start":{"line":109,"column":8},"end":{"line":113,"column":9}},"25":{"start":{"line":110,"column":12},"end":{"line":110,"column":49}},"26":{"start":{"line":112,"column":12},"end":{"line":112,"column":101}},"27":{"start":{"line":120,"column":22},"end":{"line":120,"column":61}},"28":{"start":{"line":121,"column":8},"end":{"line":123,"column":9}},"29":{"start":{"line":122,"column":12},"end":{"line":122,"column":49}},"30":{"start":{"line":130,"column":8},"end":{"line":132,"column":14}},"31":{"start":{"line":131,"column":12},"end":{"line":131,"column":58}},"32":{"start":{"line":139,"column":8},"end":{"line":141,"column":14}},"33":{"start":{"line":140,"column":12},"end":{"line":140,"column":66}},"34":{"start":{"line":146,"column":0},"end":{"line":158,"column":1}},"35":{"start":{"line":148,"column":4},"end":{"line":156,"column":6}}},"fnMap":{"0":{"name":"(anonymous_0)","decl":{"start":{"line":14,"column":4},"end":{"line":14,"column":5}},"loc":{"start":{"line":14,"column":18},"end":{"line":18,"column":5}},"line":14},"1":{"name":"(anonymous_1)","decl":{"start":{"line":20,"column":4},"end":{"line":20,"column":5}},"loc":{"start":{"line":20,"column":24},"end":{"line":22,"column":5}},"line":20},"2":{"name":"(anonymous_2)","decl":{"start":{"line":24,"column":4},"end":{"line":24,"column":5}},"loc":{"start":{"line":24,"column":29},"end":{"line":26,"column":5}},"line":24},"3":{"name":"(anonymous_3)","decl":{"start":{"line":34,"column":4},"end":{"line":34,"column":5}},"loc":{"start":{"line":34,"column":23},"end":{"line":77,"column":5}},"line":34},"4":{"name":"(anonymous_4)","decl":{"start":{"line":82,"column":4},"end":{"line":82,"column":5}},"loc":{"start":{"line":82,"column":24},"end":{"line":84,"column":5}},"line":82},"5":{"name":"(anonymous_5)","decl":{"start":{"line":89,"column":4},"end":{"line":89,"column":5}},"loc":{"start":{"line":89,"column":29},"end":{"line":91,"column":5}},"line":89},"6":{"name":"(anonymous_6)","decl":{"start":{"line":99,"column":4},"end":{"line":99,"column":5}},"loc":{"start":{"line":99,"column":48},"end":{"line":103,"column":5}},"line":99},"7":{"name":"(anonymous_7)","decl":{"start":{"line":108,"column":4},"end":{"line":108,"column":5}},"loc":{"start":{"line":108,"column":24},"end":{"line":114,"column":5}},"line":108},"8":{"name":"(anonymous_8)","decl":{"start":{"line":119,"column":4},"end":{"line":119,"column":5}},"loc":{"start":{"line":119,"column":24},"end":{"line":124,"column":5}},"line":119},"9":{"name":"(anonymous_9)","decl":{"start":{"line":129,"column":4},"end":{"line":129,"column":5}},"loc":{"start":{"line":129,"column":24},"end":{"line":133,"column":5}},"line":129},"10":{"name":"(anonymous_10)","decl":{"start":{"line":130,"column":42},"end":{"line":130,"column":43}},"loc":{"start":{"line":130,"column":65},"end":{"line":132,"column":9}},"line":130},"11":{"name":"(anonymous_11)","decl":{"start":{"line":138,"column":4},"end":{"line":138,"column":5}},"loc":{"start":{"line":138,"column":29},"end":{"line":142,"column":5}},"line":138},"12":{"name":"(anonymous_12)","decl":{"start":{"line":139,"column":42},"end":{"line":139,"column":43}},"loc":{"start":{"line":139,"column":68},"end":{"line":141,"column":9}},"line":139}},"branchMap":{"0":{"loc":{"start":{"line":15,"column":8},"end":{"line":17,"column":9}},"type":"if","locations":[{"start":{"line":15,"column":8},"end":{"line":17,"column":9}},{"start":{},"end":{}}],"line":15},"1":{"loc":{"start":{"line":37,"column":29},"end":{"line":37,"column":90}},"type":"binary-expr","locations":[{"start":{"line":37,"column":29},"end":{"line":37,"column":48}},{"start":{"line":37,"column":52},"end":{"line":37,"column":90}}],"line":37},"2":{"loc":{"start":{"line":45,"column":26},"end":{"line":45,"column":48}},"type":"binary-expr","locations":[{"start":{"line":45,"column":26},"end":{"line":45,"column":42}},{"start":{"line":45,"column":46},"end":{"line":45,"column":48}}],"line":45},"3":{"loc":{"start":{"line":54,"column":22},"end":{"line":54,"column":52}},"type":"binary-expr","locations":[{"start":{"line":54,"column":22},"end":{"line":54,"column":43}},{"start":{"line":54,"column":47},"end":{"line":54,"column":52}}],"line":54},"4":{"loc":{"start":{"line":55,"column":21},"end":{"line":55,"column":50}},"type":"binary-expr","locations":[{"start":{"line":55,"column":21},"end":{"line":55,"column":41}},{"start":{"line":55,"column":45},"end":{"line":55,"column":50}}],"line":55},"5":{"loc":{"start":{"line":56,"column":20},"end":{"line":56,"column":48}},"type":"binary-expr","locations":[{"start":{"line":56,"column":20},"end":{"line":56,"column":39}},{"start":{"line":56,"column":43},"end":{"line":56,"column":48}}],"line":56},"6":{"loc":{"start":{"line":57,"column":22},"end":{"line":57,"column":52}},"type":"binary-expr","locations":[{"start":{"line":57,"column":22},"end":{"line":57,"column":43}},{"start":{"line":57,"column":47},"end":{"line":57,"column":52}}],"line":57},"7":{"loc":{"start":{"line":58,"column":21},"end":{"line":58,"column":50}},"type":"binary-expr","locations":[{"start":{"line":58,"column":21},"end":{"line":58,"column":41}},{"start":{"line":58,"column":45},"end":{"line":58,"column":50}}],"line":58},"8":{"loc":{"start":{"line":59,"column":18},"end":{"line":59,"column":44}},"type":"binary-expr","locations":[{"start":{"line":59,"column":18},"end":{"line":59,"column":35}},{"start":{"line":59,"column":39},"end":{"line":59,"column":44}}],"line":59},"9":{"loc":{"start":{"line":60,"column":19},"end":{"line":60,"column":46}},"type":"binary-expr","locations":[{"start":{"line":60,"column":19},"end":{"line":60,"column":37}},{"start":{"line":60,"column":41},"end":{"line":60,"column":46}}],"line":60},"10":{"loc":{"start":{"line":61,"column":20},"end":{"line":61,"column":48}},"type":"binary-expr","locations":[{"start":{"line":61,"column":20},"end":{"line":61,"column":39}},{"start":{"line":61,"column":43},"end":{"line":61,"column":48}}],"line":61},"11":{"loc":{"start":{"line":62,"column":19},"end":{"line":62,"column":46}},"type":"binary-expr","locations":[{"start":{"line":62,"column":19},"end":{"line":62,"column":37}},{"start":{"line":62,"column":41},"end":{"line":62,"column":46}}],"line":62},"12":{"loc":{"start":{"line":67,"column":27},"end":{"line":67,"column":60}},"type":"binary-expr","locations":[{"start":{"line":67,"column":27},"end":{"line":67,"column":54}},{"start":{"line":67,"column":58},"end":{"line":67,"column":60}}],"line":67},"13":{"loc":{"start":{"line":68,"column":43},"end":{"line":68,"column":80}},"type":"binary-expr","locations":[{"start":{"line":68,"column":43},"end":{"line":68,"column":75}},{"start":{"line":68,"column":79},"end":{"line":68,"column":80}}],"line":68},"14":{"loc":{"start":{"line":69,"column":30},"end":{"line":69,"column":54}},"type":"binary-expr","locations":[{"start":{"line":69,"column":30},"end":{"line":69,"column":49}},{"start":{"line":69,"column":53},"end":{"line":69,"column":54}}],"line":69},"15":{"loc":{"start":{"line":70,"column":30},"end":{"line":70,"column":54}},"type":"binary-expr","locations":[{"start":{"line":70,"column":30},"end":{"line":70,"column":49}},{"start":{"line":70,"column":53},"end":{"line":70,"column":54}}],"line":70},"16":{"loc":{"start":{"line":71,"column":34},"end":{"line":71,"column":74}},"type":"binary-expr","locations":[{"start":{"line":71,"column":34},"end":{"line":71,"column":68}},{"start":{"line":71,"column":72},"end":{"line":71,"column":74}}],"line":71},"17":{"loc":{"start":{"line":72,"column":20},"end":{"line":72,"column":54}},"type":"binary-expr","locations":[{"start":{"line":72,"column":20},"end":{"line":72,"column":40}},{"start":{"line":72,"column":44},"end":{"line":72,"column":54}}],"line":72},"18":{"loc":{"start":{"line":99,"column":16},"end":{"line":99,"column":46}},"type":"default-arg","locations":[{"start":{"line":99,"column":37},"end":{"line":99,"column":46}}],"line":99},"19":{"loc":{"start":{"line":109,"column":8},"end":{"line":113,"column":9}},"type":"if","locations":[{"start":{"line":109,"column":8},"end":{"line":113,"column":9}},{"start":{"line":111,"column":15},"end":{"line":113,"column":9}}],"line":109},"20":{"loc":{"start":{"line":121,"column":8},"end":{"line":123,"column":9}},"type":"if","locations":[{"start":{"line":121,"column":8},"end":{"line":123,"column":9}},{"start":{},"end":{}}],"line":121},"21":{"loc":{"start":{"line":146,"column":0},"end":{"line":158,"column":1}},"type":"if","locations":[{"start":{"line":146,"column":0},"end":{"line":158,"column":1}},{"start":{},"end":{}}],"line":146}},"s":{"0":38,"1":0,"2":0,"3":0,"4":30,"5":30,"6":30,"7":30,"8":30,"9":30,"10":30,"11":30,"12":30,"13":30,"14":30,"15":30,"16":30,"17":30,"18":30,"19":7,"20":8,"21":8,"22":8,"23":8,"24":13,"25":12,"26":1,"27":1,"28":1,"29":1,"30":4,"31":7,"32":5,"33":8,"34":1,"35":1},"f":{"0":38,"1":0,"2":0,"3":30,"4":7,"5":8,"6":8,"7":13,"8":1,"9":4,"10":7,"11":5,"12":8},"b":{"0":[0,38],"1":[30,30],"2":[30,30],"3":[30,30],"4":[30,30],"5":[30,30],"6":[30,30],"7":[30,30],"8":[30,30],"9":[30,30],"10":[30,30],"11":[30,30],"12":[30,30],"13":[30,0],"14":[30,0],"15":[30,30],"16":[30,30],"17":[30,30],"18":[8],"19":[12,1],"20":[1,0],"21":[1,0]},"_coverageSchema":"1a1c01bbd47fc00a2c39e90264f33305004495a9","hash":"4231a952f71fcaea34277ffa66664aea96de432b"}
,"C:\\Users\\JoshPC\\Documents\\Universidad\\Analisis y Diseño\\Github\\YulianaValencia_30724_G4_ADSW\\3. CODIGO\\GCM\\patrones_diseno\\js\\patterns\\proxy.js": {"path":"C:\\Users\\JoshPC\\Documents\\Universidad\\Analisis y Diseño\\Github\\YulianaValencia_30724_G4_ADSW\\3. CODIGO\\GCM\\patrones_diseno\\js\\patterns\\proxy.js","statementMap":{"0":{"start":{"line":14,"column":8},"end":{"line":16,"column":9}},"1":{"start":{"line":15,"column":12},"end":{"line":15,"column":85}},"2":{"start":{"line":19,"column":38},"end":{"line":19,"column":81}},"3":{"start":{"line":20,"column":34},"end":{"line":20,"column":77}},"4":{"start":{"line":21,"column":34},"end":{"line":21,"column":77}},"5":{"start":{"line":22,"column":36},"end":{"line":22,"column":79}},"6":{"start":{"line":23,"column":43},"end":{"line":23,"column":86}},"7":{"start":{"line":32,"column":8},"end":{"line":32,"column":16}},"8":{"start":{"line":33,"column":8},"end":{"line":33,"column":53}},"9":{"start":{"line":35,"column":8},"end":{"line":35,"column":85}},"10":{"start":{"line":36,"column":8},"end":{"line":36,"column":47}},"11":{"start":{"line":46,"column":8},"end":{"line":46,"column":47}},"12":{"start":{"line":46,"column":35},"end":{"line":46,"column":47}},"13":{"start":{"line":49,"column":8},"end":{"line":52,"column":9}},"14":{"start":{"line":50,"column":12},"end":{"line":50,"column":126}},"15":{"start":{"line":51,"column":12},"end":{"line":51,"column":77}},"16":{"start":{"line":54,"column":20},"end":{"line":54,"column":41}},"17":{"start":{"line":57,"column":8},"end":{"line":59,"column":9}},"18":{"start":{"line":58,"column":12},"end":{"line":58,"column":24}},"19":{"start":{"line":62,"column":8},"end":{"line":73,"column":9}},"20":{"start":{"line":63,"column":42},"end":{"line":68,"column":13}},"21":{"start":{"line":70,"column":12},"end":{"line":72,"column":13}},"22":{"start":{"line":71,"column":16},"end":{"line":71,"column":28}},"23":{"start":{"line":76,"column":8},"end":{"line":91,"column":9}},"24":{"start":{"line":78,"column":12},"end":{"line":90,"column":13}},"25":{"start":{"line":79,"column":39},"end":{"line":79,"column":71}},"26":{"start":{"line":80,"column":16},"end":{"line":89,"column":17}},"27":{"start":{"line":81,"column":20},"end":{"line":81,"column":32}},"28":{"start":{"line":83,"column":20},"end":{"line":87,"column":22}},"29":{"start":{"line":88,"column":20},"end":{"line":88,"column":98}},"30":{"start":{"line":94,"column":8},"end":{"line":98,"column":10}},"31":{"start":{"line":99,"column":8},"end":{"line":99,"column":105}},"32":{"start":{"line":108,"column":8},"end":{"line":122,"column":9}},"33":{"start":{"line":109,"column":28},"end":{"line":109,"column":80}},"34":{"start":{"line":110,"column":12},"end":{"line":118,"column":13}},"35":{"start":{"line":111,"column":16},"end":{"line":111,"column":44}},"36":{"start":{"line":112,"column":16},"end":{"line":112,"column":78}},"37":{"start":{"line":113,"column":16},"end":{"line":113,"column":127}},"38":{"start":{"line":114,"column":16},"end":{"line":114,"column":31}},"39":{"start":{"line":116,"column":16},"end":{"line":116,"column":106}},"40":{"start":{"line":117,"column":16},"end":{"line":117,"column":28}},"41":{"start":{"line":120,"column":12},"end":{"line":120,"column":96}},"42":{"start":{"line":121,"column":12},"end":{"line":121,"column":20}},"43":{"start":{"line":129,"column":8},"end":{"line":134,"column":9}},"44":{"start":{"line":130,"column":28},"end":{"line":130,"column":53}},"45":{"start":{"line":131,"column":12},"end":{"line":131,"column":37}},"46":{"start":{"line":132,"column":12},"end":{"line":132,"column":52}},"47":{"start":{"line":133,"column":12},"end":{"line":133,"column":84}},"48":{"start":{"line":135,"column":8},"end":{"line":135,"column":20}},"49":{"start":{"line":139,"column":27},"end":{"line":139,"column":32}},"50":{"start":{"line":140,"column":33},"end":{"line":140,"column":35}},"51":{"start":{"line":142,"column":8},"end":{"line":146,"column":9}},"52":{"start":{"line":143,"column":12},"end":{"line":143,"column":53}},"53":{"start":{"line":145,"column":12},"end":{"line":145,"column":58}},"54":{"start":{"line":149,"column":8},"end":{"line":149,"column":51}},"55":{"start":{"line":152,"column":26},"end":{"line":152,"column":74}},"56":{"start":{"line":155,"column":8},"end":{"line":159,"column":10}},"57":{"start":{"line":161,"column":8},"end":{"line":161,"column":25}},"58":{"start":{"line":165,"column":27},"end":{"line":165,"column":32}},"59":{"start":{"line":168,"column":8},"end":{"line":168,"column":55}},"60":{"start":{"line":170,"column":26},"end":{"line":170,"column":74}},"61":{"start":{"line":172,"column":8},"end":{"line":176,"column":10}},"62":{"start":{"line":178,"column":8},"end":{"line":178,"column":25}},"63":{"start":{"line":182,"column":27},"end":{"line":182,"column":32}},"64":{"start":{"line":183,"column":33},"end":{"line":183,"column":35}},"65":{"start":{"line":185,"column":8},"end":{"line":193,"column":9}},"66":{"start":{"line":186,"column":12},"end":{"line":186,"column":54}},"67":{"start":{"line":187,"column":15},"end":{"line":193,"column":9}},"68":{"start":{"line":188,"column":12},"end":{"line":188,"column":62}},"69":{"start":{"line":189,"column":15},"end":{"line":193,"column":9}},"70":{"start":{"line":190,"column":12},"end":{"line":190,"column":58}},"71":{"start":{"line":192,"column":12},"end":{"line":192,"column":59}},"72":{"start":{"line":196,"column":25},"end":{"line":196,"column":27}},"73":{"start":{"line":197,"column":8},"end":{"line":199,"column":9}},"74":{"start":{"line":198,"column":12},"end":{"line":198,"column":57}},"75":{"start":{"line":200,"column":8},"end":{"line":200,"column":61}},"76":{"start":{"line":203,"column":26},"end":{"line":203,"column":76}},"77":{"start":{"line":205,"column":8},"end":{"line":209,"column":10}},"78":{"start":{"line":211,"column":8},"end":{"line":211,"column":25}},"79":{"start":{"line":216,"column":8},"end":{"line":216,"column":55}},"80":{"start":{"line":218,"column":26},"end":{"line":218,"column":83}},"81":{"start":{"line":220,"column":8},"end":{"line":224,"column":10}},"82":{"start":{"line":226,"column":8},"end":{"line":226,"column":25}},"83":{"start":{"line":231,"column":0},"end":{"line":231,"column":44}}},"fnMap":{"0":{"name":"(anonymous_0)","decl":{"start":{"line":13,"column":4},"end":{"line":13,"column":5}},"loc":{"start":{"line":13,"column":18},"end":{"line":17,"column":5}},"line":13},"1":{"name":"(anonymous_1)","decl":{"start":{"line":19,"column":4},"end":{"line":19,"column":5}},"loc":{"start":{"line":19,"column":36},"end":{"line":19,"column":83}},"line":19},"2":{"name":"(anonymous_2)","decl":{"start":{"line":20,"column":4},"end":{"line":20,"column":5}},"loc":{"start":{"line":20,"column":32},"end":{"line":20,"column":79}},"line":20},"3":{"name":"(anonymous_3)","decl":{"start":{"line":21,"column":4},"end":{"line":21,"column":5}},"loc":{"start":{"line":21,"column":32},"end":{"line":21,"column":79}},"line":21},"4":{"name":"(anonymous_4)","decl":{"start":{"line":22,"column":4},"end":{"line":22,"column":5}},"loc":{"start":{"line":22,"column":34},"end":{"line":22,"column":81}},"line":22},"5":{"name":"(anonymous_5)","decl":{"start":{"line":23,"column":4},"end":{"line":23,"column":5}},"loc":{"start":{"line":23,"column":41},"end":{"line":23,"column":88}},"line":23},"6":{"name":"(anonymous_6)","decl":{"start":{"line":31,"column":4},"end":{"line":31,"column":5}},"loc":{"start":{"line":31,"column":18},"end":{"line":37,"column":5}},"line":31},"7":{"name":"(anonymous_7)","decl":{"start":{"line":44,"column":4},"end":{"line":44,"column":5}},"loc":{"start":{"line":44,"column":58},"end":{"line":100,"column":5}},"line":44},"8":{"name":"(anonymous_8)","decl":{"start":{"line":106,"column":4},"end":{"line":106,"column":5}},"loc":{"start":{"line":106,"column":36},"end":{"line":123,"column":5}},"line":106},"9":{"name":"(anonymous_9)","decl":{"start":{"line":128,"column":4},"end":{"line":128,"column":5}},"loc":{"start":{"line":128,"column":19},"end":{"line":136,"column":5}},"line":128},"10":{"name":"(anonymous_10)","decl":{"start":{"line":138,"column":4},"end":{"line":138,"column":5}},"loc":{"start":{"line":138,"column":32},"end":{"line":162,"column":5}},"line":138},"11":{"name":"(anonymous_11)","decl":{"start":{"line":164,"column":4},"end":{"line":164,"column":5}},"loc":{"start":{"line":164,"column":32},"end":{"line":179,"column":5}},"line":164},"12":{"name":"(anonymous_12)","decl":{"start":{"line":181,"column":4},"end":{"line":181,"column":5}},"loc":{"start":{"line":181,"column":34},"end":{"line":212,"column":5}},"line":181},"13":{"name":"(anonymous_13)","decl":{"start":{"line":214,"column":4},"end":{"line":214,"column":5}},"loc":{"start":{"line":214,"column":41},"end":{"line":227,"column":5}},"line":214}},"branchMap":{"0":{"loc":{"start":{"line":14,"column":8},"end":{"line":16,"column":9}},"type":"if","locations":[{"start":{"line":14,"column":8},"end":{"line":16,"column":9}},{"start":{},"end":{}}],"line":14},"1":{"loc":{"start":{"line":35,"column":28},"end":{"line":35,"column":84}},"type":"binary-expr","locations":[{"start":{"line":35,"column":28},"end":{"line":35,"column":76}},{"start":{"line":35,"column":80},"end":{"line":35,"column":84}}],"line":35},"2":{"loc":{"start":{"line":44,"column":33},"end":{"line":44,"column":56}},"type":"default-arg","locations":[{"start":{"line":44,"column":54},"end":{"line":44,"column":56}}],"line":44},"3":{"loc":{"start":{"line":46,"column":8},"end":{"line":46,"column":47}},"type":"if","locations":[{"start":{"line":46,"column":8},"end":{"line":46,"column":47}},{"start":{},"end":{}}],"line":46},"4":{"loc":{"start":{"line":49,"column":8},"end":{"line":52,"column":9}},"type":"if","locations":[{"start":{"line":49,"column":8},"end":{"line":52,"column":9}},{"start":{},"end":{}}],"line":49},"5":{"loc":{"start":{"line":57,"column":8},"end":{"line":59,"column":9}},"type":"if","locations":[{"start":{"line":57,"column":8},"end":{"line":59,"column":9}},{"start":{},"end":{}}],"line":57},"6":{"loc":{"start":{"line":62,"column":8},"end":{"line":73,"column":9}},"type":"if","locations":[{"start":{"line":62,"column":8},"end":{"line":73,"column":9}},{"start":{},"end":{}}],"line":62},"7":{"loc":{"start":{"line":70,"column":12},"end":{"line":72,"column":13}},"type":"if","locations":[{"start":{"line":70,"column":12},"end":{"line":72,"column":13}},{"start":{},"end":{}}],"line":70},"8":{"loc":{"start":{"line":76,"column":8},"end":{"line":91,"column":9}},"type":"if","locations":[{"start":{"line":76,"column":8},"end":{"line":91,"column":9}},{"start":{},"end":{}}],"line":76},"9":{"loc":{"start":{"line":78,"column":12},"end":{"line":90,"column":13}},"type":"if","locations":[{"start":{"line":78,"column":12},"end":{"line":90,"column":13}},{"start":{},"end":{}}],"line":78},"10":{"loc":{"start":{"line":80,"column":16},"end":{"line":89,"column":17}},"type":"if","locations":[{"start":{"line":80,"column":16},"end":{"line":89,"column":17}},{"start":{"line":82,"column":23},"end":{"line":89,"column":17}}],"line":80},"11":{"loc":{"start":{"line":110,"column":12},"end":{"line":118,"column":13}},"type":"if","locations":[{"start":{"line":110,"column":12},"end":{"line":118,"column":13}},{"start":{"line":115,"column":19},"end":{"line":118,"column":13}}],"line":110},"12":{"loc":{"start":{"line":129,"column":8},"end":{"line":134,"column":9}},"type":"if","locations":[{"start":{"line":129,"column":8},"end":{"line":134,"column":9}},{"start":{},"end":{}}],"line":129},"13":{"loc":{"start":{"line":142,"column":8},"end":{"line":146,"column":9}},"type":"if","locations":[{"start":{"line":142,"column":8},"end":{"line":146,"column":9}},{"start":{"line":144,"column":15},"end":{"line":146,"column":9}}],"line":142},"14":{"loc":{"start":{"line":142,"column":12},"end":{"line":142,"column":54}},"type":"binary-expr","locations":[{"start":{"line":142,"column":12},"end":{"line":142,"column":31}},{"start":{"line":142,"column":35},"end":{"line":142,"column":54}}],"line":142},"15":{"loc":{"start":{"line":185,"column":8},"end":{"line":193,"column":9}},"type":"if","locations":[{"start":{"line":185,"column":8},"end":{"line":193,"column":9}},{"start":{"line":187,"column":15},"end":{"line":193,"column":9}}],"line":185},"16":{"loc":{"start":{"line":185,"column":12},"end":{"line":185,"column":59}},"type":"binary-expr","locations":[{"start":{"line":185,"column":12},"end":{"line":185,"column":31}},{"start":{"line":185,"column":35},"end":{"line":185,"column":59}}],"line":185},"17":{"loc":{"start":{"line":187,"column":15},"end":{"line":193,"column":9}},"type":"if","locations":[{"start":{"line":187,"column":15},"end":{"line":193,"column":9}},{"start":{"line":189,"column":15},"end":{"line":193,"column":9}}],"line":187},"18":{"loc":{"start":{"line":189,"column":15},"end":{"line":193,"column":9}},"type":"if","locations":[{"start":{"line":189,"column":15},"end":{"line":193,"column":9}},{"start":{"line":191,"column":15},"end":{"line":193,"column":9}}],"line":189},"19":{"loc":{"start":{"line":197,"column":8},"end":{"line":199,"column":9}},"type":"if","locations":[{"start":{"line":197,"column":8},"end":{"line":199,"column":9}},{"start":{},"end":{}}],"line":197},"20":{"loc":{"start":{"line":208,"column":55},"end":{"line":208,"column":115}},"type":"binary-expr","locations":[{"start":{"line":208,"column":55},"end":{"line":208,"column":81}},{"start":{"line":208,"column":85},"end":{"line":208,"column":106}},{"start":{"line":208,"column":110},"end":{"line":208,"column":115}}],"line":208}},"s":{"0":0,"1":0,"2":0,"3":0,"4":0,"5":0,"6":0,"7":0,"8":0,"9":0,"10":0,"11":0,"12":0,"13":0,"14":0,"15":0,"16":0,"17":0,"18":0,"19":0,"20":0,"21":0,"22":0,"23":0,"24":0,"25":0,"26":0,"27":0,"28":0,"29":0,"30":0,"31":0,"32":0,"33":0,"34":0,"35":0,"36":0,"37":0,"38":0,"39":0,"40":0,"41":0,"42":0,"43":0,"44":0,"45":0,"46":0,"47":0,"48":0,"49":0,"50":0,"51":0,"52":0,"53":0,"54":0,"55":0,"56":0,"57":0,"58":0,"59":0,"60":0,"61":0,"62":0,"63":0,"64":0,"65":0,"66":0,"67":0,"68":0,"69":0,"70":0,"71":0,"72":0,"73":0,"74":0,"75":0,"76":0,"77":0,"78":0,"79":0,"80":0,"81":0,"82":0,"83":0},"f":{"0":0,"1":0,"2":0,"3":0,"4":0,"5":0,"6":0,"7":0,"8":0,"9":0,"10":0,"11":0,"12":0,"13":0},"b":{"0":[0,0],"1":[0,0],"2":[0],"3":[0,0],"4":[0,0],"5":[0,0],"6":[0,0],"7":[0,0],"8":[0,0],"9":[0,0],"10":[0,0],"11":[0,0],"12":[0,0],"13":[0,0],"14":[0,0],"15":[0,0],"16":[0,0],"17":[0,0],"18":[0,0],"19":[0,0],"20":[0,0,0]}}
,"C:\\Users\\JoshPC\\Documents\\Universidad\\Analisis y Diseño\\Github\\YulianaValencia_30724_G4_ADSW\\3. CODIGO\\GCM\\patrones_diseno\\js\\utils\\validacion.js": {"path":"C:\\Users\\JoshPC\\Documents\\Universidad\\Analisis y Diseño\\Github\\YulianaValencia_30724_G4_ADSW\\3. CODIGO\\GCM\\patrones_diseno\\js\\utils\\validacion.js","statementMap":{"0":{"start":{"line":12,"column":4},"end":{"line":14,"column":5}},"1":{"start":{"line":13,"column":8},"end":{"line":13,"column":21}},"2":{"start":{"line":16,"column":22},"end":{"line":16,"column":54}},"3":{"start":{"line":17,"column":4},"end":{"line":19,"column":5}},"4":{"start":{"line":18,"column":8},"end":{"line":18,"column":21}},"5":{"start":{"line":21,"column":25},"end":{"line":21,"column":44}},"6":{"start":{"line":22,"column":4},"end":{"line":24,"column":5}},"7":{"start":{"line":23,"column":8},"end":{"line":23,"column":21}},"8":{"start":{"line":26,"column":25},"end":{"line":26,"column":52}},"9":{"start":{"line":27,"column":15},"end":{"line":27,"column":16}},"10":{"start":{"line":29,"column":4},"end":{"line":35,"column":5}},"11":{"start":{"line":29,"column":17},"end":{"line":29,"column":18}},"12":{"start":{"line":30,"column":23},"end":{"line":30,"column":60}},"13":{"start":{"line":31,"column":8},"end":{"line":33,"column":9}},"14":{"start":{"line":32,"column":12},"end":{"line":32,"column":26}},"15":{"start":{"line":34,"column":8},"end":{"line":34,"column":25}},"16":{"start":{"line":37,"column":39},"end":{"line":37,"column":79}},"17":{"start":{"line":38,"column":34},"end":{"line":38,"column":53}},"18":{"start":{"line":40,"column":4},"end":{"line":40,"column":64}},"19":{"start":{"line":49,"column":4},"end":{"line":51,"column":5}},"20":{"start":{"line":50,"column":8},"end":{"line":50,"column":21}},"21":{"start":{"line":53,"column":4},"end":{"line":53,"column":31}},"22":{"start":{"line":56,"column":4},"end":{"line":56,"column":38}},"23":{"start":{"line":59,"column":0},"end":{"line":69,"column":1}},"24":{"start":{"line":61,"column":4},"end":{"line":67,"column":6}}},"fnMap":{"0":{"name":"validarCedulaEcuatoriana","decl":{"start":{"line":11,"column":9},"end":{"line":11,"column":33}},"loc":{"start":{"line":11,"column":42},"end":{"line":41,"column":1}},"line":11},"1":{"name":"validarTelefonoEcuatoriano","decl":{"start":{"line":48,"column":9},"end":{"line":48,"column":35}},"loc":{"start":{"line":48,"column":46},"end":{"line":57,"column":1}},"line":48}},"branchMap":{"0":{"loc":{"start":{"line":12,"column":4},"end":{"line":14,"column":5}},"type":"if","locations":[{"start":{"line":12,"column":4},"end":{"line":14,"column":5}},{"start":{},"end":{}}],"line":12},"1":{"loc":{"start":{"line":12,"column":8},"end":{"line":12,"column":83}},"type":"binary-expr","locations":[{"start":{"line":12,"column":8},"end":{"line":12,"column":34}},{"start":{"line":12,"column":38},"end":{"line":12,"column":58}},{"start":{"line":12,"column":62},"end":{"line":12,"column":83}}],"line":12},"2":{"loc":{"start":{"line":17,"column":4},"end":{"line":19,"column":5}},"type":"if","locations":[{"start":{"line":17,"column":4},"end":{"line":19,"column":5}},{"start":{},"end":{}}],"line":17},"3":{"loc":{"start":{"line":17,"column":8},"end":{"line":17,"column":39}},"type":"binary-expr","locations":[{"start":{"line":17,"column":8},"end":{"line":17,"column":21}},{"start":{"line":17,"column":25},"end":{"line":17,"column":39}}],"line":17},"4":{"loc":{"start":{"line":22,"column":4},"end":{"line":24,"column":5}},"type":"if","locations":[{"start":{"line":22,"column":4},"end":{"line":24,"column":5}},{"start":{},"end":{}}],"line":22},"5":{"loc":{"start":{"line":22,"column":8},"end":{"line":22,"column":44}},"type":"binary-expr","locations":[{"start":{"line":22,"column":8},"end":{"line":22,"column":24}},{"start":{"line":22,"column":28},"end":{"line":22,"column":44}}],"line":22},"6":{"loc":{"start":{"line":31,"column":8},"end":{"line":33,"column":9}},"type":"if","locations":[{"start":{"line":31,"column":8},"end":{"line":33,"column":9}},{"start":{},"end":{}}],"line":31},"7":{"loc":{"start":{"line":37,"column":39},"end":{"line":37,"column":79}},"type":"cond-expr","locations":[{"start":{"line":37,"column":59},"end":{"line":37,"column":60}},{"start":{"line":37,"column":63},"end":{"line":37,"column":79}}],"line":37},"8":{"loc":{"start":{"line":49,"column":4},"end":{"line":51,"column":5}},"type":"if","locations":[{"start":{"line":49,"column":4},"end":{"line":51,"column":5}},{"start":{},"end":{}}],"line":49},"9":{"loc":{"start":{"line":59,"column":0},"end":{"line":69,"column":1}},"type":"if","locations":[{"start":{"line":59,"column":0},"end":{"line":69,"column":1}},{"start":{},"end":{}}],"line":59}},"s":{"0":0,"1":0,"2":0,"3":0,"4":0,"5":0,"6":0,"7":0,"8":0,"9":0,"10":0,"11":0,"12":0,"13":0,"14":0,"15":0,"16":0,"17":0,"18":0,"19":0,"20":0,"21":0,"22":0,"23":0,"24":0},"f":{"0":0,"1":0},"b":{"0":[0,0],"1":[0,0,0],"2":[0,0],"3":[0,0],"4":[0,0],"5":[0,0],"6":[0,0],"7":[0,0],"8":[0,0],"9":[0,0]}}
}
