TN:
SF:js\business\controlador.js
FN:7,(anonymous_0)
FN:16,(anonymous_1)
FN:44,(anonymous_2)
FN:93,(anonymous_3)
FN:142,(anonymous_4)
FN:186,(anonymous_5)
FN:219,(anonymous_6)
FN:267,(anonymous_7)
FN:274,(anonymous_8)
FN:275,(anonymous_9)
FN:289,(anonymous_10)
FN:296,(anonymous_11)
FN:309,(anonymous_12)
FN:315,(anonymous_13)
FN:316,(anonymous_14)
FN:318,(anonymous_15)
FN:318,(anonymous_16)
FN:330,(anonymous_17)
FN:332,(anonymous_18)
FN:332,(anonymous_19)
FN:344,(anonymous_20)
FN:345,(anonymous_21)
FN:347,(anonymous_22)
FN:347,(anonymous_23)
FNF:24
FNH:8
FNDA:34,(anonymous_0)
FNDA:3,(anonymous_1)
FNDA:11,(anonymous_2)
FNDA:0,(anonymous_3)
FNDA:12,(anonymous_4)
FNDA:0,(anonymous_5)
FNDA:0,(anonymous_6)
FNDA:3,(anonymous_7)
FNDA:5,(anonymous_8)
FNDA:2,(anonymous_9)
FNDA:8,(anonymous_10)
FNDA:0,(anonymous_11)
FNDA:0,(anonymous_12)
FNDA:0,(anonymous_13)
FNDA:0,(anonymous_14)
FNDA:0,(anonymous_15)
FNDA:0,(anonymous_16)
FNDA:0,(anonymous_17)
FNDA:0,(anonymous_18)
FNDA:0,(anonymous_19)
FNDA:0,(anonymous_20)
FNDA:0,(anonymous_21)
FNDA:0,(anonymous_22)
FNDA:0,(anonymous_23)
DA:8,34
DA:9,34
DA:17,3
DA:18,3
DA:19,2
DA:20,1
DA:27,1
DA:28,1
DA:29,0
DA:31,1
DA:33,1
DA:35,1
DA:36,1
DA:45,11
DA:47,11
DA:51,6
DA:52,1
DA:56,5
DA:57,1
DA:61,4
DA:62,1
DA:66,3
DA:67,1
DA:70,2
DA:73,2
DA:74,1
DA:76,1
DA:79,1
DA:82,1
DA:85,1
DA:94,0
DA:96,0
DA:99,0
DA:100,0
DA:104,0
DA:105,0
DA:109,0
DA:110,0
DA:114,0
DA:115,0
DA:118,0
DA:121,0
DA:122,0
DA:124,0
DA:127,0
DA:130,0
DA:133,0
DA:143,12
DA:145,12
DA:147,3
DA:148,3
DA:149,1
DA:153,2
DA:154,2
DA:155,2
DA:156,2
DA:158,2
DA:159,2
DA:161,2
DA:163,2
DA:164,2
DA:166,2
DA:167,2
DA:171,2
DA:172,2
DA:175,2
DA:179,0
DA:180,0
DA:181,0
DA:185,0
DA:186,0
DA:187,0
DA:189,0
DA:190,0
DA:192,0
DA:193,0
DA:194,0
DA:196,0
DA:197,0
DA:198,0
DA:199,0
DA:203,0
DA:204,0
DA:205,0
DA:206,0
DA:207,0
DA:209,0
DA:213,0
DA:217,0
DA:218,0
DA:219,0
DA:221,0
DA:222,0
DA:225,0
DA:226,0
DA:229,0
DA:230,0
DA:231,0
DA:234,0
DA:235,0
DA:237,0
DA:238,0
DA:239,0
DA:240,0
DA:241,0
DA:245,0
DA:246,0
DA:247,0
DA:248,0
DA:249,0
DA:251,0
DA:254,0
DA:258,2
DA:259,1
DA:261,1
DA:264,2
DA:267,3
DA:268,2
DA:273,2
DA:274,5
DA:275,2
DA:279,1
DA:290,8
DA:293,8
DA:296,0
DA:297,0
DA:298,0
DA:302,0
DA:303,0
DA:304,0
DA:307,0
DA:308,0
DA:309,0
DA:310,0
DA:311,0
DA:315,0
DA:316,0
DA:317,0
DA:318,0
DA:319,0
DA:321,0
DA:329,0
DA:330,0
DA:331,0
DA:332,0
DA:333,0
DA:335,0
DA:344,0
DA:345,0
DA:346,0
DA:347,0
DA:348,0
DA:350,0
DA:357,0
DA:374,4
DA:376,4
LF:156
LH:62
BRDA:19,0,0,1
BRDA:19,0,1,1
BRDA:28,1,0,0
BRDA:28,1,1,1
BRDA:47,2,0,5
BRDA:47,2,1,6
BRDA:47,2,2,2
BRDA:47,2,3,1
BRDA:47,2,4,1
BRDA:47,2,5,1
BRDA:51,3,0,1
BRDA:51,3,1,5
BRDA:51,4,0,6
BRDA:51,4,1,5
BRDA:51,4,2,5
BRDA:56,5,0,1
BRDA:56,5,1,4
BRDA:56,6,0,5
BRDA:56,6,1,4
BRDA:61,7,0,1
BRDA:61,7,1,3
BRDA:61,8,0,4
BRDA:61,8,1,3
BRDA:66,9,0,1
BRDA:66,9,1,2
BRDA:73,10,0,1
BRDA:73,10,1,1
BRDA:96,11,0,0
BRDA:96,11,1,0
BRDA:96,11,2,0
BRDA:96,11,3,0
BRDA:96,11,4,0
BRDA:96,11,5,0
BRDA:99,12,0,0
BRDA:99,12,1,0
BRDA:99,13,0,0
BRDA:99,13,1,0
BRDA:99,13,2,0
BRDA:104,14,0,0
BRDA:104,14,1,0
BRDA:104,15,0,0
BRDA:104,15,1,0
BRDA:109,16,0,0
BRDA:109,16,1,0
BRDA:114,17,0,0
BRDA:114,17,1,0
BRDA:121,18,0,0
BRDA:121,18,1,0
BRDA:145,19,0,3
BRDA:145,19,1,0
BRDA:145,19,2,0
BRDA:145,19,3,2
BRDA:145,19,4,2
BRDA:145,19,5,2
BRDA:145,19,6,2
BRDA:145,19,7,1
BRDA:148,20,0,1
BRDA:148,20,1,2
BRDA:148,21,0,3
BRDA:148,21,1,2
BRDA:148,21,2,2
BRDA:153,22,0,2
BRDA:153,22,1,1
BRDA:154,23,0,2
BRDA:154,23,1,1
BRDA:155,24,0,2
BRDA:155,24,1,0
BRDA:161,25,0,2
BRDA:161,25,1,0
BRDA:164,26,0,2
BRDA:164,26,1,0
BRDA:168,27,0,2
BRDA:168,27,1,0
BRDA:171,28,0,2
BRDA:171,28,1,2
BRDA:180,29,0,0
BRDA:180,29,1,0
BRDA:187,30,0,0
BRDA:187,30,1,0
BRDA:192,31,0,0
BRDA:192,31,1,0
BRDA:192,32,0,0
BRDA:192,32,1,0
BRDA:194,33,0,0
BRDA:194,33,1,0
BRDA:197,34,0,0
BRDA:197,34,1,0
BRDA:200,35,0,0
BRDA:200,35,1,0
BRDA:204,36,0,0
BRDA:204,36,1,0
BRDA:206,37,0,0
BRDA:206,37,1,0
BRDA:221,38,0,0
BRDA:221,38,1,0
BRDA:229,39,0,0
BRDA:229,39,1,0
BRDA:237,40,0,0
BRDA:237,40,1,0
BRDA:237,41,0,0
BRDA:237,41,1,0
BRDA:239,42,0,0
BRDA:239,42,1,0
BRDA:242,43,0,0
BRDA:242,43,1,0
BRDA:246,44,0,0
BRDA:246,44,1,0
BRDA:248,45,0,0
BRDA:248,45,1,0
BRDA:258,46,0,1
BRDA:258,46,1,1
BRDA:268,47,0,2
BRDA:268,47,1,0
BRDA:304,48,0,0
BRDA:304,48,1,0
BRDA:310,49,0,0
BRDA:310,49,1,0
BRDA:311,50,0,0
BRDA:311,50,1,0
BRDA:374,51,0,4
BRDA:374,51,1,0
BRF:121
BRH:51
end_of_record
TN:
SF:js\data\repositorio.js
FN:7,(anonymous_0)
FN:14,(anonymous_1)
FN:26,(anonymous_2)
FN:57,(anonymous_3)
FN:64,(anonymous_4)
FN:72,(anonymous_5)
FN:76,(anonymous_6)
FN:80,(anonymous_7)
FN:92,(anonymous_8)
FN:105,(anonymous_9)
FN:109,(anonymous_10)
FN:111,(anonymous_11)
FN:118,(anonymous_12)
FN:120,(anonymous_13)
FN:132,(anonymous_14)
FN:147,(anonymous_15)
FN:150,(anonymous_16)
FN:155,(anonymous_17)
FN:185,(anonymous_18)
FN:198,(anonymous_19)
FN:253,(anonymous_20)
FN:257,(anonymous_21)
FN:270,(anonymous_22)
FN:274,(anonymous_23)
FN:278,(anonymous_24)
FN:295,(anonymous_25)
FN:304,(anonymous_26)
FN:306,(anonymous_27)
FN:309,(anonymous_28)
FN:311,(anonymous_29)
FN:314,(anonymous_30)
FN:318,(anonymous_31)
FN:322,(anonymous_32)
FNF:33
FNH:0
FNDA:0,(anonymous_0)
FNDA:0,(anonymous_1)
FNDA:0,(anonymous_2)
FNDA:0,(anonymous_3)
FNDA:0,(anonymous_4)
FNDA:0,(anonymous_5)
FNDA:0,(anonymous_6)
FNDA:0,(anonymous_7)
FNDA:0,(anonymous_8)
FNDA:0,(anonymous_9)
FNDA:0,(anonymous_10)
FNDA:0,(anonymous_11)
FNDA:0,(anonymous_12)
FNDA:0,(anonymous_13)
FNDA:0,(anonymous_14)
FNDA:0,(anonymous_15)
FNDA:0,(anonymous_16)
FNDA:0,(anonymous_17)
FNDA:0,(anonymous_18)
FNDA:0,(anonymous_19)
FNDA:0,(anonymous_20)
FNDA:0,(anonymous_21)
FNDA:0,(anonymous_22)
FNDA:0,(anonymous_23)
FNDA:0,(anonymous_24)
FNDA:0,(anonymous_25)
FNDA:0,(anonymous_26)
FNDA:0,(anonymous_27)
FNDA:0,(anonymous_28)
FNDA:0,(anonymous_29)
FNDA:0,(anonymous_30)
FNDA:0,(anonymous_31)
FNDA:0,(anonymous_32)
DA:8,0
DA:15,0
DA:16,0
DA:18,0
DA:19,0
DA:27,0
DA:28,0
DA:29,0
DA:30,0
DA:33,0
DA:34,0
DA:35,0
DA:38,0
DA:39,0
DA:40,0
DA:41,0
DA:42,0
DA:44,0
DA:45,0
DA:46,0
DA:49,0
DA:50,0
DA:58,0
DA:65,0
DA:73,0
DA:77,0
DA:81,0
DA:82,0
DA:83,0
DA:84,0
DA:89,0
DA:93,0
DA:94,0
DA:95,0
DA:96,0
DA:98,0
DA:106,0
DA:110,0
DA:111,0
DA:112,0
DA:113,0
DA:115,0
DA:119,0
DA:120,0
DA:121,0
DA:122,0
DA:123,0
DA:125,0
DA:133,0
DA:134,0
DA:135,0
DA:136,0
DA:137,0
DA:138,0
DA:139,0
DA:142,0
DA:145,0
DA:147,0
DA:151,0
DA:152,0
DA:154,0
DA:155,0
DA:156,0
DA:158,0
DA:169,0
DA:170,0
DA:171,0
DA:172,0
DA:173,0
DA:177,0
DA:178,0
DA:180,0
DA:182,0
DA:186,0
DA:187,0
DA:188,0
DA:189,0
DA:191,0
DA:199,0
DA:200,0
DA:201,0
DA:202,0
DA:204,0
DA:205,0
DA:206,0
DA:207,0
DA:208,0
DA:211,0
DA:212,0
DA:215,0
DA:254,0
DA:258,0
DA:259,0
DA:265,0
DA:266,0
DA:267,0
DA:271,0
DA:275,0
DA:279,0
DA:280,0
DA:286,0
DA:287,0
DA:288,0
DA:296,0
DA:297,0
DA:298,0
DA:300,0
DA:305,0
DA:306,0
DA:310,0
DA:311,0
DA:315,0
DA:319,0
DA:323,0
DA:331,0
DA:333,0
LF:116
LH:0
BRDA:15,0,0,0
BRDA:15,0,1,0
BRDA:18,1,0,0
BRDA:18,1,1,0
BRDA:26,2,0,0
BRDA:34,3,0,0
BRDA:34,3,1,0
BRDA:34,4,0,0
BRDA:34,4,1,0
BRDA:39,5,0,0
BRDA:39,5,1,0
BRDA:40,6,0,0
BRDA:40,6,1,0
BRDA:40,7,0,0
BRDA:40,7,1,0
BRDA:42,8,0,0
BRDA:42,8,1,0
BRDA:45,9,0,0
BRDA:45,9,1,0
BRDA:46,10,0,0
BRDA:46,10,1,0
BRDA:73,11,0,0
BRDA:73,11,1,0
BRDA:83,12,0,0
BRDA:83,12,1,0
BRDA:94,13,0,0
BRDA:94,13,1,0
BRDA:106,14,0,0
BRDA:106,14,1,0
BRDA:112,15,0,0
BRDA:112,15,1,0
BRDA:121,16,0,0
BRDA:121,16,1,0
BRDA:135,17,0,0
BRDA:135,17,1,0
BRDA:135,18,0,0
BRDA:135,18,1,0
BRDA:135,18,2,0
BRDA:138,19,0,0
BRDA:138,19,1,0
BRDA:139,20,0,0
BRDA:139,20,1,0
BRDA:145,21,0,0
BRDA:145,21,1,0
BRDA:152,22,0,0
BRDA:152,22,1,0
BRDA:156,23,0,0
BRDA:156,23,1,0
BRDA:159,24,0,0
BRDA:159,24,1,0
BRDA:160,25,0,0
BRDA:160,25,1,0
BRDA:161,26,0,0
BRDA:161,26,1,0
BRDA:162,27,0,0
BRDA:162,27,1,0
BRDA:163,28,0,0
BRDA:163,28,1,0
BRDA:172,29,0,0
BRDA:172,29,1,0
BRDA:177,30,0,0
BRDA:177,30,1,0
BRDA:187,31,0,0
BRDA:187,31,1,0
BRDA:204,32,0,0
BRDA:204,32,1,0
BRDA:204,33,0,0
BRDA:204,33,1,0
BRDA:207,34,0,0
BRDA:207,34,1,0
BRDA:208,35,0,0
BRDA:208,35,1,0
BRDA:211,36,0,0
BRDA:211,36,1,0
BRDA:217,37,0,0
BRDA:217,37,1,0
BRDA:241,38,0,0
BRDA:241,38,1,0
BRDA:244,39,0,0
BRDA:244,39,1,0
BRDA:245,40,0,0
BRDA:245,40,1,0
BRDA:254,41,0,0
BRDA:254,41,1,0
BRDA:261,42,0,0
BRDA:261,42,1,0
BRDA:275,43,0,0
BRDA:275,43,1,0
BRDA:331,44,0,0
BRDA:331,44,1,0
BRF:90
BRH:0
end_of_record
TN:
SF:js\patterns\bridge.js
FN:11,(anonymous_0)
FN:17,(anonymous_1)
FN:26,(anonymous_2)
FN:46,(anonymous_3)
FN:109,(anonymous_4)
FN:117,(anonymous_5)
FN:130,(anonymous_6)
FNF:7
FNH:6
FNDA:13,(anonymous_0)
FNDA:0,(anonymous_1)
FNDA:4,(anonymous_2)
FNDA:4,(anonymous_3)
FNDA:9,(anonymous_4)
FNDA:2,(anonymous_5)
FNDA:6,(anonymous_6)
DA:12,13
DA:13,0
DA:18,0
DA:27,4
DA:30,4
DA:31,4
DA:33,4
DA:48,4
DA:49,4
DA:50,4
DA:51,4
DA:67,4
DA:69,4
DA:75,4
DA:87,0
DA:89,0
DA:110,9
DA:118,2
DA:119,1
DA:121,1
DA:131,6
DA:132,1
DA:133,1
DA:137,5
DA:138,5
DA:139,3
DA:140,2
DA:141,2
DA:143,0
DA:147,5
DA:150,5
DA:153,1
DA:155,1
LF:33
LH:28
BRDA:12,0,0,0
BRDA:12,0,1,13
BRDA:109,1,0,4
BRDA:110,2,0,9
BRDA:110,2,1,4
BRDA:118,3,0,1
BRDA:118,3,1,1
BRDA:131,4,0,1
BRDA:131,4,1,5
BRDA:138,5,0,3
BRDA:138,5,1,2
BRDA:139,6,0,3
BRDA:139,6,1,0
BRDA:140,7,0,2
BRDA:140,7,1,0
BRDA:141,8,0,2
BRDA:141,8,1,0
BRDA:143,9,0,0
BRDA:143,9,1,0
BRDA:143,9,2,0
BRDA:153,10,0,1
BRDA:153,10,1,0
BRF:22
BRH:14
end_of_record
TN:
SF:js\patterns\composite.js
FN:14,(anonymous_0)
FN:20,(anonymous_1)
FN:24,(anonymous_2)
FN:34,(anonymous_3)
FN:82,(anonymous_4)
FN:89,(anonymous_5)
FN:99,(anonymous_6)
FN:108,(anonymous_7)
FN:119,(anonymous_8)
FN:129,(anonymous_9)
FN:130,(anonymous_10)
FN:138,(anonymous_11)
FN:139,(anonymous_12)
FNF:13
FNH:11
FNDA:38,(anonymous_0)
FNDA:0,(anonymous_1)
FNDA:0,(anonymous_2)
FNDA:30,(anonymous_3)
FNDA:7,(anonymous_4)
FNDA:8,(anonymous_5)
FNDA:8,(anonymous_6)
FNDA:13,(anonymous_7)
FNDA:1,(anonymous_8)
FNDA:4,(anonymous_9)
FNDA:7,(anonymous_10)
FNDA:5,(anonymous_11)
FNDA:8,(anonymous_12)
DA:15,38
DA:16,0
DA:21,0
DA:25,0
DA:35,30
DA:36,30
DA:37,30
DA:40,30
DA:41,30
DA:42,30
DA:43,30
DA:44,30
DA:45,30
DA:46,30
DA:49,30
DA:50,30
DA:53,30
DA:66,30
DA:76,30
DA:83,7
DA:90,8
DA:100,8
DA:101,8
DA:102,8
DA:109,13
DA:110,12
DA:112,1
DA:120,1
DA:121,1
DA:122,1
DA:130,4
DA:131,7
DA:139,5
DA:140,8
DA:146,1
DA:148,1
LF:36
LH:33
BRDA:15,0,0,0
BRDA:15,0,1,38
BRDA:37,1,0,30
BRDA:37,1,1,30
BRDA:45,2,0,30
BRDA:45,2,1,30
BRDA:54,3,0,30
BRDA:54,3,1,30
BRDA:55,4,0,30
BRDA:55,4,1,30
BRDA:56,5,0,30
BRDA:56,5,1,30
BRDA:57,6,0,30
BRDA:57,6,1,30
BRDA:58,7,0,30
BRDA:58,7,1,30
BRDA:59,8,0,30
BRDA:59,8,1,30
BRDA:60,9,0,30
BRDA:60,9,1,30
BRDA:61,10,0,30
BRDA:61,10,1,30
BRDA:62,11,0,30
BRDA:62,11,1,30
BRDA:67,12,0,30
BRDA:67,12,1,30
BRDA:68,13,0,30
BRDA:68,13,1,0
BRDA:69,14,0,30
BRDA:69,14,1,0
BRDA:70,15,0,30
BRDA:70,15,1,30
BRDA:71,16,0,30
BRDA:71,16,1,30
BRDA:72,17,0,30
BRDA:72,17,1,30
BRDA:99,18,0,8
BRDA:109,19,0,12
BRDA:109,19,1,1
BRDA:121,20,0,1
BRDA:121,20,1,0
BRDA:146,21,0,1
BRDA:146,21,1,0
BRF:43
BRH:38
end_of_record
TN:
SF:js\patterns\proxy.js
FN:13,(anonymous_0)
FN:19,(anonymous_1)
FN:20,(anonymous_2)
FN:21,(anonymous_3)
FN:22,(anonymous_4)
FN:23,(anonymous_5)
FN:31,(anonymous_6)
FN:44,(anonymous_7)
FN:106,(anonymous_8)
FN:128,(anonymous_9)
FN:138,(anonymous_10)
FN:164,(anonymous_11)
FN:181,(anonymous_12)
FN:214,(anonymous_13)
FNF:14
FNH:0
FNDA:0,(anonymous_0)
FNDA:0,(anonymous_1)
FNDA:0,(anonymous_2)
FNDA:0,(anonymous_3)
FNDA:0,(anonymous_4)
FNDA:0,(anonymous_5)
FNDA:0,(anonymous_6)
FNDA:0,(anonymous_7)
FNDA:0,(anonymous_8)
FNDA:0,(anonymous_9)
FNDA:0,(anonymous_10)
FNDA:0,(anonymous_11)
FNDA:0,(anonymous_12)
FNDA:0,(anonymous_13)
DA:14,0
DA:15,0
DA:19,0
DA:20,0
DA:21,0
DA:22,0
DA:23,0
DA:32,0
DA:33,0
DA:35,0
DA:36,0
DA:46,0
DA:49,0
DA:50,0
DA:51,0
DA:54,0
DA:57,0
DA:58,0
DA:62,0
DA:63,0
DA:70,0
DA:71,0
DA:76,0
DA:78,0
DA:79,0
DA:80,0
DA:81,0
DA:83,0
DA:88,0
DA:94,0
DA:99,0
DA:108,0
DA:109,0
DA:110,0
DA:111,0
DA:112,0
DA:113,0
DA:114,0
DA:116,0
DA:117,0
DA:120,0
DA:121,0
DA:129,0
DA:130,0
DA:131,0
DA:132,0
DA:133,0
DA:135,0
DA:139,0
DA:140,0
DA:142,0
DA:143,0
DA:145,0
DA:149,0
DA:152,0
DA:155,0
DA:161,0
DA:165,0
DA:168,0
DA:170,0
DA:172,0
DA:178,0
DA:182,0
DA:183,0
DA:185,0
DA:186,0
DA:187,0
DA:188,0
DA:189,0
DA:190,0
DA:192,0
DA:196,0
DA:197,0
DA:198,0
DA:200,0
DA:203,0
DA:205,0
DA:211,0
DA:216,0
DA:218,0
DA:220,0
DA:226,0
DA:231,0
LF:83
LH:0
BRDA:14,0,0,0
BRDA:14,0,1,0
BRDA:35,1,0,0
BRDA:35,1,1,0
BRDA:44,2,0,0
BRDA:46,3,0,0
BRDA:46,3,1,0
BRDA:49,4,0,0
BRDA:49,4,1,0
BRDA:57,5,0,0
BRDA:57,5,1,0
BRDA:62,6,0,0
BRDA:62,6,1,0
BRDA:70,7,0,0
BRDA:70,7,1,0
BRDA:76,8,0,0
BRDA:76,8,1,0
BRDA:78,9,0,0
BRDA:78,9,1,0
BRDA:80,10,0,0
BRDA:80,10,1,0
BRDA:110,11,0,0
BRDA:110,11,1,0
BRDA:129,12,0,0
BRDA:129,12,1,0
BRDA:142,13,0,0
BRDA:142,13,1,0
BRDA:142,14,0,0
BRDA:142,14,1,0
BRDA:185,15,0,0
BRDA:185,15,1,0
BRDA:185,16,0,0
BRDA:185,16,1,0
BRDA:187,17,0,0
BRDA:187,17,1,0
BRDA:189,18,0,0
BRDA:189,18,1,0
BRDA:197,19,0,0
BRDA:197,19,1,0
BRDA:208,20,0,0
BRDA:208,20,1,0
BRDA:208,20,2,0
BRF:42
BRH:0
end_of_record
TN:
SF:js\utils\validacion.js
FN:11,validarCedulaEcuatoriana
FN:48,validarTelefonoEcuatoriano
FNF:2
FNH:0
FNDA:0,validarCedulaEcuatoriana
FNDA:0,validarTelefonoEcuatoriano
DA:12,0
DA:13,0
DA:16,0
DA:17,0
DA:18,0
DA:21,0
DA:22,0
DA:23,0
DA:26,0
DA:27,0
DA:29,0
DA:30,0
DA:31,0
DA:32,0
DA:34,0
DA:37,0
DA:38,0
DA:40,0
DA:49,0
DA:50,0
DA:53,0
DA:56,0
DA:59,0
DA:61,0
LF:24
LH:0
BRDA:12,0,0,0
BRDA:12,0,1,0
BRDA:12,1,0,0
BRDA:12,1,1,0
BRDA:12,1,2,0
BRDA:17,2,0,0
BRDA:17,2,1,0
BRDA:17,3,0,0
BRDA:17,3,1,0
BRDA:22,4,0,0
BRDA:22,4,1,0
BRDA:22,5,0,0
BRDA:22,5,1,0
BRDA:31,6,0,0
BRDA:31,6,1,0
BRDA:37,7,0,0
BRDA:37,7,1,0
BRDA:49,8,0,0
BRDA:49,8,1,0
BRDA:59,9,0,0
BRDA:59,9,1,0
BRF:21
BRH:0
end_of_record
