{"D:\\ESPE 6.1\\AnalisisDiseno\\YulianaValencia_30724_G4_ADSW\\3. CODIGO\\GCM\\Backend\\src\\app.js": {"path":"D:\\ESPE 6.1\\AnalisisDiseno\\YulianaValencia_30724_G4_ADSW\\3. CODIGO\\GCM\\Backend\\src\\app.js","statementMap":{"0":{"start":{"line":1,"column":16},"end":{"line":1,"column":34}},"1":{"start":{"line":2,"column":13},"end":{"line":2,"column":28}},"2":{"start":{"line":4,"column":19},"end":{"line":4,"column":50}},"3":{"start":{"line":5,"column":19},"end":{"line":5,"column":50}},"4":{"start":{"line":6,"column":22},"end":{"line":6,"column":56}},"5":{"start":{"line":7,"column":22},"end":{"line":7,"column":56}},"6":{"start":{"line":8,"column":28},"end":{"line":8,"column":68}},"7":{"start":{"line":9,"column":24},"end":{"line":9,"column":65}},"8":{"start":{"line":11,"column":12},"end":{"line":11,"column":21}},"9":{"start":{"line":13,"column":0},"end":{"line":13,"column":16}},"10":{"start":{"line":14,"column":0},"end":{"line":14,"column":24}},"11":{"start":{"line":17,"column":0},"end":{"line":17,"column":33}},"12":{"start":{"line":18,"column":0},"end":{"line":18,"column":40}},"13":{"start":{"line":19,"column":0},"end":{"line":19,"column":40}},"14":{"start":{"line":20,"column":0},"end":{"line":20,"column":52}},"15":{"start":{"line":21,"column":0},"end":{"line":21,"column":33}},"16":{"start":{"line":23,"column":0},"end":{"line":27,"column":3}},"17":{"start":{"line":24,"column":4},"end":{"line":26,"column":7}},"18":{"start":{"line":30,"column":0},"end":{"line":30,"column":25}},"19":{"start":{"line":32,"column":0},"end":{"line":32,"column":21}}},"fnMap":{"0":{"name":"(anonymous_0)","decl":{"start":{"line":23,"column":13},"end":{"line":23,"column":14}},"loc":{"start":{"line":23,"column":27},"end":{"line":27,"column":1}},"line":23}},"branchMap":{},"s":{"0":1,"1":1,"2":1,"3":1,"4":1,"5":1,"6":1,"7":1,"8":1,"9":1,"10":1,"11":1,"12":1,"13":1,"14":1,"15":1,"16":1,"17":1,"18":1,"19":1},"f":{"0":1},"b":{},"_coverageSchema":"1a1c01bbd47fc00a2c39e90264f33305004495a9","hash":"6a8b47590477b35721d46bc93762c52e7ff19103"}
,"D:\\ESPE 6.1\\AnalisisDiseno\\YulianaValencia_30724_G4_ADSW\\3. CODIGO\\GCM\\Backend\\src\\config\\prisma.js": {"path":"D:\\ESPE 6.1\\AnalisisDiseno\\YulianaValencia_30724_G4_ADSW\\3. CODIGO\\GCM\\Backend\\src\\config\\prisma.js","statementMap":{"0":{"start":{"line":1,"column":25},"end":{"line":1,"column":50}},"1":{"start":{"line":3,"column":15},"end":{"line":3,"column":33}},"2":{"start":{"line":5,"column":0},"end":{"line":5,"column":24}}},"fnMap":{},"branchMap":{},"s":{"0":13,"1":13,"2":13},"f":{},"b":{},"_coverageSchema":"1a1c01bbd47fc00a2c39e90264f33305004495a9","hash":"3e17dabd1cdb6fe82daf50335a9816e634b39655"}
,"D:\\ESPE 6.1\\AnalisisDiseno\\YulianaValencia_30724_G4_ADSW\\3. CODIGO\\GCM\\Backend\\src\\controllers\\auth.controller.js": {"path":"D:\\ESPE 6.1\\AnalisisDiseno\\YulianaValencia_30724_G4_ADSW\\3. CODIGO\\GCM\\Backend\\src\\controllers\\auth.controller.js","statementMap":{"0":{"start":{"line":1,"column":20},"end":{"line":1,"column":55}},"1":{"start":{"line":5,"column":8},"end":{"line":45,"column":9}},"2":{"start":{"line":6,"column":95},"end":{"line":6,"column":103}},"3":{"start":{"line":9,"column":28},"end":{"line":9,"column":37}},"4":{"start":{"line":10,"column":12},"end":{"line":36,"column":13}},"5":{"start":{"line":11,"column":35},"end":{"line":11,"column":60}},"6":{"start":{"line":12,"column":16},"end":{"line":17,"column":17}},"7":{"start":{"line":13,"column":20},"end":{"line":16,"column":23}},"8":{"start":{"line":19,"column":16},"end":{"line":35,"column":17}},"9":{"start":{"line":20,"column":32},"end":{"line":20,"column":55}},"10":{"start":{"line":21,"column":34},"end":{"line":21,"column":58}},"11":{"start":{"line":22,"column":36},"end":{"line":22,"column":98}},"12":{"start":{"line":23,"column":20},"end":{"line":28,"column":21}},"13":{"start":{"line":24,"column":24},"end":{"line":27,"column":27}},"14":{"start":{"line":29,"column":20},"end":{"line":29,"column":36}},"15":{"start":{"line":31,"column":20},"end":{"line":34,"column":23}},"16":{"start":{"line":38,"column":28},"end":{"line":38,"column":132}},"17":{"start":{"line":39,"column":12},"end":{"line":42,"column":15}},"18":{"start":{"line":44,"column":12},"end":{"line":44,"column":24}},"19":{"start":{"line":49,"column":8},"end":{"line":58,"column":9}},"20":{"start":{"line":50,"column":42},"end":{"line":50,"column":50}},"21":{"start":{"line":51,"column":32},"end":{"line":51,"column":74}},"22":{"start":{"line":52,"column":12},"end":{"line":55,"column":15}},"23":{"start":{"line":57,"column":12},"end":{"line":57,"column":24}},"24":{"start":{"line":62,"column":0},"end":{"line":62,"column":38}}},"fnMap":{"0":{"name":"(anonymous_0)","decl":{"start":{"line":4,"column":4},"end":{"line":4,"column":5}},"loc":{"start":{"line":4,"column":35},"end":{"line":46,"column":5}},"line":4},"1":{"name":"(anonymous_1)","decl":{"start":{"line":48,"column":4},"end":{"line":48,"column":5}},"loc":{"start":{"line":48,"column":32},"end":{"line":59,"column":5}},"line":48}},"branchMap":{"0":{"loc":{"start":{"line":10,"column":12},"end":{"line":36,"column":13}},"type":"if","locations":[{"start":{"line":10,"column":12},"end":{"line":36,"column":13}},{"start":{},"end":{}}],"line":10},"1":{"loc":{"start":{"line":10,"column":16},"end":{"line":10,"column":40}},"type":"binary-expr","locations":[{"start":{"line":10,"column":16},"end":{"line":10,"column":19}},{"start":{"line":10,"column":23},"end":{"line":10,"column":40}}],"line":10},"2":{"loc":{"start":{"line":12,"column":16},"end":{"line":17,"column":17}},"type":"if","locations":[{"start":{"line":12,"column":16},"end":{"line":17,"column":17}},{"start":{},"end":{}}],"line":12},"3":{"loc":{"start":{"line":22,"column":54},"end":{"line":22,"column":97}},"type":"binary-expr","locations":[{"start":{"line":22,"column":54},"end":{"line":22,"column":76}},{"start":{"line":22,"column":80},"end":{"line":22,"column":97}}],"line":22},"4":{"loc":{"start":{"line":23,"column":20},"end":{"line":28,"column":21}},"type":"if","locations":[{"start":{"line":23,"column":20},"end":{"line":28,"column":21}},{"start":{},"end":{}}],"line":23}},"s":{"0":1,"1":0,"2":0,"3":0,"4":0,"5":0,"6":0,"7":0,"8":0,"9":0,"10":0,"11":0,"12":0,"13":0,"14":0,"15":0,"16":0,"17":0,"18":0,"19":0,"20":0,"21":0,"22":0,"23":0,"24":1},"f":{"0":0,"1":0},"b":{"0":[0,0],"1":[0,0],"2":[0,0],"3":[0,0],"4":[0,0]},"_coverageSchema":"1a1c01bbd47fc00a2c39e90264f33305004495a9","hash":"aab706c3470d2cdb6237a4bbc191bd6bdb8a6871"}
,"D:\\ESPE 6.1\\AnalisisDiseno\\YulianaValencia_30724_G4_ADSW\\3. CODIGO\\GCM\\Backend\\src\\controllers\\cliente.controller.js": {"path":"D:\\ESPE 6.1\\AnalisisDiseno\\YulianaValencia_30724_G4_ADSW\\3. CODIGO\\GCM\\Backend\\src\\controllers\\cliente.controller.js","statementMap":{"0":{"start":{"line":1,"column":23},"end":{"line":1,"column":61}},"1":{"start":{"line":5,"column":8},"end":{"line":13,"column":9}},"2":{"start":{"line":6,"column":28},"end":{"line":6,"column":72}},"3":{"start":{"line":7,"column":12},"end":{"line":10,"column":15}},"4":{"start":{"line":12,"column":12},"end":{"line":12,"column":24}},"5":{"start":{"line":17,"column":8},"end":{"line":25,"column":9}},"6":{"start":{"line":18,"column":29},"end":{"line":18,"column":63}},"7":{"start":{"line":19,"column":12},"end":{"line":22,"column":15}},"8":{"start":{"line":24,"column":12},"end":{"line":24,"column":24}},"9":{"start":{"line":29,"column":8},"end":{"line":37,"column":9}},"10":{"start":{"line":30,"column":28},"end":{"line":30,"column":78}},"11":{"start":{"line":31,"column":12},"end":{"line":34,"column":15}},"12":{"start":{"line":36,"column":12},"end":{"line":36,"column":24}},"13":{"start":{"line":41,"column":8},"end":{"line":49,"column":9}},"14":{"start":{"line":42,"column":28},"end":{"line":42,"column":86}},"15":{"start":{"line":43,"column":12},"end":{"line":46,"column":15}},"16":{"start":{"line":48,"column":12},"end":{"line":48,"column":24}},"17":{"start":{"line":53,"column":8},"end":{"line":61,"column":9}},"18":{"start":{"line":54,"column":28},"end":{"line":54,"column":87}},"19":{"start":{"line":55,"column":12},"end":{"line":58,"column":15}},"20":{"start":{"line":60,"column":12},"end":{"line":60,"column":24}},"21":{"start":{"line":65,"column":8},"end":{"line":73,"column":9}},"22":{"start":{"line":66,"column":12},"end":{"line":66,"column":62}},"23":{"start":{"line":67,"column":12},"end":{"line":70,"column":15}},"24":{"start":{"line":72,"column":12},"end":{"line":72,"column":24}},"25":{"start":{"line":77,"column":0},"end":{"line":77,"column":41}}},"fnMap":{"0":{"name":"(anonymous_0)","decl":{"start":{"line":4,"column":4},"end":{"line":4,"column":5}},"loc":{"start":{"line":4,"column":33},"end":{"line":14,"column":5}},"line":4},"1":{"name":"(anonymous_1)","decl":{"start":{"line":16,"column":4},"end":{"line":16,"column":5}},"loc":{"start":{"line":16,"column":33},"end":{"line":26,"column":5}},"line":16},"2":{"name":"(anonymous_2)","decl":{"start":{"line":28,"column":4},"end":{"line":28,"column":5}},"loc":{"start":{"line":28,"column":34},"end":{"line":38,"column":5}},"line":28},"3":{"name":"(anonymous_3)","decl":{"start":{"line":40,"column":4},"end":{"line":40,"column":5}},"loc":{"start":{"line":40,"column":38},"end":{"line":50,"column":5}},"line":40},"4":{"name":"(anonymous_4)","decl":{"start":{"line":52,"column":4},"end":{"line":52,"column":5}},"loc":{"start":{"line":52,"column":33},"end":{"line":62,"column":5}},"line":52},"5":{"name":"(anonymous_5)","decl":{"start":{"line":64,"column":4},"end":{"line":64,"column":5}},"loc":{"start":{"line":64,"column":33},"end":{"line":74,"column":5}},"line":64}},"branchMap":{},"s":{"0":1,"1":0,"2":0,"3":0,"4":0,"5":0,"6":0,"7":0,"8":0,"9":0,"10":0,"11":0,"12":0,"13":0,"14":0,"15":0,"16":0,"17":0,"18":0,"19":0,"20":0,"21":0,"22":0,"23":0,"24":0,"25":1},"f":{"0":0,"1":0,"2":0,"3":0,"4":0,"5":0},"b":{},"_coverageSchema":"1a1c01bbd47fc00a2c39e90264f33305004495a9","hash":"fc5fcf835f38261a50b6bfa957a3ed2969244bf5"}
,"D:\\ESPE 6.1\\AnalisisDiseno\\YulianaValencia_30724_G4_ADSW\\3. CODIGO\\GCM\\Backend\\src\\controllers\\mantenimiento.controller.js": {"path":"D:\\ESPE 6.1\\AnalisisDiseno\\YulianaValencia_30724_G4_ADSW\\3. CODIGO\\GCM\\Backend\\src\\controllers\\mantenimiento.controller.js","statementMap":{"0":{"start":{"line":1,"column":29},"end":{"line":1,"column":73}},"1":{"start":{"line":5,"column":8},"end":{"line":13,"column":9}},"2":{"start":{"line":6,"column":34},"end":{"line":6,"column":90}},"3":{"start":{"line":7,"column":12},"end":{"line":10,"column":15}},"4":{"start":{"line":12,"column":12},"end":{"line":12,"column":24}},"5":{"start":{"line":17,"column":8},"end":{"line":25,"column":9}},"6":{"start":{"line":18,"column":35},"end":{"line":18,"column":81}},"7":{"start":{"line":19,"column":12},"end":{"line":22,"column":15}},"8":{"start":{"line":24,"column":12},"end":{"line":24,"column":24}},"9":{"start":{"line":29,"column":8},"end":{"line":37,"column":9}},"10":{"start":{"line":30,"column":34},"end":{"line":30,"column":96}},"11":{"start":{"line":31,"column":12},"end":{"line":34,"column":15}},"12":{"start":{"line":36,"column":12},"end":{"line":36,"column":24}},"13":{"start":{"line":41,"column":8},"end":{"line":49,"column":9}},"14":{"start":{"line":42,"column":35},"end":{"line":42,"column":110}},"15":{"start":{"line":43,"column":12},"end":{"line":46,"column":15}},"16":{"start":{"line":48,"column":12},"end":{"line":48,"column":24}},"17":{"start":{"line":53,"column":8},"end":{"line":61,"column":9}},"18":{"start":{"line":54,"column":35},"end":{"line":54,"column":110}},"19":{"start":{"line":55,"column":12},"end":{"line":58,"column":15}},"20":{"start":{"line":60,"column":12},"end":{"line":60,"column":24}},"21":{"start":{"line":65,"column":8},"end":{"line":73,"column":9}},"22":{"start":{"line":66,"column":28},"end":{"line":66,"column":99}},"23":{"start":{"line":67,"column":12},"end":{"line":70,"column":15}},"24":{"start":{"line":72,"column":12},"end":{"line":72,"column":24}},"25":{"start":{"line":77,"column":8},"end":{"line":85,"column":9}},"26":{"start":{"line":78,"column":12},"end":{"line":78,"column":74}},"27":{"start":{"line":79,"column":12},"end":{"line":82,"column":15}},"28":{"start":{"line":84,"column":12},"end":{"line":84,"column":24}},"29":{"start":{"line":89,"column":0},"end":{"line":89,"column":47}}},"fnMap":{"0":{"name":"(anonymous_0)","decl":{"start":{"line":4,"column":4},"end":{"line":4,"column":5}},"loc":{"start":{"line":4,"column":33},"end":{"line":14,"column":5}},"line":4},"1":{"name":"(anonymous_1)","decl":{"start":{"line":16,"column":4},"end":{"line":16,"column":5}},"loc":{"start":{"line":16,"column":33},"end":{"line":26,"column":5}},"line":16},"2":{"name":"(anonymous_2)","decl":{"start":{"line":28,"column":4},"end":{"line":28,"column":5}},"loc":{"start":{"line":28,"column":34},"end":{"line":38,"column":5}},"line":28},"3":{"name":"(anonymous_3)","decl":{"start":{"line":40,"column":4},"end":{"line":40,"column":5}},"loc":{"start":{"line":40,"column":39},"end":{"line":50,"column":5}},"line":40},"4":{"name":"(anonymous_4)","decl":{"start":{"line":52,"column":4},"end":{"line":52,"column":5}},"loc":{"start":{"line":52,"column":39},"end":{"line":62,"column":5}},"line":52},"5":{"name":"(anonymous_5)","decl":{"start":{"line":64,"column":4},"end":{"line":64,"column":5}},"loc":{"start":{"line":64,"column":33},"end":{"line":74,"column":5}},"line":64},"6":{"name":"(anonymous_6)","decl":{"start":{"line":76,"column":4},"end":{"line":76,"column":5}},"loc":{"start":{"line":76,"column":33},"end":{"line":86,"column":5}},"line":76}},"branchMap":{},"s":{"0":1,"1":0,"2":0,"3":0,"4":0,"5":0,"6":0,"7":0,"8":0,"9":0,"10":0,"11":0,"12":0,"13":0,"14":0,"15":0,"16":0,"17":0,"18":0,"19":0,"20":0,"21":0,"22":0,"23":0,"24":0,"25":0,"26":0,"27":0,"28":0,"29":1},"f":{"0":0,"1":0,"2":0,"3":0,"4":0,"5":0,"6":0},"b":{},"_coverageSchema":"1a1c01bbd47fc00a2c39e90264f33305004495a9","hash":"ee0b4e3cd856f0fe45603ac4f2c1f037cb91198f"}
,"D:\\ESPE 6.1\\AnalisisDiseno\\YulianaValencia_30724_G4_ADSW\\3. CODIGO\\GCM\\Backend\\src\\controllers\\tecnico.controller.js": {"path":"D:\\ESPE 6.1\\AnalisisDiseno\\YulianaValencia_30724_G4_ADSW\\3. CODIGO\\GCM\\Backend\\src\\controllers\\tecnico.controller.js","statementMap":{"0":{"start":{"line":1,"column":23},"end":{"line":1,"column":61}},"1":{"start":{"line":5,"column":8},"end":{"line":13,"column":9}},"2":{"start":{"line":6,"column":28},"end":{"line":6,"column":72}},"3":{"start":{"line":7,"column":12},"end":{"line":10,"column":15}},"4":{"start":{"line":12,"column":12},"end":{"line":12,"column":24}},"5":{"start":{"line":17,"column":8},"end":{"line":25,"column":9}},"6":{"start":{"line":18,"column":29},"end":{"line":18,"column":63}},"7":{"start":{"line":19,"column":12},"end":{"line":22,"column":15}},"8":{"start":{"line":24,"column":12},"end":{"line":24,"column":24}},"9":{"start":{"line":29,"column":8},"end":{"line":37,"column":9}},"10":{"start":{"line":30,"column":28},"end":{"line":30,"column":78}},"11":{"start":{"line":31,"column":12},"end":{"line":34,"column":15}},"12":{"start":{"line":36,"column":12},"end":{"line":36,"column":24}},"13":{"start":{"line":41,"column":8},"end":{"line":49,"column":9}},"14":{"start":{"line":42,"column":28},"end":{"line":42,"column":87}},"15":{"start":{"line":43,"column":12},"end":{"line":46,"column":15}},"16":{"start":{"line":48,"column":12},"end":{"line":48,"column":24}},"17":{"start":{"line":53,"column":8},"end":{"line":61,"column":9}},"18":{"start":{"line":54,"column":12},"end":{"line":54,"column":62}},"19":{"start":{"line":55,"column":12},"end":{"line":58,"column":15}},"20":{"start":{"line":60,"column":12},"end":{"line":60,"column":24}},"21":{"start":{"line":65,"column":0},"end":{"line":65,"column":41}}},"fnMap":{"0":{"name":"(anonymous_0)","decl":{"start":{"line":4,"column":4},"end":{"line":4,"column":5}},"loc":{"start":{"line":4,"column":33},"end":{"line":14,"column":5}},"line":4},"1":{"name":"(anonymous_1)","decl":{"start":{"line":16,"column":4},"end":{"line":16,"column":5}},"loc":{"start":{"line":16,"column":33},"end":{"line":26,"column":5}},"line":16},"2":{"name":"(anonymous_2)","decl":{"start":{"line":28,"column":4},"end":{"line":28,"column":5}},"loc":{"start":{"line":28,"column":34},"end":{"line":38,"column":5}},"line":28},"3":{"name":"(anonymous_3)","decl":{"start":{"line":40,"column":4},"end":{"line":40,"column":5}},"loc":{"start":{"line":40,"column":33},"end":{"line":50,"column":5}},"line":40},"4":{"name":"(anonymous_4)","decl":{"start":{"line":52,"column":4},"end":{"line":52,"column":5}},"loc":{"start":{"line":52,"column":33},"end":{"line":62,"column":5}},"line":52}},"branchMap":{},"s":{"0":1,"1":0,"2":0,"3":0,"4":0,"5":0,"6":0,"7":0,"8":0,"9":0,"10":0,"11":0,"12":0,"13":0,"14":0,"15":0,"16":0,"17":0,"18":0,"19":0,"20":0,"21":1},"f":{"0":0,"1":0,"2":0,"3":0,"4":0},"b":{},"_coverageSchema":"1a1c01bbd47fc00a2c39e90264f33305004495a9","hash":"4b6bfd0ce27be1c7b2b2c00845f2456b4ca3399f"}
,"D:\\ESPE 6.1\\AnalisisDiseno\\YulianaValencia_30724_G4_ADSW\\3. CODIGO\\GCM\\Backend\\src\\middlewares\\auth.middleware.js": {"path":"D:\\ESPE 6.1\\AnalisisDiseno\\YulianaValencia_30724_G4_ADSW\\3. CODIGO\\GCM\\Backend\\src\\middlewares\\auth.middleware.js","statementMap":{"0":{"start":{"line":1,"column":12},"end":{"line":1,"column":35}},"1":{"start":{"line":3,"column":23},"end":{"line":24,"column":1}},"2":{"start":{"line":4,"column":23},"end":{"line":4,"column":48}},"3":{"start":{"line":5,"column":4},"end":{"line":10,"column":5}},"4":{"start":{"line":6,"column":8},"end":{"line":9,"column":11}},"5":{"start":{"line":12,"column":18},"end":{"line":12,"column":42}},"6":{"start":{"line":14,"column":4},"end":{"line":23,"column":5}},"7":{"start":{"line":15,"column":24},"end":{"line":15,"column":86}},"8":{"start":{"line":16,"column":8},"end":{"line":16,"column":27}},"9":{"start":{"line":17,"column":8},"end":{"line":17,"column":15}},"10":{"start":{"line":19,"column":8},"end":{"line":22,"column":11}},"11":{"start":{"line":27,"column":23},"end":{"line":44,"column":1}},"12":{"start":{"line":28,"column":4},"end":{"line":43,"column":6}},"13":{"start":{"line":31,"column":8},"end":{"line":33,"column":9}},"14":{"start":{"line":32,"column":12},"end":{"line":32,"column":81}},"15":{"start":{"line":36,"column":8},"end":{"line":41,"column":9}},"16":{"start":{"line":37,"column":12},"end":{"line":40,"column":15}},"17":{"start":{"line":42,"column":8},"end":{"line":42,"column":15}},"18":{"start":{"line":46,"column":0},"end":{"line":49,"column":2}}},"fnMap":{"0":{"name":"(anonymous_0)","decl":{"start":{"line":3,"column":23},"end":{"line":3,"column":24}},"loc":{"start":{"line":3,"column":43},"end":{"line":24,"column":1}},"line":3},"1":{"name":"(anonymous_1)","decl":{"start":{"line":27,"column":23},"end":{"line":27,"column":24}},"loc":{"start":{"line":27,"column":37},"end":{"line":44,"column":1}},"line":27},"2":{"name":"(anonymous_2)","decl":{"start":{"line":28,"column":11},"end":{"line":28,"column":12}},"loc":{"start":{"line":28,"column":31},"end":{"line":43,"column":5}},"line":28}},"branchMap":{"0":{"loc":{"start":{"line":5,"column":4},"end":{"line":10,"column":5}},"type":"if","locations":[{"start":{"line":5,"column":4},"end":{"line":10,"column":5}},{"start":{},"end":{}}],"line":5},"1":{"loc":{"start":{"line":5,"column":8},"end":{"line":5,"column":56}},"type":"binary-expr","locations":[{"start":{"line":5,"column":8},"end":{"line":5,"column":19}},{"start":{"line":5,"column":23},"end":{"line":5,"column":56}}],"line":5},"2":{"loc":{"start":{"line":15,"column":42},"end":{"line":15,"column":85}},"type":"binary-expr","locations":[{"start":{"line":15,"column":42},"end":{"line":15,"column":64}},{"start":{"line":15,"column":68},"end":{"line":15,"column":85}}],"line":15},"3":{"loc":{"start":{"line":31,"column":8},"end":{"line":33,"column":9}},"type":"if","locations":[{"start":{"line":31,"column":8},"end":{"line":33,"column":9}},{"start":{},"end":{}}],"line":31},"4":{"loc":{"start":{"line":36,"column":8},"end":{"line":41,"column":9}},"type":"if","locations":[{"start":{"line":36,"column":8},"end":{"line":41,"column":9}},{"start":{},"end":{}}],"line":36},"5":{"loc":{"start":{"line":36,"column":12},"end":{"line":36,"column":57}},"type":"binary-expr","locations":[{"start":{"line":36,"column":12},"end":{"line":36,"column":24}},{"start":{"line":36,"column":28},"end":{"line":36,"column":57}}],"line":36}},"s":{"0":1,"1":1,"2":0,"3":0,"4":0,"5":0,"6":0,"7":0,"8":0,"9":0,"10":0,"11":1,"12":0,"13":0,"14":0,"15":0,"16":0,"17":0,"18":1},"f":{"0":0,"1":0,"2":0},"b":{"0":[0,0],"1":[0,0],"2":[0,0],"3":[0,0],"4":[0,0],"5":[0,0]},"_coverageSchema":"1a1c01bbd47fc00a2c39e90264f33305004495a9","hash":"91653023d3b4254e2d2cddf356a787360d4a210f"}
,"D:\\ESPE 6.1\\AnalisisDiseno\\YulianaValencia_30724_G4_ADSW\\3. CODIGO\\GCM\\Backend\\src\\middlewares\\error.middleware.js": {"path":"D:\\ESPE 6.1\\AnalisisDiseno\\YulianaValencia_30724_G4_ADSW\\3. CODIGO\\GCM\\Backend\\src\\middlewares\\error.middleware.js","statementMap":{"0":{"start":{"line":1,"column":24},"end":{"line":15,"column":1}},"1":{"start":{"line":2,"column":4},"end":{"line":2,"column":54}},"2":{"start":{"line":3,"column":4},"end":{"line":3,"column":56}},"3":{"start":{"line":4,"column":4},"end":{"line":4,"column":38}},"4":{"start":{"line":5,"column":4},"end":{"line":5,"column":35}},"5":{"start":{"line":6,"column":4},"end":{"line":6,"column":54}},"6":{"start":{"line":8,"column":19},"end":{"line":8,"column":36}},"7":{"start":{"line":9,"column":20},"end":{"line":9,"column":81}},"8":{"start":{"line":11,"column":4},"end":{"line":14,"column":7}},"9":{"start":{"line":17,"column":0},"end":{"line":17,"column":33}}},"fnMap":{"0":{"name":"(anonymous_0)","decl":{"start":{"line":1,"column":24},"end":{"line":1,"column":25}},"loc":{"start":{"line":1,"column":49},"end":{"line":15,"column":1}},"line":1}},"branchMap":{"0":{"loc":{"start":{"line":4,"column":18},"end":{"line":4,"column":36}},"type":"binary-expr","locations":[{"start":{"line":4,"column":18},"end":{"line":4,"column":29}},{"start":{"line":4,"column":33},"end":{"line":4,"column":36}}],"line":4},"1":{"loc":{"start":{"line":5,"column":18},"end":{"line":5,"column":33}},"type":"binary-expr","locations":[{"start":{"line":5,"column":18},"end":{"line":5,"column":27}},{"start":{"line":5,"column":31},"end":{"line":5,"column":33}}],"line":5},"2":{"loc":{"start":{"line":8,"column":19},"end":{"line":8,"column":36}},"type":"binary-expr","locations":[{"start":{"line":8,"column":19},"end":{"line":8,"column":29}},{"start":{"line":8,"column":33},"end":{"line":8,"column":36}}],"line":8},"3":{"loc":{"start":{"line":9,"column":20},"end":{"line":9,"column":81}},"type":"binary-expr","locations":[{"start":{"line":9,"column":20},"end":{"line":9,"column":31}},{"start":{"line":9,"column":35},"end":{"line":9,"column":81}}],"line":9}},"s":{"0":1,"1":0,"2":0,"3":0,"4":0,"5":0,"6":0,"7":0,"8":0,"9":1},"f":{"0":0},"b":{"0":[0,0],"1":[0,0],"2":[0,0],"3":[0,0]},"_coverageSchema":"1a1c01bbd47fc00a2c39e90264f33305004495a9","hash":"4f9c92fea69f7fa1f4f16fbbefb7e4c7789573fe"}
,"D:\\ESPE 6.1\\AnalisisDiseno\\YulianaValencia_30724_G4_ADSW\\3. CODIGO\\GCM\\Backend\\src\\repositories\\cliente.repository.js": {"path":"D:\\ESPE 6.1\\AnalisisDiseno\\YulianaValencia_30724_G4_ADSW\\3. CODIGO\\GCM\\Backend\\src\\repositories\\cliente.repository.js","statementMap":{"0":{"start":{"line":1,"column":15},"end":{"line":1,"column":42}},"1":{"start":{"line":5,"column":8},"end":{"line":7,"column":11}},"2":{"start":{"line":11,"column":8},"end":{"line":15,"column":11}},"3":{"start":{"line":19,"column":8},"end":{"line":24,"column":11}},"4":{"start":{"line":28,"column":8},"end":{"line":33,"column":11}},"5":{"start":{"line":37,"column":8},"end":{"line":40,"column":11}},"6":{"start":{"line":44,"column":8},"end":{"line":46,"column":11}},"7":{"start":{"line":50,"column":0},"end":{"line":50,"column":41}}},"fnMap":{"0":{"name":"(anonymous_0)","decl":{"start":{"line":4,"column":4},"end":{"line":4,"column":5}},"loc":{"start":{"line":4,"column":23},"end":{"line":8,"column":5}},"line":4},"1":{"name":"(anonymous_1)","decl":{"start":{"line":10,"column":4},"end":{"line":10,"column":5}},"loc":{"start":{"line":10,"column":20},"end":{"line":16,"column":5}},"line":10},"2":{"name":"(anonymous_2)","decl":{"start":{"line":18,"column":4},"end":{"line":18,"column":5}},"loc":{"start":{"line":18,"column":23},"end":{"line":25,"column":5}},"line":18},"3":{"name":"(anonymous_3)","decl":{"start":{"line":27,"column":4},"end":{"line":27,"column":5}},"loc":{"start":{"line":27,"column":31},"end":{"line":34,"column":5}},"line":27},"4":{"name":"(anonymous_4)","decl":{"start":{"line":36,"column":4},"end":{"line":36,"column":5}},"loc":{"start":{"line":36,"column":27},"end":{"line":41,"column":5}},"line":36},"5":{"name":"(anonymous_5)","decl":{"start":{"line":43,"column":4},"end":{"line":43,"column":5}},"loc":{"start":{"line":43,"column":21},"end":{"line":47,"column":5}},"line":43}},"branchMap":{},"s":{"0":4,"1":0,"2":0,"3":0,"4":0,"5":0,"6":0,"7":4},"f":{"0":0,"1":0,"2":0,"3":0,"4":0,"5":0},"b":{},"_coverageSchema":"1a1c01bbd47fc00a2c39e90264f33305004495a9","hash":"def2e672d4c546ca1af138d74cb8db414bf1dd78"}
,"D:\\ESPE 6.1\\AnalisisDiseno\\YulianaValencia_30724_G4_ADSW\\3. CODIGO\\GCM\\Backend\\src\\repositories\\mantenimiento.repository.js": {"path":"D:\\ESPE 6.1\\AnalisisDiseno\\YulianaValencia_30724_G4_ADSW\\3. CODIGO\\GCM\\Backend\\src\\repositories\\mantenimiento.repository.js","statementMap":{"0":{"start":{"line":1,"column":15},"end":{"line":1,"column":42}},"1":{"start":{"line":5,"column":8},"end":{"line":11,"column":11}},"2":{"start":{"line":15,"column":8},"end":{"line":20,"column":11}},"3":{"start":{"line":24,"column":8},"end":{"line":30,"column":11}},"4":{"start":{"line":34,"column":8},"end":{"line":40,"column":11}},"5":{"start":{"line":44,"column":8},"end":{"line":50,"column":11}},"6":{"start":{"line":54,"column":8},"end":{"line":61,"column":11}},"7":{"start":{"line":65,"column":8},"end":{"line":67,"column":11}},"8":{"start":{"line":71,"column":0},"end":{"line":71,"column":47}}},"fnMap":{"0":{"name":"(anonymous_0)","decl":{"start":{"line":4,"column":4},"end":{"line":4,"column":5}},"loc":{"start":{"line":4,"column":23},"end":{"line":12,"column":5}},"line":4},"1":{"name":"(anonymous_1)","decl":{"start":{"line":14,"column":4},"end":{"line":14,"column":5}},"loc":{"start":{"line":14,"column":20},"end":{"line":21,"column":5}},"line":14},"2":{"name":"(anonymous_2)","decl":{"start":{"line":23,"column":4},"end":{"line":23,"column":5}},"loc":{"start":{"line":23,"column":23},"end":{"line":31,"column":5}},"line":23},"3":{"name":"(anonymous_3)","decl":{"start":{"line":33,"column":4},"end":{"line":33,"column":5}},"loc":{"start":{"line":33,"column":37},"end":{"line":41,"column":5}},"line":33},"4":{"name":"(anonymous_4)","decl":{"start":{"line":43,"column":4},"end":{"line":43,"column":5}},"loc":{"start":{"line":43,"column":37},"end":{"line":51,"column":5}},"line":43},"5":{"name":"(anonymous_5)","decl":{"start":{"line":53,"column":4},"end":{"line":53,"column":5}},"loc":{"start":{"line":53,"column":27},"end":{"line":62,"column":5}},"line":53},"6":{"name":"(anonymous_6)","decl":{"start":{"line":64,"column":4},"end":{"line":64,"column":5}},"loc":{"start":{"line":64,"column":21},"end":{"line":68,"column":5}},"line":64}},"branchMap":{},"s":{"0":2,"1":0,"2":0,"3":0,"4":0,"5":0,"6":0,"7":0,"8":2},"f":{"0":0,"1":0,"2":0,"3":0,"4":0,"5":0,"6":0},"b":{},"_coverageSchema":"1a1c01bbd47fc00a2c39e90264f33305004495a9","hash":"ef4652c8ab56e22710a982dbd8b0618b1e2ad578"}
,"D:\\ESPE 6.1\\AnalisisDiseno\\YulianaValencia_30724_G4_ADSW\\3. CODIGO\\GCM\\Backend\\src\\repositories\\tecnico.repository.js": {"path":"D:\\ESPE 6.1\\AnalisisDiseno\\YulianaValencia_30724_G4_ADSW\\3. CODIGO\\GCM\\Backend\\src\\repositories\\tecnico.repository.js","statementMap":{"0":{"start":{"line":1,"column":15},"end":{"line":1,"column":42}},"1":{"start":{"line":5,"column":8},"end":{"line":7,"column":11}},"2":{"start":{"line":11,"column":8},"end":{"line":15,"column":11}},"3":{"start":{"line":19,"column":8},"end":{"line":24,"column":11}},"4":{"start":{"line":30,"column":8},"end":{"line":35,"column":11}},"5":{"start":{"line":39,"column":8},"end":{"line":42,"column":11}},"6":{"start":{"line":46,"column":8},"end":{"line":48,"column":11}},"7":{"start":{"line":52,"column":0},"end":{"line":52,"column":41}}},"fnMap":{"0":{"name":"(anonymous_0)","decl":{"start":{"line":4,"column":4},"end":{"line":4,"column":5}},"loc":{"start":{"line":4,"column":23},"end":{"line":8,"column":5}},"line":4},"1":{"name":"(anonymous_1)","decl":{"start":{"line":10,"column":4},"end":{"line":10,"column":5}},"loc":{"start":{"line":10,"column":20},"end":{"line":16,"column":5}},"line":10},"2":{"name":"(anonymous_2)","decl":{"start":{"line":18,"column":4},"end":{"line":18,"column":5}},"loc":{"start":{"line":18,"column":23},"end":{"line":25,"column":5}},"line":18},"3":{"name":"(anonymous_3)","decl":{"start":{"line":27,"column":4},"end":{"line":27,"column":5}},"loc":{"start":{"line":27,"column":31},"end":{"line":36,"column":5}},"line":27},"4":{"name":"(anonymous_4)","decl":{"start":{"line":38,"column":4},"end":{"line":38,"column":5}},"loc":{"start":{"line":38,"column":27},"end":{"line":43,"column":5}},"line":38},"5":{"name":"(anonymous_5)","decl":{"start":{"line":45,"column":4},"end":{"line":45,"column":5}},"loc":{"start":{"line":45,"column":21},"end":{"line":49,"column":5}},"line":45}},"branchMap":{},"s":{"0":3,"1":0,"2":0,"3":0,"4":0,"5":0,"6":0,"7":3},"f":{"0":0,"1":0,"2":0,"3":0,"4":0,"5":0},"b":{},"_coverageSchema":"1a1c01bbd47fc00a2c39e90264f33305004495a9","hash":"792740041c62663986f79af3101794e0de1a6fe2"}
,"D:\\ESPE 6.1\\AnalisisDiseno\\YulianaValencia_30724_G4_ADSW\\3. CODIGO\\GCM\\Backend\\src\\repositories\\usuario.repository.js": {"path":"D:\\ESPE 6.1\\AnalisisDiseno\\YulianaValencia_30724_G4_ADSW\\3. CODIGO\\GCM\\Backend\\src\\repositories\\usuario.repository.js","statementMap":{"0":{"start":{"line":1,"column":15},"end":{"line":1,"column":42}},"1":{"start":{"line":5,"column":8},"end":{"line":7,"column":11}},"2":{"start":{"line":11,"column":8},"end":{"line":13,"column":11}},"3":{"start":{"line":17,"column":8},"end":{"line":19,"column":11}},"4":{"start":{"line":23,"column":0},"end":{"line":23,"column":41}}},"fnMap":{"0":{"name":"(anonymous_0)","decl":{"start":{"line":4,"column":4},"end":{"line":4,"column":5}},"loc":{"start":{"line":4,"column":23},"end":{"line":8,"column":5}},"line":4},"1":{"name":"(anonymous_1)","decl":{"start":{"line":10,"column":4},"end":{"line":10,"column":5}},"loc":{"start":{"line":10,"column":33},"end":{"line":14,"column":5}},"line":10},"2":{"name":"(anonymous_2)","decl":{"start":{"line":16,"column":4},"end":{"line":16,"column":5}},"loc":{"start":{"line":16,"column":23},"end":{"line":20,"column":5}},"line":16}},"branchMap":{},"s":{"0":4,"1":0,"2":0,"3":0,"4":4},"f":{"0":0,"1":0,"2":0},"b":{},"_coverageSchema":"1a1c01bbd47fc00a2c39e90264f33305004495a9","hash":"5e6ea4f416396d27bc8f067b6d6f2ba00221d44c"}
,"D:\\ESPE 6.1\\AnalisisDiseno\\YulianaValencia_30724_G4_ADSW\\3. CODIGO\\GCM\\Backend\\src\\routes\\auth.routes.js": {"path":"D:\\ESPE 6.1\\AnalisisDiseno\\YulianaValencia_30724_G4_ADSW\\3. CODIGO\\GCM\\Backend\\src\\routes\\auth.routes.js","statementMap":{"0":{"start":{"line":1,"column":16},"end":{"line":1,"column":34}},"1":{"start":{"line":2,"column":23},"end":{"line":2,"column":64}},"2":{"start":{"line":4,"column":15},"end":{"line":4,"column":31}},"3":{"start":{"line":6,"column":0},"end":{"line":6,"column":50}},"4":{"start":{"line":7,"column":0},"end":{"line":7,"column":44}},"5":{"start":{"line":9,"column":0},"end":{"line":9,"column":24}}},"fnMap":{},"branchMap":{},"s":{"0":1,"1":1,"2":1,"3":1,"4":1,"5":1},"f":{},"b":{},"_coverageSchema":"1a1c01bbd47fc00a2c39e90264f33305004495a9","hash":"34639ef9e308af626ff20cb6c8759612c25e64c3"}
,"D:\\ESPE 6.1\\AnalisisDiseno\\YulianaValencia_30724_G4_ADSW\\3. CODIGO\\GCM\\Backend\\src\\routes\\cliente.routes.js": {"path":"D:\\ESPE 6.1\\AnalisisDiseno\\YulianaValencia_30724_G4_ADSW\\3. CODIGO\\GCM\\Backend\\src\\routes\\cliente.routes.js","statementMap":{"0":{"start":{"line":1,"column":16},"end":{"line":1,"column":34}},"1":{"start":{"line":2,"column":26},"end":{"line":2,"column":70}},"2":{"start":{"line":3,"column":27},"end":{"line":3,"column":68}},"3":{"start":{"line":5,"column":15},"end":{"line":5,"column":31}},"4":{"start":{"line":8,"column":0},"end":{"line":8,"column":27}},"5":{"start":{"line":10,"column":0},"end":{"line":10,"column":43}},"6":{"start":{"line":11,"column":0},"end":{"line":11,"column":42}},"7":{"start":{"line":12,"column":0},"end":{"line":12,"column":46}},"8":{"start":{"line":13,"column":0},"end":{"line":13,"column":61}},"9":{"start":{"line":14,"column":0},"end":{"line":14,"column":45}},"10":{"start":{"line":15,"column":0},"end":{"line":15,"column":48}},"11":{"start":{"line":17,"column":0},"end":{"line":17,"column":24}}},"fnMap":{},"branchMap":{},"s":{"0":1,"1":1,"2":1,"3":1,"4":1,"5":1,"6":1,"7":1,"8":1,"9":1,"10":1,"11":1},"f":{},"b":{},"_coverageSchema":"1a1c01bbd47fc00a2c39e90264f33305004495a9","hash":"3d6009eeb70cd4d25f602745aa1fa00644e79f89"}
,"D:\\ESPE 6.1\\AnalisisDiseno\\YulianaValencia_30724_G4_ADSW\\3. CODIGO\\GCM\\Backend\\src\\routes\\mantenimiento.routes.js": {"path":"D:\\ESPE 6.1\\AnalisisDiseno\\YulianaValencia_30724_G4_ADSW\\3. CODIGO\\GCM\\Backend\\src\\routes\\mantenimiento.routes.js","statementMap":{"0":{"start":{"line":1,"column":16},"end":{"line":1,"column":34}},"1":{"start":{"line":2,"column":32},"end":{"line":2,"column":82}},"2":{"start":{"line":3,"column":27},"end":{"line":3,"column":68}},"3":{"start":{"line":5,"column":15},"end":{"line":5,"column":31}},"4":{"start":{"line":8,"column":0},"end":{"line":8,"column":27}},"5":{"start":{"line":10,"column":0},"end":{"line":10,"column":49}},"6":{"start":{"line":11,"column":0},"end":{"line":11,"column":48}},"7":{"start":{"line":12,"column":0},"end":{"line":12,"column":52}},"8":{"start":{"line":13,"column":0},"end":{"line":13,"column":72}},"9":{"start":{"line":14,"column":0},"end":{"line":14,"column":72}},"10":{"start":{"line":15,"column":0},"end":{"line":15,"column":51}},"11":{"start":{"line":16,"column":0},"end":{"line":16,"column":54}},"12":{"start":{"line":18,"column":0},"end":{"line":18,"column":24}}},"fnMap":{},"branchMap":{},"s":{"0":1,"1":1,"2":1,"3":1,"4":1,"5":1,"6":1,"7":1,"8":1,"9":1,"10":1,"11":1,"12":1},"f":{},"b":{},"_coverageSchema":"1a1c01bbd47fc00a2c39e90264f33305004495a9","hash":"2643ba310651aa931c3c0eb220a191f56d37c8b1"}
,"D:\\ESPE 6.1\\AnalisisDiseno\\YulianaValencia_30724_G4_ADSW\\3. CODIGO\\GCM\\Backend\\src\\routes\\tecnico.routes.js": {"path":"D:\\ESPE 6.1\\AnalisisDiseno\\YulianaValencia_30724_G4_ADSW\\3. CODIGO\\GCM\\Backend\\src\\routes\\tecnico.routes.js","statementMap":{"0":{"start":{"line":1,"column":16},"end":{"line":1,"column":34}},"1":{"start":{"line":2,"column":26},"end":{"line":2,"column":70}},"2":{"start":{"line":3,"column":27},"end":{"line":3,"column":68}},"3":{"start":{"line":5,"column":15},"end":{"line":5,"column":31}},"4":{"start":{"line":8,"column":0},"end":{"line":8,"column":27}},"5":{"start":{"line":10,"column":0},"end":{"line":10,"column":43}},"6":{"start":{"line":11,"column":0},"end":{"line":11,"column":42}},"7":{"start":{"line":12,"column":0},"end":{"line":12,"column":46}},"8":{"start":{"line":13,"column":0},"end":{"line":13,"column":45}},"9":{"start":{"line":14,"column":0},"end":{"line":14,"column":48}},"10":{"start":{"line":16,"column":0},"end":{"line":16,"column":24}}},"fnMap":{},"branchMap":{},"s":{"0":1,"1":1,"2":1,"3":1,"4":1,"5":1,"6":1,"7":1,"8":1,"9":1,"10":1},"f":{},"b":{},"_coverageSchema":"1a1c01bbd47fc00a2c39e90264f33305004495a9","hash":"3e2ea2ffda6221f4017aa106aa668083060366b3"}
,"D:\\ESPE 6.1\\AnalisisDiseno\\YulianaValencia_30724_G4_ADSW\\3. CODIGO\\GCM\\Backend\\src\\routes\\test.routes.js": {"path":"D:\\ESPE 6.1\\AnalisisDiseno\\YulianaValencia_30724_G4_ADSW\\3. CODIGO\\GCM\\Backend\\src\\routes\\test.routes.js","statementMap":{"0":{"start":{"line":1,"column":16},"end":{"line":1,"column":34}},"1":{"start":{"line":3,"column":15},"end":{"line":3,"column":42}},"2":{"start":{"line":5,"column":15},"end":{"line":5,"column":31}},"3":{"start":{"line":7,"column":0},"end":{"line":24,"column":3}},"4":{"start":{"line":9,"column":4},"end":{"line":22,"column":5}},"5":{"start":{"line":11,"column":8},"end":{"line":11,"column":32}},"6":{"start":{"line":13,"column":8},"end":{"line":16,"column":11}},"7":{"start":{"line":20,"column":8},"end":{"line":20,"column":36}},"8":{"start":{"line":26,"column":0},"end":{"line":26,"column":24}}},"fnMap":{"0":{"name":"(anonymous_0)","decl":{"start":{"line":7,"column":18},"end":{"line":7,"column":19}},"loc":{"start":{"line":7,"column":38},"end":{"line":24,"column":1}},"line":7}},"branchMap":{},"s":{"0":1,"1":1,"2":1,"3":1,"4":0,"5":0,"6":0,"7":0,"8":1},"f":{"0":0},"b":{},"_coverageSchema":"1a1c01bbd47fc00a2c39e90264f33305004495a9","hash":"5c35e40e26b502fa334872127fcf480cc501b4bd"}
,"D:\\ESPE 6.1\\AnalisisDiseno\\YulianaValencia_30724_G4_ADSW\\3. CODIGO\\GCM\\Backend\\src\\services\\auth.service.js": {"path":"D:\\ESPE 6.1\\AnalisisDiseno\\YulianaValencia_30724_G4_ADSW\\3. CODIGO\\GCM\\Backend\\src\\services\\auth.service.js","statementMap":{"0":{"start":{"line":1,"column":15},"end":{"line":1,"column":32}},"1":{"start":{"line":2,"column":12},"end":{"line":2,"column":35}},"2":{"start":{"line":3,"column":26},"end":{"line":3,"column":71}},"3":{"start":{"line":4,"column":26},"end":{"line":4,"column":71}},"4":{"start":{"line":8,"column":8},"end":{"line":10,"column":9}},"5":{"start":{"line":9,"column":12},"end":{"line":9,"column":94}},"6":{"start":{"line":12,"column":29},"end":{"line":12,"column":75}},"7":{"start":{"line":13,"column":8},"end":{"line":15,"column":9}},"8":{"start":{"line":14,"column":12},"end":{"line":14,"column":72}},"9":{"start":{"line":17,"column":23},"end":{"line":17,"column":50}},"10":{"start":{"line":20,"column":8},"end":{"line":37,"column":9}},"11":{"start":{"line":21,"column":12},"end":{"line":23,"column":13}},"12":{"start":{"line":22,"column":16},"end":{"line":22,"column":91}},"13":{"start":{"line":24,"column":36},"end":{"line":24,"column":80}},"14":{"start":{"line":25,"column":12},"end":{"line":27,"column":13}},"15":{"start":{"line":26,"column":16},"end":{"line":26,"column":79}},"16":{"start":{"line":30,"column":12},"end":{"line":36,"column":15}},"17":{"start":{"line":40,"column":8},"end":{"line":60,"column":9}},"18":{"start":{"line":41,"column":12},"end":{"line":43,"column":13}},"19":{"start":{"line":42,"column":16},"end":{"line":42,"column":103}},"20":{"start":{"line":44,"column":36},"end":{"line":46,"column":14}},"21":{"start":{"line":47,"column":12},"end":{"line":49,"column":13}},"22":{"start":{"line":48,"column":16},"end":{"line":48,"column":84}},"23":{"start":{"line":52,"column":12},"end":{"line":59,"column":15}},"24":{"start":{"line":62,"column":31},"end":{"line":62,"column":62}},"25":{"start":{"line":63,"column":24},"end":{"line":69,"column":10}},"26":{"start":{"line":72,"column":56},"end":{"line":72,"column":63}},"27":{"start":{"line":73,"column":8},"end":{"line":73,"column":35}},"28":{"start":{"line":77,"column":8},"end":{"line":79,"column":9}},"29":{"start":{"line":78,"column":12},"end":{"line":78,"column":68}},"30":{"start":{"line":81,"column":21},"end":{"line":81,"column":67}},"31":{"start":{"line":82,"column":8},"end":{"line":84,"column":9}},"32":{"start":{"line":83,"column":12},"end":{"line":83,"column":65}},"33":{"start":{"line":86,"column":24},"end":{"line":86,"column":69}},"34":{"start":{"line":87,"column":8},"end":{"line":89,"column":9}},"35":{"start":{"line":88,"column":12},"end":{"line":88,"column":65}},"36":{"start":{"line":91,"column":22},"end":{"line":95,"column":9}},"37":{"start":{"line":97,"column":8},"end":{"line":106,"column":10}},"38":{"start":{"line":110,"column":0},"end":{"line":110,"column":35}}},"fnMap":{"0":{"name":"(anonymous_0)","decl":{"start":{"line":7,"column":4},"end":{"line":7,"column":5}},"loc":{"start":{"line":7,"column":125},"end":{"line":74,"column":5}},"line":7},"1":{"name":"(anonymous_1)","decl":{"start":{"line":76,"column":4},"end":{"line":76,"column":5}},"loc":{"start":{"line":76,"column":35},"end":{"line":107,"column":5}},"line":76}},"branchMap":{"0":{"loc":{"start":{"line":7,"column":46},"end":{"line":7,"column":61}},"type":"default-arg","locations":[{"start":{"line":7,"column":52},"end":{"line":7,"column":61}}],"line":7},"1":{"loc":{"start":{"line":7,"column":63},"end":{"line":7,"column":76}},"type":"default-arg","locations":[{"start":{"line":7,"column":72},"end":{"line":7,"column":76}}],"line":7},"2":{"loc":{"start":{"line":7,"column":78},"end":{"line":7,"column":89}},"type":"default-arg","locations":[{"start":{"line":7,"column":87},"end":{"line":7,"column":89}}],"line":7},"3":{"loc":{"start":{"line":7,"column":91},"end":{"line":7,"column":104}},"type":"default-arg","locations":[{"start":{"line":7,"column":102},"end":{"line":7,"column":104}}],"line":7},"4":{"loc":{"start":{"line":7,"column":106},"end":{"line":7,"column":123}},"type":"default-arg","locations":[{"start":{"line":7,"column":121},"end":{"line":7,"column":123}}],"line":7},"5":{"loc":{"start":{"line":8,"column":8},"end":{"line":10,"column":9}},"type":"if","locations":[{"start":{"line":8,"column":8},"end":{"line":10,"column":9}},{"start":{},"end":{}}],"line":8},"6":{"loc":{"start":{"line":8,"column":12},"end":{"line":8,"column":44}},"type":"binary-expr","locations":[{"start":{"line":8,"column":12},"end":{"line":8,"column":19}},{"start":{"line":8,"column":23},"end":{"line":8,"column":31}},{"start":{"line":8,"column":35},"end":{"line":8,"column":44}}],"line":8},"7":{"loc":{"start":{"line":13,"column":8},"end":{"line":15,"column":9}},"type":"if","locations":[{"start":{"line":13,"column":8},"end":{"line":15,"column":9}},{"start":{},"end":{}}],"line":13},"8":{"loc":{"start":{"line":20,"column":8},"end":{"line":37,"column":9}},"type":"if","locations":[{"start":{"line":20,"column":8},"end":{"line":37,"column":9}},{"start":{},"end":{}}],"line":20},"9":{"loc":{"start":{"line":21,"column":12},"end":{"line":23,"column":13}},"type":"if","locations":[{"start":{"line":21,"column":12},"end":{"line":23,"column":13}},{"start":{},"end":{}}],"line":21},"10":{"loc":{"start":{"line":25,"column":12},"end":{"line":27,"column":13}},"type":"if","locations":[{"start":{"line":25,"column":12},"end":{"line":27,"column":13}},{"start":{},"end":{}}],"line":25},"11":{"loc":{"start":{"line":33,"column":26},"end":{"line":33,"column":40}},"type":"binary-expr","locations":[{"start":{"line":33,"column":26},"end":{"line":33,"column":34}},{"start":{"line":33,"column":38},"end":{"line":33,"column":40}}],"line":33},"12":{"loc":{"start":{"line":34,"column":24},"end":{"line":34,"column":36}},"type":"binary-expr","locations":[{"start":{"line":34,"column":24},"end":{"line":34,"column":30}},{"start":{"line":34,"column":34},"end":{"line":34,"column":36}}],"line":34},"13":{"loc":{"start":{"line":40,"column":8},"end":{"line":60,"column":9}},"type":"if","locations":[{"start":{"line":40,"column":8},"end":{"line":60,"column":9}},{"start":{},"end":{}}],"line":40},"14":{"loc":{"start":{"line":41,"column":12},"end":{"line":43,"column":13}},"type":"if","locations":[{"start":{"line":41,"column":12},"end":{"line":43,"column":13}},{"start":{},"end":{}}],"line":41},"15":{"loc":{"start":{"line":47,"column":12},"end":{"line":49,"column":13}},"type":"if","locations":[{"start":{"line":47,"column":12},"end":{"line":49,"column":13}},{"start":{},"end":{}}],"line":47},"16":{"loc":{"start":{"line":55,"column":34},"end":{"line":55,"column":59}},"type":"binary-expr","locations":[{"start":{"line":55,"column":34},"end":{"line":55,"column":46}},{"start":{"line":55,"column":50},"end":{"line":55,"column":59}}],"line":55},"17":{"loc":{"start":{"line":56,"column":30},"end":{"line":56,"column":44}},"type":"binary-expr","locations":[{"start":{"line":56,"column":30},"end":{"line":56,"column":38}},{"start":{"line":56,"column":42},"end":{"line":56,"column":44}}],"line":56},"18":{"loc":{"start":{"line":77,"column":8},"end":{"line":79,"column":9}},"type":"if","locations":[{"start":{"line":77,"column":8},"end":{"line":79,"column":9}},{"start":{},"end":{}}],"line":77},"19":{"loc":{"start":{"line":77,"column":12},"end":{"line":77,"column":33}},"type":"binary-expr","locations":[{"start":{"line":77,"column":12},"end":{"line":77,"column":20}},{"start":{"line":77,"column":24},"end":{"line":77,"column":33}}],"line":77},"20":{"loc":{"start":{"line":82,"column":8},"end":{"line":84,"column":9}},"type":"if","locations":[{"start":{"line":82,"column":8},"end":{"line":84,"column":9}},{"start":{},"end":{}}],"line":82},"21":{"loc":{"start":{"line":87,"column":8},"end":{"line":89,"column":9}},"type":"if","locations":[{"start":{"line":87,"column":8},"end":{"line":89,"column":9}},{"start":{},"end":{}}],"line":87},"22":{"loc":{"start":{"line":93,"column":12},"end":{"line":93,"column":55}},"type":"binary-expr","locations":[{"start":{"line":93,"column":12},"end":{"line":93,"column":34}},{"start":{"line":93,"column":38},"end":{"line":93,"column":55}}],"line":93}},"s":{"0":2,"1":2,"2":2,"3":2,"4":2,"5":0,"6":2,"7":2,"8":1,"9":1,"10":1,"11":1,"12":0,"13":1,"14":1,"15":0,"16":1,"17":1,"18":0,"19":0,"20":0,"21":0,"22":0,"23":0,"24":1,"25":1,"26":1,"27":1,"28":4,"29":1,"30":3,"31":3,"32":1,"33":2,"34":2,"35":1,"36":1,"37":1,"38":2},"f":{"0":2,"1":4},"b":{"0":[0],"1":[0],"2":[2],"3":[2],"4":[2],"5":[0,2],"6":[2,2,2],"7":[1,1],"8":[1,0],"9":[0,1],"10":[0,1],"11":[1,1],"12":[1,1],"13":[0,1],"14":[0,0],"15":[0,0],"16":[0,0],"17":[0,0],"18":[1,3],"19":[4,3],"20":[1,2],"21":[1,1],"22":[1,1]},"_coverageSchema":"1a1c01bbd47fc00a2c39e90264f33305004495a9","hash":"fbd9a4ad3396de02e1518b90b4ceeac343288a88"}
,"D:\\ESPE 6.1\\AnalisisDiseno\\YulianaValencia_30724_G4_ADSW\\3. CODIGO\\GCM\\Backend\\src\\services\\cliente.service.js": {"path":"D:\\ESPE 6.1\\AnalisisDiseno\\YulianaValencia_30724_G4_ADSW\\3. CODIGO\\GCM\\Backend\\src\\services\\cliente.service.js","statementMap":{"0":{"start":{"line":1,"column":26},"end":{"line":1,"column":71}},"1":{"start":{"line":2,"column":26},"end":{"line":2,"column":71}},"2":{"start":{"line":3,"column":15},"end":{"line":3,"column":32}},"3":{"start":{"line":7,"column":73},"end":{"line":7,"column":77}},"4":{"start":{"line":8,"column":8},"end":{"line":10,"column":9}},"5":{"start":{"line":9,"column":12},"end":{"line":9,"column":65}},"6":{"start":{"line":12,"column":32},"end":{"line":12,"column":76}},"7":{"start":{"line":13,"column":8},"end":{"line":15,"column":9}},"8":{"start":{"line":14,"column":12},"end":{"line":14,"column":80}},"9":{"start":{"line":17,"column":27},"end":{"line":23,"column":10}},"10":{"start":{"line":26,"column":8},"end":{"line":38,"column":9}},"11":{"start":{"line":27,"column":29},"end":{"line":27,"column":46}},"12":{"start":{"line":28,"column":35},"end":{"line":28,"column":64}},"13":{"start":{"line":29,"column":12},"end":{"line":35,"column":15}},"14":{"start":{"line":37,"column":12},"end":{"line":37,"column":77}},"15":{"start":{"line":40,"column":8},"end":{"line":40,"column":26}},"16":{"start":{"line":44,"column":8},"end":{"line":44,"column":49}},"17":{"start":{"line":48,"column":24},"end":{"line":48,"column":70}},"18":{"start":{"line":49,"column":8},"end":{"line":51,"column":9}},"19":{"start":{"line":50,"column":12},"end":{"line":50,"column":54}},"20":{"start":{"line":52,"column":8},"end":{"line":52,"column":23}},"21":{"start":{"line":56,"column":24},"end":{"line":56,"column":68}},"22":{"start":{"line":57,"column":8},"end":{"line":59,"column":9}},"23":{"start":{"line":58,"column":12},"end":{"line":58,"column":54}},"24":{"start":{"line":60,"column":8},"end":{"line":60,"column":23}},"25":{"start":{"line":64,"column":8},"end":{"line":64,"column":38}},"26":{"start":{"line":65,"column":8},"end":{"line":65,"column":66}},"27":{"start":{"line":69,"column":24},"end":{"line":69,"column":53}},"28":{"start":{"line":72,"column":8},"end":{"line":79,"column":9}},"29":{"start":{"line":73,"column":27},"end":{"line":73,"column":54}},"30":{"start":{"line":74,"column":12},"end":{"line":76,"column":15}},"31":{"start":{"line":78,"column":12},"end":{"line":78,"column":81}},"32":{"start":{"line":81,"column":8},"end":{"line":81,"column":60}},"33":{"start":{"line":85,"column":0},"end":{"line":85,"column":38}}},"fnMap":{"0":{"name":"(anonymous_0)","decl":{"start":{"line":6,"column":4},"end":{"line":6,"column":5}},"loc":{"start":{"line":6,"column":30},"end":{"line":41,"column":5}},"line":6},"1":{"name":"(anonymous_1)","decl":{"start":{"line":43,"column":4},"end":{"line":43,"column":5}},"loc":{"start":{"line":43,"column":24},"end":{"line":45,"column":5}},"line":43},"2":{"name":"(anonymous_2)","decl":{"start":{"line":47,"column":4},"end":{"line":47,"column":5}},"loc":{"start":{"line":47,"column":29},"end":{"line":53,"column":5}},"line":47},"3":{"name":"(anonymous_3)","decl":{"start":{"line":55,"column":4},"end":{"line":55,"column":5}},"loc":{"start":{"line":55,"column":37},"end":{"line":61,"column":5}},"line":55},"4":{"name":"(anonymous_4)","decl":{"start":{"line":63,"column":4},"end":{"line":63,"column":5}},"loc":{"start":{"line":63,"column":34},"end":{"line":66,"column":5}},"line":63},"5":{"name":"(anonymous_5)","decl":{"start":{"line":68,"column":4},"end":{"line":68,"column":5}},"loc":{"start":{"line":68,"column":28},"end":{"line":82,"column":5}},"line":68}},"branchMap":{"0":{"loc":{"start":{"line":8,"column":8},"end":{"line":10,"column":9}},"type":"if","locations":[{"start":{"line":8,"column":8},"end":{"line":10,"column":9}},{"start":{},"end":{}}],"line":8},"1":{"loc":{"start":{"line":8,"column":12},"end":{"line":8,"column":30}},"type":"binary-expr","locations":[{"start":{"line":8,"column":12},"end":{"line":8,"column":19}},{"start":{"line":8,"column":23},"end":{"line":8,"column":30}}],"line":8},"2":{"loc":{"start":{"line":13,"column":8},"end":{"line":15,"column":9}},"type":"if","locations":[{"start":{"line":13,"column":8},"end":{"line":15,"column":9}},{"start":{},"end":{}}],"line":13},"3":{"loc":{"start":{"line":20,"column":22},"end":{"line":20,"column":36}},"type":"binary-expr","locations":[{"start":{"line":20,"column":22},"end":{"line":20,"column":30}},{"start":{"line":20,"column":34},"end":{"line":20,"column":36}}],"line":20},"4":{"loc":{"start":{"line":21,"column":20},"end":{"line":21,"column":32}},"type":"binary-expr","locations":[{"start":{"line":21,"column":20},"end":{"line":21,"column":26}},{"start":{"line":21,"column":30},"end":{"line":21,"column":32}}],"line":21},"5":{"loc":{"start":{"line":22,"column":23},"end":{"line":22,"column":38}},"type":"binary-expr","locations":[{"start":{"line":22,"column":23},"end":{"line":22,"column":32}},{"start":{"line":22,"column":36},"end":{"line":22,"column":38}}],"line":22},"6":{"loc":{"start":{"line":27,"column":29},"end":{"line":27,"column":46}},"type":"binary-expr","locations":[{"start":{"line":27,"column":29},"end":{"line":27,"column":36}},{"start":{"line":27,"column":40},"end":{"line":27,"column":46}}],"line":27},"7":{"loc":{"start":{"line":49,"column":8},"end":{"line":51,"column":9}},"type":"if","locations":[{"start":{"line":49,"column":8},"end":{"line":51,"column":9}},{"start":{},"end":{}}],"line":49},"8":{"loc":{"start":{"line":57,"column":8},"end":{"line":59,"column":9}},"type":"if","locations":[{"start":{"line":57,"column":8},"end":{"line":59,"column":9}},{"start":{},"end":{}}],"line":57}},"s":{"0":2,"1":2,"2":2,"3":2,"4":2,"5":0,"6":2,"7":2,"8":1,"9":1,"10":1,"11":1,"12":1,"13":1,"14":0,"15":1,"16":1,"17":3,"18":3,"19":0,"20":3,"21":0,"22":0,"23":0,"24":0,"25":1,"26":1,"27":1,"28":1,"29":1,"30":1,"31":1,"32":1,"33":2},"f":{"0":2,"1":1,"2":3,"3":0,"4":1,"5":1},"b":{"0":[0,2],"1":[2,2],"2":[1,1],"3":[1,1],"4":[1,1],"5":[1,1],"6":[1,1],"7":[0,3],"8":[0,0]},"_coverageSchema":"1a1c01bbd47fc00a2c39e90264f33305004495a9","hash":"efd73bbb8ca36d7d1d65c4e86dfd6c0bc85e037b"}
,"D:\\ESPE 6.1\\AnalisisDiseno\\YulianaValencia_30724_G4_ADSW\\3. CODIGO\\GCM\\Backend\\src\\services\\mantenimiento.service.js": {"path":"D:\\ESPE 6.1\\AnalisisDiseno\\YulianaValencia_30724_G4_ADSW\\3. CODIGO\\GCM\\Backend\\src\\services\\mantenimiento.service.js","statementMap":{"0":{"start":{"line":1,"column":32},"end":{"line":1,"column":83}},"1":{"start":{"line":2,"column":26},"end":{"line":2,"column":71}},"2":{"start":{"line":3,"column":26},"end":{"line":3,"column":71}},"3":{"start":{"line":7,"column":82},"end":{"line":7,"column":86}},"4":{"start":{"line":9,"column":8},"end":{"line":11,"column":9}},"5":{"start":{"line":10,"column":12},"end":{"line":10,"column":109}},"6":{"start":{"line":14,"column":24},"end":{"line":14,"column":77}},"7":{"start":{"line":15,"column":8},"end":{"line":17,"column":9}},"8":{"start":{"line":16,"column":12},"end":{"line":16,"column":66}},"9":{"start":{"line":20,"column":24},"end":{"line":20,"column":77}},"10":{"start":{"line":21,"column":8},"end":{"line":23,"column":9}},"11":{"start":{"line":22,"column":12},"end":{"line":22,"column":66}},"12":{"start":{"line":25,"column":8},"end":{"line":33,"column":11}},"13":{"start":{"line":37,"column":8},"end":{"line":37,"column":55}},"14":{"start":{"line":41,"column":30},"end":{"line":41,"column":82}},"15":{"start":{"line":42,"column":8},"end":{"line":44,"column":9}},"16":{"start":{"line":43,"column":12},"end":{"line":43,"column":60}},"17":{"start":{"line":45,"column":8},"end":{"line":45,"column":29}},"18":{"start":{"line":49,"column":8},"end":{"line":49,"column":82}},"19":{"start":{"line":53,"column":8},"end":{"line":53,"column":82}},"20":{"start":{"line":57,"column":8},"end":{"line":57,"column":44}},"21":{"start":{"line":59,"column":27},"end":{"line":59,"column":38}},"22":{"start":{"line":60,"column":8},"end":{"line":62,"column":9}},"23":{"start":{"line":61,"column":12},"end":{"line":61,"column":58}},"24":{"start":{"line":63,"column":8},"end":{"line":65,"column":9}},"25":{"start":{"line":64,"column":12},"end":{"line":64,"column":60}},"26":{"start":{"line":66,"column":8},"end":{"line":70,"column":9}},"27":{"start":{"line":67,"column":12},"end":{"line":67,"column":66}},"28":{"start":{"line":68,"column":28},"end":{"line":68,"column":82}},"29":{"start":{"line":69,"column":12},"end":{"line":69,"column":80}},"30":{"start":{"line":69,"column":26},"end":{"line":69,"column":80}},"31":{"start":{"line":71,"column":8},"end":{"line":75,"column":9}},"32":{"start":{"line":72,"column":12},"end":{"line":72,"column":66}},"33":{"start":{"line":73,"column":28},"end":{"line":73,"column":82}},"34":{"start":{"line":74,"column":12},"end":{"line":74,"column":80}},"35":{"start":{"line":74,"column":26},"end":{"line":74,"column":80}},"36":{"start":{"line":77,"column":8},"end":{"line":77,"column":78}},"37":{"start":{"line":81,"column":8},"end":{"line":81,"column":44}},"38":{"start":{"line":82,"column":8},"end":{"line":82,"column":66}},"39":{"start":{"line":86,"column":0},"end":{"line":86,"column":44}}},"fnMap":{"0":{"name":"(anonymous_0)","decl":{"start":{"line":6,"column":4},"end":{"line":6,"column":5}},"loc":{"start":{"line":6,"column":36},"end":{"line":34,"column":5}},"line":6},"1":{"name":"(anonymous_1)","decl":{"start":{"line":36,"column":4},"end":{"line":36,"column":5}},"loc":{"start":{"line":36,"column":30},"end":{"line":38,"column":5}},"line":36},"2":{"name":"(anonymous_2)","decl":{"start":{"line":40,"column":4},"end":{"line":40,"column":5}},"loc":{"start":{"line":40,"column":35},"end":{"line":46,"column":5}},"line":40},"3":{"name":"(anonymous_3)","decl":{"start":{"line":48,"column":4},"end":{"line":48,"column":5}},"loc":{"start":{"line":48,"column":48},"end":{"line":50,"column":5}},"line":48},"4":{"name":"(anonymous_4)","decl":{"start":{"line":52,"column":4},"end":{"line":52,"column":5}},"loc":{"start":{"line":52,"column":48},"end":{"line":54,"column":5}},"line":52},"5":{"name":"(anonymous_5)","decl":{"start":{"line":56,"column":4},"end":{"line":56,"column":5}},"loc":{"start":{"line":56,"column":40},"end":{"line":78,"column":5}},"line":56},"6":{"name":"(anonymous_6)","decl":{"start":{"line":80,"column":4},"end":{"line":80,"column":5}},"loc":{"start":{"line":80,"column":34},"end":{"line":83,"column":5}},"line":80}},"branchMap":{"0":{"loc":{"start":{"line":9,"column":8},"end":{"line":11,"column":9}},"type":"if","locations":[{"start":{"line":9,"column":8},"end":{"line":11,"column":9}},{"start":{},"end":{}}],"line":9},"1":{"loc":{"start":{"line":9,"column":12},"end":{"line":9,"column":105}},"type":"binary-expr","locations":[{"start":{"line":9,"column":12},"end":{"line":9,"column":17}},{"start":{"line":9,"column":21},"end":{"line":9,"column":33}},{"start":{"line":9,"column":37},"end":{"line":9,"column":43}},{"start":{"line":9,"column":47},"end":{"line":9,"column":54}},{"start":{"line":9,"column":58},"end":{"line":9,"column":77}},{"start":{"line":9,"column":81},"end":{"line":9,"column":91}},{"start":{"line":9,"column":95},"end":{"line":9,"column":105}}],"line":9},"2":{"loc":{"start":{"line":15,"column":8},"end":{"line":17,"column":9}},"type":"if","locations":[{"start":{"line":15,"column":8},"end":{"line":17,"column":9}},{"start":{},"end":{}}],"line":15},"3":{"loc":{"start":{"line":21,"column":8},"end":{"line":23,"column":9}},"type":"if","locations":[{"start":{"line":21,"column":8},"end":{"line":23,"column":9}},{"start":{},"end":{}}],"line":21},"4":{"loc":{"start":{"line":42,"column":8},"end":{"line":44,"column":9}},"type":"if","locations":[{"start":{"line":42,"column":8},"end":{"line":44,"column":9}},{"start":{},"end":{}}],"line":42},"5":{"loc":{"start":{"line":60,"column":8},"end":{"line":62,"column":9}},"type":"if","locations":[{"start":{"line":60,"column":8},"end":{"line":62,"column":9}},{"start":{},"end":{}}],"line":60},"6":{"loc":{"start":{"line":63,"column":8},"end":{"line":65,"column":9}},"type":"if","locations":[{"start":{"line":63,"column":8},"end":{"line":65,"column":9}},{"start":{},"end":{}}],"line":63},"7":{"loc":{"start":{"line":66,"column":8},"end":{"line":70,"column":9}},"type":"if","locations":[{"start":{"line":66,"column":8},"end":{"line":70,"column":9}},{"start":{},"end":{}}],"line":66},"8":{"loc":{"start":{"line":69,"column":12},"end":{"line":69,"column":80}},"type":"if","locations":[{"start":{"line":69,"column":12},"end":{"line":69,"column":80}},{"start":{},"end":{}}],"line":69},"9":{"loc":{"start":{"line":71,"column":8},"end":{"line":75,"column":9}},"type":"if","locations":[{"start":{"line":71,"column":8},"end":{"line":75,"column":9}},{"start":{},"end":{}}],"line":71},"10":{"loc":{"start":{"line":74,"column":12},"end":{"line":74,"column":80}},"type":"if","locations":[{"start":{"line":74,"column":12},"end":{"line":74,"column":80}},{"start":{},"end":{}}],"line":74}},"s":{"0":2,"1":2,"2":2,"3":3,"4":3,"5":0,"6":3,"7":3,"8":1,"9":2,"10":2,"11":1,"12":1,"13":1,"14":3,"15":3,"16":0,"17":3,"18":0,"19":0,"20":1,"21":1,"22":1,"23":0,"24":1,"25":0,"26":1,"27":0,"28":0,"29":0,"30":0,"31":1,"32":0,"33":0,"34":0,"35":0,"36":1,"37":1,"38":1,"39":2},"f":{"0":3,"1":1,"2":3,"3":0,"4":0,"5":1,"6":1},"b":{"0":[0,3],"1":[3,3,3,3,3,3,3],"2":[1,2],"3":[1,1],"4":[0,3],"5":[0,1],"6":[0,1],"7":[0,1],"8":[0,0],"9":[0,1],"10":[0,0]},"_coverageSchema":"1a1c01bbd47fc00a2c39e90264f33305004495a9","hash":"85770c754cb53ad9c4dce25269c93b4fbae635f2"}
,"D:\\ESPE 6.1\\AnalisisDiseno\\YulianaValencia_30724_G4_ADSW\\3. CODIGO\\GCM\\Backend\\src\\services\\tecnico.service.js": {"path":"D:\\ESPE 6.1\\AnalisisDiseno\\YulianaValencia_30724_G4_ADSW\\3. CODIGO\\GCM\\Backend\\src\\services\\tecnico.service.js","statementMap":{"0":{"start":{"line":1,"column":26},"end":{"line":1,"column":71}},"1":{"start":{"line":2,"column":26},"end":{"line":2,"column":71}},"2":{"start":{"line":3,"column":15},"end":{"line":3,"column":32}},"3":{"start":{"line":7,"column":59},"end":{"line":7,"column":63}},"4":{"start":{"line":8,"column":8},"end":{"line":10,"column":9}},"5":{"start":{"line":9,"column":12},"end":{"line":9,"column":83}},"6":{"start":{"line":13,"column":8},"end":{"line":18,"column":9}},"7":{"start":{"line":14,"column":36},"end":{"line":14,"column":80}},"8":{"start":{"line":15,"column":12},"end":{"line":17,"column":13}},"9":{"start":{"line":16,"column":16},"end":{"line":16,"column":84}},"10":{"start":{"line":20,"column":27},"end":{"line":25,"column":10}},"11":{"start":{"line":28,"column":8},"end":{"line":41,"column":9}},"12":{"start":{"line":29,"column":12},"end":{"line":40,"column":13}},"13":{"start":{"line":30,"column":33},"end":{"line":30,"column":53}},"14":{"start":{"line":31,"column":39},"end":{"line":31,"column":70}},"15":{"start":{"line":32,"column":16},"end":{"line":37,"column":19}},"16":{"start":{"line":39,"column":16},"end":{"line":39,"column":81}},"17":{"start":{"line":43,"column":8},"end":{"line":43,"column":26}},"18":{"start":{"line":47,"column":8},"end":{"line":47,"column":49}},"19":{"start":{"line":51,"column":24},"end":{"line":51,"column":70}},"20":{"start":{"line":52,"column":8},"end":{"line":54,"column":9}},"21":{"start":{"line":53,"column":12},"end":{"line":53,"column":54}},"22":{"start":{"line":55,"column":8},"end":{"line":55,"column":23}},"23":{"start":{"line":59,"column":8},"end":{"line":59,"column":38}},"24":{"start":{"line":60,"column":8},"end":{"line":60,"column":66}},"25":{"start":{"line":64,"column":24},"end":{"line":64,"column":53}},"26":{"start":{"line":67,"column":8},"end":{"line":77,"column":9}},"27":{"start":{"line":68,"column":12},"end":{"line":76,"column":13}},"28":{"start":{"line":69,"column":33},"end":{"line":69,"column":61}},"29":{"start":{"line":70,"column":31},"end":{"line":70,"column":58}},"30":{"start":{"line":71,"column":16},"end":{"line":73,"column":19}},"31":{"start":{"line":75,"column":16},"end":{"line":75,"column":85}},"32":{"start":{"line":79,"column":8},"end":{"line":79,"column":60}},"33":{"start":{"line":83,"column":0},"end":{"line":83,"column":38}}},"fnMap":{"0":{"name":"(anonymous_0)","decl":{"start":{"line":6,"column":4},"end":{"line":6,"column":5}},"loc":{"start":{"line":6,"column":30},"end":{"line":44,"column":5}},"line":6},"1":{"name":"(anonymous_1)","decl":{"start":{"line":46,"column":4},"end":{"line":46,"column":5}},"loc":{"start":{"line":46,"column":24},"end":{"line":48,"column":5}},"line":46},"2":{"name":"(anonymous_2)","decl":{"start":{"line":50,"column":4},"end":{"line":50,"column":5}},"loc":{"start":{"line":50,"column":29},"end":{"line":56,"column":5}},"line":50},"3":{"name":"(anonymous_3)","decl":{"start":{"line":58,"column":4},"end":{"line":58,"column":5}},"loc":{"start":{"line":58,"column":34},"end":{"line":61,"column":5}},"line":58},"4":{"name":"(anonymous_4)","decl":{"start":{"line":63,"column":4},"end":{"line":63,"column":5}},"loc":{"start":{"line":63,"column":28},"end":{"line":80,"column":5}},"line":63}},"branchMap":{"0":{"loc":{"start":{"line":8,"column":8},"end":{"line":10,"column":9}},"type":"if","locations":[{"start":{"line":8,"column":8},"end":{"line":10,"column":9}},{"start":{},"end":{}}],"line":8},"1":{"loc":{"start":{"line":8,"column":12},"end":{"line":8,"column":36}},"type":"binary-expr","locations":[{"start":{"line":8,"column":12},"end":{"line":8,"column":19}},{"start":{"line":8,"column":23},"end":{"line":8,"column":36}}],"line":8},"2":{"loc":{"start":{"line":13,"column":8},"end":{"line":18,"column":9}},"type":"if","locations":[{"start":{"line":13,"column":8},"end":{"line":18,"column":9}},{"start":{},"end":{}}],"line":13},"3":{"loc":{"start":{"line":15,"column":12},"end":{"line":17,"column":13}},"type":"if","locations":[{"start":{"line":15,"column":12},"end":{"line":17,"column":13}},{"start":{},"end":{}}],"line":15},"4":{"loc":{"start":{"line":23,"column":22},"end":{"line":23,"column":36}},"type":"binary-expr","locations":[{"start":{"line":23,"column":22},"end":{"line":23,"column":30}},{"start":{"line":23,"column":34},"end":{"line":23,"column":36}}],"line":23},"5":{"loc":{"start":{"line":24,"column":20},"end":{"line":24,"column":32}},"type":"binary-expr","locations":[{"start":{"line":24,"column":20},"end":{"line":24,"column":26}},{"start":{"line":24,"column":30},"end":{"line":24,"column":32}}],"line":24},"6":{"loc":{"start":{"line":28,"column":8},"end":{"line":41,"column":9}},"type":"if","locations":[{"start":{"line":28,"column":8},"end":{"line":41,"column":9}},{"start":{},"end":{}}],"line":28},"7":{"loc":{"start":{"line":52,"column":8},"end":{"line":54,"column":9}},"type":"if","locations":[{"start":{"line":52,"column":8},"end":{"line":54,"column":9}},{"start":{},"end":{}}],"line":52},"8":{"loc":{"start":{"line":67,"column":8},"end":{"line":77,"column":9}},"type":"if","locations":[{"start":{"line":67,"column":8},"end":{"line":77,"column":9}},{"start":{},"end":{}}],"line":67}},"s":{"0":2,"1":2,"2":2,"3":2,"4":2,"5":0,"6":2,"7":2,"8":2,"9":1,"10":1,"11":1,"12":1,"13":1,"14":1,"15":1,"16":0,"17":1,"18":1,"19":3,"20":3,"21":0,"22":3,"23":1,"24":1,"25":1,"26":1,"27":1,"28":1,"29":1,"30":1,"31":1,"32":1,"33":2},"f":{"0":2,"1":1,"2":3,"3":1,"4":1},"b":{"0":[0,2],"1":[2,2],"2":[2,0],"3":[1,1],"4":[1,1],"5":[1,0],"6":[1,0],"7":[0,3],"8":[1,0]},"_coverageSchema":"1a1c01bbd47fc00a2c39e90264f33305004495a9","hash":"0435ed9055f3110820d496a878fff892c7bcb053"}
}
