{"C:\\Users\\Anahi\\YulianaValencia_30724_G4_ADSW\\3. CODIGO\\GCM\\Backend\\src\\repositories\\cliente.repository.js": {"path":"C:\\Users\\Anahi\\YulianaValencia_30724_G4_ADSW\\3. CODIGO\\GCM\\Backend\\src\\repositories\\cliente.repository.js","statementMap":{"0":{"start":{"line":1,"column":15},"end":{"line":1,"column":42}},"1":{"start":{"line":5,"column":8},"end":{"line":7,"column":11}},"2":{"start":{"line":11,"column":8},"end":{"line":15,"column":11}},"3":{"start":{"line":19,"column":8},"end":{"line":24,"column":11}},"4":{"start":{"line":28,"column":8},"end":{"line":33,"column":11}},"5":{"start":{"line":37,"column":8},"end":{"line":40,"column":11}},"6":{"start":{"line":44,"column":8},"end":{"line":46,"column":11}},"7":{"start":{"line":50,"column":0},"end":{"line":50,"column":41}}},"fnMap":{"0":{"name":"(anonymous_0)","decl":{"start":{"line":4,"column":4},"end":{"line":4,"column":5}},"loc":{"start":{"line":4,"column":23},"end":{"line":8,"column":5}},"line":4},"1":{"name":"(anonymous_1)","decl":{"start":{"line":10,"column":4},"end":{"line":10,"column":5}},"loc":{"start":{"line":10,"column":20},"end":{"line":16,"column":5}},"line":10},"2":{"name":"(anonymous_2)","decl":{"start":{"line":18,"column":4},"end":{"line":18,"column":5}},"loc":{"start":{"line":18,"column":23},"end":{"line":25,"column":5}},"line":18},"3":{"name":"(anonymous_3)","decl":{"start":{"line":27,"column":4},"end":{"line":27,"column":5}},"loc":{"start":{"line":27,"column":31},"end":{"line":34,"column":5}},"line":27},"4":{"name":"(anonymous_4)","decl":{"start":{"line":36,"column":4},"end":{"line":36,"column":5}},"loc":{"start":{"line":36,"column":27},"end":{"line":41,"column":5}},"line":36},"5":{"name":"(anonymous_5)","decl":{"start":{"line":43,"column":4},"end":{"line":43,"column":5}},"loc":{"start":{"line":43,"column":21},"end":{"line":47,"column":5}},"line":43}},"branchMap":{},"s":{"0":1,"1":0,"2":0,"3":0,"4":0,"5":0,"6":0,"7":1},"f":{"0":0,"1":0,"2":0,"3":0,"4":0,"5":0},"b":{},"_coverageSchema":"1a1c01bbd47fc00a2c39e90264f33305004495a9","hash":"c56da4952f9025f2ae3d48191d164a6c1dff7195"}
,"C:\\Users\\Anahi\\YulianaValencia_30724_G4_ADSW\\3. CODIGO\\GCM\\Backend\\src\\repositories\\usuario.repository.js": {"path":"C:\\Users\\Anahi\\YulianaValencia_30724_G4_ADSW\\3. CODIGO\\GCM\\Backend\\src\\repositories\\usuario.repository.js","statementMap":{"0":{"start":{"line":1,"column":15},"end":{"line":1,"column":42}},"1":{"start":{"line":5,"column":8},"end":{"line":7,"column":11}},"2":{"start":{"line":11,"column":8},"end":{"line":13,"column":11}},"3":{"start":{"line":17,"column":8},"end":{"line":19,"column":11}},"4":{"start":{"line":23,"column":0},"end":{"line":23,"column":41}}},"fnMap":{"0":{"name":"(anonymous_0)","decl":{"start":{"line":4,"column":4},"end":{"line":4,"column":5}},"loc":{"start":{"line":4,"column":23},"end":{"line":8,"column":5}},"line":4},"1":{"name":"(anonymous_1)","decl":{"start":{"line":10,"column":4},"end":{"line":10,"column":5}},"loc":{"start":{"line":10,"column":33},"end":{"line":14,"column":5}},"line":10},"2":{"name":"(anonymous_2)","decl":{"start":{"line":16,"column":4},"end":{"line":16,"column":5}},"loc":{"start":{"line":16,"column":23},"end":{"line":20,"column":5}},"line":16}},"branchMap":{},"s":{"0":1,"1":0,"2":0,"3":0,"4":1},"f":{"0":0,"1":0,"2":0},"b":{},"_coverageSchema":"1a1c01bbd47fc00a2c39e90264f33305004495a9","hash":"d68d7b66af749a9997f59d142ebcb558d17e85f1"}
,"C:\\Users\\Anahi\\YulianaValencia_30724_G4_ADSW\\3. CODIGO\\GCM\\Backend\\src\\services\\auth.service.js": {"path":"C:\\Users\\Anahi\\YulianaValencia_30724_G4_ADSW\\3. CODIGO\\GCM\\Backend\\src\\services\\auth.service.js","statementMap":{"0":{"start":{"line":1,"column":15},"end":{"line":1,"column":32}},"1":{"start":{"line":2,"column":12},"end":{"line":2,"column":35}},"2":{"start":{"line":3,"column":26},"end":{"line":3,"column":71}},"3":{"start":{"line":4,"column":26},"end":{"line":4,"column":71}},"4":{"start":{"line":5,"column":21},"end":{"line":5,"column":47}},"5":{"start":{"line":9,"column":8},"end":{"line":11,"column":9}},"6":{"start":{"line":10,"column":12},"end":{"line":10,"column":94}},"7":{"start":{"line":13,"column":29},"end":{"line":13,"column":75}},"8":{"start":{"line":14,"column":8},"end":{"line":16,"column":9}},"9":{"start":{"line":15,"column":12},"end":{"line":15,"column":72}},"10":{"start":{"line":18,"column":23},"end":{"line":18,"column":50}},"11":{"start":{"line":21,"column":8},"end":{"line":38,"column":9}},"12":{"start":{"line":22,"column":12},"end":{"line":24,"column":13}},"13":{"start":{"line":23,"column":16},"end":{"line":23,"column":91}},"14":{"start":{"line":25,"column":36},"end":{"line":25,"column":80}},"15":{"start":{"line":26,"column":12},"end":{"line":28,"column":13}},"16":{"start":{"line":27,"column":16},"end":{"line":27,"column":79}},"17":{"start":{"line":31,"column":12},"end":{"line":37,"column":15}},"18":{"start":{"line":41,"column":8},"end":{"line":61,"column":9}},"19":{"start":{"line":42,"column":12},"end":{"line":44,"column":13}},"20":{"start":{"line":43,"column":16},"end":{"line":43,"column":103}},"21":{"start":{"line":45,"column":36},"end":{"line":47,"column":14}},"22":{"start":{"line":48,"column":12},"end":{"line":50,"column":13}},"23":{"start":{"line":49,"column":16},"end":{"line":49,"column":84}},"24":{"start":{"line":53,"column":12},"end":{"line":60,"column":15}},"25":{"start":{"line":63,"column":31},"end":{"line":63,"column":62}},"26":{"start":{"line":64,"column":31},"end":{"line":64,"column":75}},"27":{"start":{"line":65,"column":24},"end":{"line":72,"column":10}},"28":{"start":{"line":74,"column":28},"end":{"line":74,"column":33}},"29":{"start":{"line":75,"column":26},"end":{"line":75,"column":30}},"30":{"start":{"line":77,"column":8},"end":{"line":90,"column":9}},"31":{"start":{"line":78,"column":12},"end":{"line":89,"column":13}},"32":{"start":{"line":79,"column":16},"end":{"line":85,"column":19}},"33":{"start":{"line":86,"column":16},"end":{"line":86,"column":37}},"34":{"start":{"line":88,"column":16},"end":{"line":88,"column":44}},"35":{"start":{"line":93,"column":56},"end":{"line":93,"column":63}},"36":{"start":{"line":94,"column":8},"end":{"line":98,"column":10}},"37":{"start":{"line":102,"column":8},"end":{"line":104,"column":9}},"38":{"start":{"line":103,"column":12},"end":{"line":103,"column":68}},"39":{"start":{"line":106,"column":21},"end":{"line":106,"column":67}},"40":{"start":{"line":107,"column":8},"end":{"line":109,"column":9}},"41":{"start":{"line":108,"column":12},"end":{"line":108,"column":65}},"42":{"start":{"line":111,"column":24},"end":{"line":111,"column":69}},"43":{"start":{"line":112,"column":8},"end":{"line":114,"column":9}},"44":{"start":{"line":113,"column":12},"end":{"line":113,"column":65}},"45":{"start":{"line":116,"column":22},"end":{"line":120,"column":9}},"46":{"start":{"line":122,"column":8},"end":{"line":132,"column":10}},"47":{"start":{"line":136,"column":8},"end":{"line":138,"column":9}},"48":{"start":{"line":137,"column":12},"end":{"line":137,"column":64}},"49":{"start":{"line":139,"column":8},"end":{"line":141,"column":9}},"50":{"start":{"line":140,"column":12},"end":{"line":140,"column":85}},"51":{"start":{"line":142,"column":21},"end":{"line":142,"column":67}},"52":{"start":{"line":143,"column":8},"end":{"line":145,"column":9}},"53":{"start":{"line":144,"column":12},"end":{"line":144,"column":54}},"54":{"start":{"line":146,"column":24},"end":{"line":146,"column":72}},"55":{"start":{"line":147,"column":8},"end":{"line":149,"column":9}},"56":{"start":{"line":148,"column":12},"end":{"line":148,"column":67}},"57":{"start":{"line":150,"column":31},"end":{"line":150,"column":65}},"58":{"start":{"line":152,"column":23},"end":{"line":152,"column":50}},"59":{"start":{"line":153,"column":28},"end":{"line":159,"column":10}},"60":{"start":{"line":161,"column":56},"end":{"line":161,"column":67}},"61":{"start":{"line":162,"column":8},"end":{"line":162,"column":35}},"62":{"start":{"line":166,"column":0},"end":{"line":166,"column":35}}},"fnMap":{"0":{"name":"(anonymous_0)","decl":{"start":{"line":8,"column":4},"end":{"line":8,"column":5}},"loc":{"start":{"line":8,"column":125},"end":{"line":99,"column":5}},"line":8},"1":{"name":"(anonymous_1)","decl":{"start":{"line":101,"column":4},"end":{"line":101,"column":5}},"loc":{"start":{"line":101,"column":35},"end":{"line":133,"column":5}},"line":101},"2":{"name":"(anonymous_2)","decl":{"start":{"line":135,"column":4},"end":{"line":135,"column":5}},"loc":{"start":{"line":135,"column":60},"end":{"line":163,"column":5}},"line":135}},"branchMap":{"0":{"loc":{"start":{"line":8,"column":46},"end":{"line":8,"column":61}},"type":"default-arg","locations":[{"start":{"line":8,"column":52},"end":{"line":8,"column":61}}],"line":8},"1":{"loc":{"start":{"line":8,"column":63},"end":{"line":8,"column":76}},"type":"default-arg","locations":[{"start":{"line":8,"column":72},"end":{"line":8,"column":76}}],"line":8},"2":{"loc":{"start":{"line":8,"column":78},"end":{"line":8,"column":89}},"type":"default-arg","locations":[{"start":{"line":8,"column":87},"end":{"line":8,"column":89}}],"line":8},"3":{"loc":{"start":{"line":8,"column":91},"end":{"line":8,"column":104}},"type":"default-arg","locations":[{"start":{"line":8,"column":102},"end":{"line":8,"column":104}}],"line":8},"4":{"loc":{"start":{"line":8,"column":106},"end":{"line":8,"column":123}},"type":"default-arg","locations":[{"start":{"line":8,"column":121},"end":{"line":8,"column":123}}],"line":8},"5":{"loc":{"start":{"line":9,"column":8},"end":{"line":11,"column":9}},"type":"if","locations":[{"start":{"line":9,"column":8},"end":{"line":11,"column":9}},{"start":{},"end":{}}],"line":9},"6":{"loc":{"start":{"line":9,"column":12},"end":{"line":9,"column":44}},"type":"binary-expr","locations":[{"start":{"line":9,"column":12},"end":{"line":9,"column":19}},{"start":{"line":9,"column":23},"end":{"line":9,"column":31}},{"start":{"line":9,"column":35},"end":{"line":9,"column":44}}],"line":9},"7":{"loc":{"start":{"line":14,"column":8},"end":{"line":16,"column":9}},"type":"if","locations":[{"start":{"line":14,"column":8},"end":{"line":16,"column":9}},{"start":{},"end":{}}],"line":14},"8":{"loc":{"start":{"line":21,"column":8},"end":{"line":38,"column":9}},"type":"if","locations":[{"start":{"line":21,"column":8},"end":{"line":38,"column":9}},{"start":{},"end":{}}],"line":21},"9":{"loc":{"start":{"line":22,"column":12},"end":{"line":24,"column":13}},"type":"if","locations":[{"start":{"line":22,"column":12},"end":{"line":24,"column":13}},{"start":{},"end":{}}],"line":22},"10":{"loc":{"start":{"line":26,"column":12},"end":{"line":28,"column":13}},"type":"if","locations":[{"start":{"line":26,"column":12},"end":{"line":28,"column":13}},{"start":{},"end":{}}],"line":26},"11":{"loc":{"start":{"line":34,"column":26},"end":{"line":34,"column":40}},"type":"binary-expr","locations":[{"start":{"line":34,"column":26},"end":{"line":34,"column":34}},{"start":{"line":34,"column":38},"end":{"line":34,"column":40}}],"line":34},"12":{"loc":{"start":{"line":35,"column":24},"end":{"line":35,"column":36}},"type":"binary-expr","locations":[{"start":{"line":35,"column":24},"end":{"line":35,"column":30}},{"start":{"line":35,"column":34},"end":{"line":35,"column":36}}],"line":35},"13":{"loc":{"start":{"line":41,"column":8},"end":{"line":61,"column":9}},"type":"if","locations":[{"start":{"line":41,"column":8},"end":{"line":61,"column":9}},{"start":{},"end":{}}],"line":41},"14":{"loc":{"start":{"line":42,"column":12},"end":{"line":44,"column":13}},"type":"if","locations":[{"start":{"line":42,"column":12},"end":{"line":44,"column":13}},{"start":{},"end":{}}],"line":42},"15":{"loc":{"start":{"line":48,"column":12},"end":{"line":50,"column":13}},"type":"if","locations":[{"start":{"line":48,"column":12},"end":{"line":50,"column":13}},{"start":{},"end":{}}],"line":48},"16":{"loc":{"start":{"line":56,"column":34},"end":{"line":56,"column":59}},"type":"binary-expr","locations":[{"start":{"line":56,"column":34},"end":{"line":56,"column":46}},{"start":{"line":56,"column":50},"end":{"line":56,"column":59}}],"line":56},"17":{"loc":{"start":{"line":57,"column":30},"end":{"line":57,"column":44}},"type":"binary-expr","locations":[{"start":{"line":57,"column":30},"end":{"line":57,"column":38}},{"start":{"line":57,"column":42},"end":{"line":57,"column":44}}],"line":57},"18":{"loc":{"start":{"line":64,"column":31},"end":{"line":64,"column":75}},"type":"binary-expr","locations":[{"start":{"line":64,"column":31},"end":{"line":64,"column":48}},{"start":{"line":64,"column":52},"end":{"line":64,"column":75}}],"line":64},"19":{"loc":{"start":{"line":77,"column":8},"end":{"line":90,"column":9}},"type":"if","locations":[{"start":{"line":77,"column":8},"end":{"line":90,"column":9}},{"start":{},"end":{}}],"line":77},"20":{"loc":{"start":{"line":102,"column":8},"end":{"line":104,"column":9}},"type":"if","locations":[{"start":{"line":102,"column":8},"end":{"line":104,"column":9}},{"start":{},"end":{}}],"line":102},"21":{"loc":{"start":{"line":102,"column":12},"end":{"line":102,"column":33}},"type":"binary-expr","locations":[{"start":{"line":102,"column":12},"end":{"line":102,"column":20}},{"start":{"line":102,"column":24},"end":{"line":102,"column":33}}],"line":102},"22":{"loc":{"start":{"line":107,"column":8},"end":{"line":109,"column":9}},"type":"if","locations":[{"start":{"line":107,"column":8},"end":{"line":109,"column":9}},{"start":{},"end":{}}],"line":107},"23":{"loc":{"start":{"line":112,"column":8},"end":{"line":114,"column":9}},"type":"if","locations":[{"start":{"line":112,"column":8},"end":{"line":114,"column":9}},{"start":{},"end":{}}],"line":112},"24":{"loc":{"start":{"line":118,"column":12},"end":{"line":118,"column":55}},"type":"binary-expr","locations":[{"start":{"line":118,"column":12},"end":{"line":118,"column":34}},{"start":{"line":118,"column":38},"end":{"line":118,"column":55}}],"line":118},"25":{"loc":{"start":{"line":136,"column":8},"end":{"line":138,"column":9}},"type":"if","locations":[{"start":{"line":136,"column":8},"end":{"line":138,"column":9}},{"start":{},"end":{}}],"line":136},"26":{"loc":{"start":{"line":136,"column":12},"end":{"line":136,"column":52}},"type":"binary-expr","locations":[{"start":{"line":136,"column":12},"end":{"line":136,"column":20}},{"start":{"line":136,"column":24},"end":{"line":136,"column":36}},{"start":{"line":136,"column":40},"end":{"line":136,"column":52}}],"line":136},"27":{"loc":{"start":{"line":139,"column":8},"end":{"line":141,"column":9}},"type":"if","locations":[{"start":{"line":139,"column":8},"end":{"line":141,"column":9}},{"start":{},"end":{}}],"line":139},"28":{"loc":{"start":{"line":143,"column":8},"end":{"line":145,"column":9}},"type":"if","locations":[{"start":{"line":143,"column":8},"end":{"line":145,"column":9}},{"start":{},"end":{}}],"line":143},"29":{"loc":{"start":{"line":147,"column":8},"end":{"line":149,"column":9}},"type":"if","locations":[{"start":{"line":147,"column":8},"end":{"line":149,"column":9}},{"start":{},"end":{}}],"line":147}},"s":{"0":1,"1":1,"2":1,"3":1,"4":1,"5":3,"6":0,"7":3,"8":3,"9":1,"10":2,"11":2,"12":1,"13":0,"14":1,"15":1,"16":0,"17":1,"18":2,"19":1,"20":0,"21":1,"22":1,"23":0,"24":1,"25":2,"26":2,"27":2,"28":2,"29":2,"30":2,"31":1,"32":1,"33":1,"34":0,"35":2,"36":2,"37":4,"38":1,"39":3,"40":3,"41":1,"42":2,"43":2,"44":1,"45":1,"46":1,"47":0,"48":0,"49":0,"50":0,"51":0,"52":0,"53":0,"54":0,"55":0,"56":0,"57":0,"58":0,"59":0,"60":0,"61":0,"62":1},"f":{"0":3,"1":4,"2":0},"b":{"0":[0],"1":[0],"2":[2],"3":[2],"4":[2],"5":[0,3],"6":[3,3,3],"7":[1,2],"8":[1,1],"9":[0,1],"10":[0,1],"11":[1,1],"12":[1,1],"13":[1,1],"14":[0,1],"15":[0,1],"16":[1,0],"17":[1,0],"18":[2,1],"19":[1,1],"20":[1,3],"21":[4,3],"22":[1,2],"23":[1,1],"24":[1,1],"25":[0,0],"26":[0,0,0],"27":[0,0],"28":[0,0],"29":[0,0]},"_coverageSchema":"1a1c01bbd47fc00a2c39e90264f33305004495a9","hash":"795629c3f0639812c0cbbbc11ef7f840b7c44baf"}
,"C:\\Users\\Anahi\\YulianaValencia_30724_G4_ADSW\\3. CODIGO\\GCM\\Backend\\src\\services\\email.service.js": {"path":"C:\\Users\\Anahi\\YulianaValencia_30724_G4_ADSW\\3. CODIGO\\GCM\\Backend\\src\\services\\email.service.js","statementMap":{"0":{"start":{"line":1,"column":19},"end":{"line":1,"column":40}},"1":{"start":{"line":5,"column":8},"end":{"line":5,"column":32}},"2":{"start":{"line":9,"column":25},"end":{"line":9,"column":85}},"3":{"start":{"line":10,"column":31},"end":{"line":14,"column":9}},"4":{"start":{"line":16,"column":28},"end":{"line":16,"column":77}},"5":{"start":{"line":17,"column":28},"end":{"line":17,"column":60}},"6":{"start":{"line":18,"column":30},"end":{"line":18,"column":66}},"7":{"start":{"line":20,"column":8},"end":{"line":28,"column":10}},"8":{"start":{"line":32,"column":8},"end":{"line":34,"column":9}},"9":{"start":{"line":33,"column":12},"end":{"line":33,"column":36}},"10":{"start":{"line":36,"column":27},"end":{"line":36,"column":51}},"11":{"start":{"line":37,"column":51},"end":{"line":37,"column":61}},"12":{"start":{"line":39,"column":8},"end":{"line":43,"column":9}},"13":{"start":{"line":40,"column":12},"end":{"line":42,"column":14}},"14":{"start":{"line":45,"column":8},"end":{"line":53,"column":11}},"15":{"start":{"line":55,"column":8},"end":{"line":55,"column":32}},"16":{"start":{"line":59,"column":8},"end":{"line":61,"column":9}},"17":{"start":{"line":60,"column":12},"end":{"line":60,"column":65}},"18":{"start":{"line":63,"column":25},"end":{"line":63,"column":49}},"19":{"start":{"line":64,"column":8},"end":{"line":66,"column":9}},"20":{"start":{"line":65,"column":12},"end":{"line":65,"column":89}},"21":{"start":{"line":68,"column":28},"end":{"line":68,"column":49}},"22":{"start":{"line":69,"column":24},"end":{"line":69,"column":59}},"23":{"start":{"line":70,"column":21},"end":{"line":79,"column":9}},"24":{"start":{"line":81,"column":8},"end":{"line":86,"column":11}},"25":{"start":{"line":88,"column":8},"end":{"line":88,"column":20}},"26":{"start":{"line":92,"column":0},"end":{"line":92,"column":36}}},"fnMap":{"0":{"name":"(anonymous_0)","decl":{"start":{"line":4,"column":4},"end":{"line":4,"column":5}},"loc":{"start":{"line":4,"column":18},"end":{"line":6,"column":5}},"line":4},"1":{"name":"(anonymous_1)","decl":{"start":{"line":8,"column":4},"end":{"line":8,"column":5}},"loc":{"start":{"line":8,"column":24},"end":{"line":29,"column":5}},"line":8},"2":{"name":"(anonymous_2)","decl":{"start":{"line":31,"column":4},"end":{"line":31,"column":5}},"loc":{"start":{"line":31,"column":21},"end":{"line":56,"column":5}},"line":31},"3":{"name":"(anonymous_3)","decl":{"start":{"line":58,"column":4},"end":{"line":58,"column":5}},"loc":{"start":{"line":58,"column":71},"end":{"line":89,"column":5}},"line":58}},"branchMap":{"0":{"loc":{"start":{"line":9,"column":32},"end":{"line":9,"column":63}},"type":"binary-expr","locations":[{"start":{"line":9,"column":32},"end":{"line":9,"column":57}},{"start":{"line":9,"column":61},"end":{"line":9,"column":63}}],"line":9},"1":{"loc":{"start":{"line":16,"column":28},"end":{"line":16,"column":77}},"type":"binary-expr","locations":[{"start":{"line":16,"column":28},"end":{"line":16,"column":52}},{"start":{"line":16,"column":56},"end":{"line":16,"column":77}}],"line":16},"2":{"loc":{"start":{"line":17,"column":28},"end":{"line":17,"column":60}},"type":"cond-expr","locations":[{"start":{"line":17,"column":51},"end":{"line":17,"column":54}},{"start":{"line":17,"column":57},"end":{"line":17,"column":60}}],"line":17},"3":{"loc":{"start":{"line":18,"column":30},"end":{"line":18,"column":66}},"type":"cond-expr","locations":[{"start":{"line":18,"column":53},"end":{"line":18,"column":58}},{"start":{"line":18,"column":61},"end":{"line":18,"column":66}}],"line":18},"4":{"loc":{"start":{"line":23,"column":25},"end":{"line":23,"column":61}},"type":"binary-expr","locations":[{"start":{"line":23,"column":25},"end":{"line":23,"column":46}},{"start":{"line":23,"column":50},"end":{"line":23,"column":61}}],"line":23},"5":{"loc":{"start":{"line":24,"column":27},"end":{"line":24,"column":67}},"type":"binary-expr","locations":[{"start":{"line":24,"column":27},"end":{"line":24,"column":50}},{"start":{"line":24,"column":54},"end":{"line":24,"column":67}}],"line":24},"6":{"loc":{"start":{"line":27,"column":18},"end":{"line":27,"column":64}},"type":"binary-expr","locations":[{"start":{"line":27,"column":18},"end":{"line":27,"column":39}},{"start":{"line":27,"column":43},"end":{"line":27,"column":64}}],"line":27},"7":{"loc":{"start":{"line":32,"column":8},"end":{"line":34,"column":9}},"type":"if","locations":[{"start":{"line":32,"column":8},"end":{"line":34,"column":9}},{"start":{},"end":{}}],"line":32},"8":{"loc":{"start":{"line":39,"column":8},"end":{"line":43,"column":9}},"type":"if","locations":[{"start":{"line":39,"column":8},"end":{"line":43,"column":9}},{"start":{},"end":{}}],"line":39},"9":{"loc":{"start":{"line":39,"column":12},"end":{"line":39,"column":35}},"type":"binary-expr","locations":[{"start":{"line":39,"column":12},"end":{"line":39,"column":17}},{"start":{"line":39,"column":21},"end":{"line":39,"column":26}},{"start":{"line":39,"column":30},"end":{"line":39,"column":35}}],"line":39},"10":{"loc":{"start":{"line":59,"column":8},"end":{"line":61,"column":9}},"type":"if","locations":[{"start":{"line":59,"column":8},"end":{"line":61,"column":9}},{"start":{},"end":{}}],"line":59},"11":{"loc":{"start":{"line":64,"column":8},"end":{"line":66,"column":9}},"type":"if","locations":[{"start":{"line":64,"column":8},"end":{"line":66,"column":9}},{"start":{},"end":{}}],"line":64},"12":{"loc":{"start":{"line":72,"column":32},"end":{"line":72,"column":59}},"type":"cond-expr","locations":[{"start":{"line":72,"column":41},"end":{"line":72,"column":54}},{"start":{"line":72,"column":57},"end":{"line":72,"column":59}}],"line":72},"13":{"loc":{"start":{"line":74,"column":43},"end":{"line":74,"column":59}},"type":"binary-expr","locations":[{"start":{"line":74,"column":43},"end":{"line":74,"column":46}},{"start":{"line":74,"column":50},"end":{"line":74,"column":59}}],"line":74}},"s":{"0":1,"1":1,"2":0,"3":0,"4":0,"5":0,"6":0,"7":0,"8":0,"9":0,"10":0,"11":0,"12":0,"13":0,"14":0,"15":0,"16":0,"17":0,"18":0,"19":0,"20":0,"21":0,"22":0,"23":0,"24":0,"25":0,"26":1},"f":{"0":1,"1":0,"2":0,"3":0},"b":{"0":[0,0],"1":[0,0],"2":[0,0],"3":[0,0],"4":[0,0],"5":[0,0],"6":[0,0],"7":[0,0],"8":[0,0],"9":[0,0,0],"10":[0,0],"11":[0,0],"12":[0,0],"13":[0,0]},"_coverageSchema":"1a1c01bbd47fc00a2c39e90264f33305004495a9","hash":"d41d971cf89782a0c043998bce258993081f0f32"}
}
