TN:
SF:src\app.js
FN:23,(anonymous_0)
FNF:1
FNH:1
FNDA:1,(anonymous_0)
DA:1,1
DA:2,1
DA:4,1
DA:5,1
DA:6,1
DA:7,1
DA:8,1
DA:9,1
DA:11,1
DA:13,1
DA:14,1
DA:17,1
DA:18,1
DA:19,1
DA:20,1
DA:21,1
DA:23,1
DA:24,1
DA:30,1
DA:32,1
LF:20
LH:20
BRF:0
BRH:0
end_of_record
TN:
SF:src\config\prisma.js
FNF:0
FNH:0
DA:1,7
DA:3,7
DA:5,7
LF:3
LH:3
BRF:0
BRH:0
end_of_record
TN:
SF:src\controllers\auth.controller.js
FN:4,(anonymous_0)
FN:48,(anonymous_1)
FN:61,(anonymous_2)
FN:75,(anonymous_3)
FNF:4
FNH:0
FNDA:0,(anonymous_0)
FNDA:0,(anonymous_1)
FNDA:0,(anonymous_2)
FNDA:0,(anonymous_3)
DA:1,1
DA:5,0
DA:6,0
DA:9,0
DA:10,0
DA:11,0
DA:12,0
DA:13,0
DA:19,0
DA:20,0
DA:21,0
DA:22,0
DA:23,0
DA:24,0
DA:29,0
DA:31,0
DA:38,0
DA:39,0
DA:44,0
DA:49,0
DA:50,0
DA:51,0
DA:52,0
DA:57,0
DA:62,0
DA:63,0
DA:64,0
DA:65,0
DA:71,0
DA:76,0
DA:77,0
DA:78,0
DA:87,0
DA:92,0
DA:97,1
LF:35
LH:2
BRDA:10,0,0,0
BRDA:10,0,1,0
BRDA:10,1,0,0
BRDA:10,1,1,0
BRDA:12,2,0,0
BRDA:12,2,1,0
BRDA:22,3,0,0
BRDA:22,3,1,0
BRDA:23,4,0,0
BRDA:23,4,1,0
BRF:10
BRH:0
end_of_record
TN:
SF:src\controllers\cliente.controller.js
FN:4,(anonymous_0)
FN:16,(anonymous_1)
FN:28,(anonymous_2)
FN:40,(anonymous_3)
FN:52,(anonymous_4)
FN:64,(anonymous_5)
FNF:6
FNH:0
FNDA:0,(anonymous_0)
FNDA:0,(anonymous_1)
FNDA:0,(anonymous_2)
FNDA:0,(anonymous_3)
FNDA:0,(anonymous_4)
FNDA:0,(anonymous_5)
DA:1,1
DA:5,0
DA:6,0
DA:7,0
DA:12,0
DA:17,0
DA:18,0
DA:19,0
DA:24,0
DA:29,0
DA:30,0
DA:31,0
DA:36,0
DA:41,0
DA:42,0
DA:43,0
DA:48,0
DA:53,0
DA:54,0
DA:55,0
DA:60,0
DA:65,0
DA:66,0
DA:67,0
DA:72,0
DA:77,1
LF:26
LH:2
BRF:0
BRH:0
end_of_record
TN:
SF:src\controllers\mantenimiento.controller.js
FN:4,(anonymous_0)
FN:16,(anonymous_1)
FN:28,(anonymous_2)
FN:40,(anonymous_3)
FN:52,(anonymous_4)
FN:64,(anonymous_5)
FN:76,(anonymous_6)
FNF:7
FNH:0
FNDA:0,(anonymous_0)
FNDA:0,(anonymous_1)
FNDA:0,(anonymous_2)
FNDA:0,(anonymous_3)
FNDA:0,(anonymous_4)
FNDA:0,(anonymous_5)
FNDA:0,(anonymous_6)
DA:1,1
DA:5,0
DA:6,0
DA:7,0
DA:12,0
DA:17,0
DA:18,0
DA:19,0
DA:24,0
DA:29,0
DA:30,0
DA:31,0
DA:36,0
DA:41,0
DA:42,0
DA:43,0
DA:48,0
DA:53,0
DA:54,0
DA:55,0
DA:60,0
DA:65,0
DA:66,0
DA:67,0
DA:72,0
DA:77,0
DA:78,0
DA:79,0
DA:84,0
DA:89,1
LF:30
LH:2
BRF:0
BRH:0
end_of_record
TN:
SF:src\controllers\tecnico.controller.js
FN:4,(anonymous_0)
FN:16,(anonymous_1)
FN:28,(anonymous_2)
FN:40,(anonymous_3)
FN:52,(anonymous_4)
FNF:5
FNH:0
FNDA:0,(anonymous_0)
FNDA:0,(anonymous_1)
FNDA:0,(anonymous_2)
FNDA:0,(anonymous_3)
FNDA:0,(anonymous_4)
DA:1,1
DA:5,0
DA:6,0
DA:7,0
DA:12,0
DA:17,0
DA:18,0
DA:19,0
DA:24,0
DA:29,0
DA:30,0
DA:31,0
DA:36,0
DA:41,0
DA:42,0
DA:43,0
DA:48,0
DA:53,0
DA:54,0
DA:55,0
DA:60,0
DA:65,1
LF:22
LH:2
BRF:0
BRH:0
end_of_record
TN:
SF:src\middlewares\auth.middleware.js
FN:3,(anonymous_0)
FN:27,(anonymous_1)
FN:28,(anonymous_2)
FNF:3
FNH:0
FNDA:0,(anonymous_0)
FNDA:0,(anonymous_1)
FNDA:0,(anonymous_2)
DA:1,1
DA:3,1
DA:4,0
DA:5,0
DA:6,0
DA:12,0
DA:14,0
DA:15,0
DA:16,0
DA:17,0
DA:19,0
DA:27,1
DA:28,0
DA:31,0
DA:32,0
DA:36,0
DA:37,0
DA:42,0
DA:46,1
LF:19
LH:4
BRDA:5,0,0,0
BRDA:5,0,1,0
BRDA:5,1,0,0
BRDA:5,1,1,0
BRDA:15,2,0,0
BRDA:15,2,1,0
BRDA:31,3,0,0
BRDA:31,3,1,0
BRDA:36,4,0,0
BRDA:36,4,1,0
BRDA:36,5,0,0
BRDA:36,5,1,0
BRF:12
BRH:0
end_of_record
TN:
SF:src\middlewares\error.middleware.js
FN:1,(anonymous_0)
FNF:1
FNH:0
FNDA:0,(anonymous_0)
DA:1,1
DA:2,0
DA:3,0
DA:4,0
DA:5,0
DA:6,0
DA:8,0
DA:9,0
DA:11,0
DA:17,1
LF:10
LH:2
BRDA:4,0,0,0
BRDA:4,0,1,0
BRDA:5,1,0,0
BRDA:5,1,1,0
BRDA:8,2,0,0
BRDA:8,2,1,0
BRDA:9,3,0,0
BRDA:9,3,1,0
BRF:8
BRH:0
end_of_record
TN:
SF:src\repositories\cliente.repository.js
FN:4,(anonymous_0)
FN:10,(anonymous_1)
FN:18,(anonymous_2)
FN:27,(anonymous_3)
FN:36,(anonymous_4)
FN:43,(anonymous_5)
FNF:6
FNH:0
FNDA:0,(anonymous_0)
FNDA:0,(anonymous_1)
FNDA:0,(anonymous_2)
FNDA:0,(anonymous_3)
FNDA:0,(anonymous_4)
FNDA:0,(anonymous_5)
DA:1,4
DA:5,0
DA:11,0
DA:19,0
DA:28,0
DA:37,0
DA:44,0
DA:50,4
LF:8
LH:2
BRF:0
BRH:0
end_of_record
TN:
SF:src\repositories\mantenimiento.repository.js
FN:4,(anonymous_0)
FN:14,(anonymous_1)
FN:23,(anonymous_2)
FN:33,(anonymous_3)
FN:43,(anonymous_4)
FN:53,(anonymous_5)
FN:64,(anonymous_6)
FNF:7
FNH:0
FNDA:0,(anonymous_0)
FNDA:0,(anonymous_1)
FNDA:0,(anonymous_2)
FNDA:0,(anonymous_3)
FNDA:0,(anonymous_4)
FNDA:0,(anonymous_5)
FNDA:0,(anonymous_6)
DA:1,2
DA:5,0
DA:15,0
DA:24,0
DA:34,0
DA:44,0
DA:54,0
DA:65,0
DA:71,2
LF:9
LH:2
BRF:0
BRH:0
end_of_record
TN:
SF:src\repositories\tecnico.repository.js
FN:4,(anonymous_0)
FN:10,(anonymous_1)
FN:18,(anonymous_2)
FN:27,(anonymous_3)
FN:38,(anonymous_4)
FN:45,(anonymous_5)
FNF:6
FNH:0
FNDA:0,(anonymous_0)
FNDA:0,(anonymous_1)
FNDA:0,(anonymous_2)
FNDA:0,(anonymous_3)
FNDA:0,(anonymous_4)
FNDA:0,(anonymous_5)
DA:1,3
DA:5,0
DA:11,0
DA:19,0
DA:30,0
DA:39,0
DA:46,0
DA:52,3
LF:8
LH:2
BRF:0
BRH:0
end_of_record
TN:
SF:src\repositories\usuario.repository.js
FN:4,(anonymous_0)
FN:10,(anonymous_1)
FN:16,(anonymous_2)
FNF:3
FNH:0
FNDA:0,(anonymous_0)
FNDA:0,(anonymous_1)
FNDA:0,(anonymous_2)
DA:1,4
DA:5,0
DA:11,0
DA:17,0
DA:23,4
LF:5
LH:2
BRF:0
BRH:0
end_of_record
TN:
SF:src\routes\auth.routes.js
FNF:0
FNH:0
DA:1,1
DA:2,1
DA:3,1
DA:5,1
DA:7,1
DA:8,1
DA:9,1
DA:10,1
DA:12,1
LF:9
LH:9
BRF:0
BRH:0
end_of_record
TN:
SF:src\routes\cliente.routes.js
FNF:0
FNH:0
DA:1,1
DA:2,1
DA:3,1
DA:5,1
DA:8,1
DA:10,1
DA:11,1
DA:12,1
DA:13,1
DA:14,1
DA:15,1
DA:17,1
LF:12
LH:12
BRF:0
BRH:0
end_of_record
TN:
SF:src\routes\mantenimiento.routes.js
FNF:0
FNH:0
DA:1,1
DA:2,1
DA:3,1
DA:5,1
DA:8,1
DA:10,1
DA:11,1
DA:12,1
DA:13,1
DA:14,1
DA:15,1
DA:16,1
DA:18,1
LF:13
LH:13
BRF:0
BRH:0
end_of_record
TN:
SF:src\routes\tecnico.routes.js
FNF:0
FNH:0
DA:1,1
DA:2,1
DA:3,1
DA:5,1
DA:8,1
DA:10,1
DA:11,1
DA:12,1
DA:13,1
DA:14,1
DA:16,1
LF:11
LH:11
BRF:0
BRH:0
end_of_record
TN:
SF:src\routes\test.routes.js
FN:7,(anonymous_0)
FNF:1
FNH:0
FNDA:0,(anonymous_0)
DA:1,1
DA:3,1
DA:5,1
DA:7,1
DA:9,0
DA:11,0
DA:13,0
DA:20,0
DA:26,1
LF:9
LH:5
BRF:0
BRH:0
end_of_record
TN:
SF:src\services\auth.service.js
FN:9,(anonymous_0)
FN:119,(anonymous_1)
FN:153,(anonymous_2)
FNF:3
FNH:2
FNDA:3,(anonymous_0)
FNDA:4,(anonymous_1)
FNDA:0,(anonymous_2)
DA:1,2
DA:2,2
DA:3,2
DA:4,2
DA:5,2
DA:6,2
DA:10,3
DA:11,0
DA:15,3
DA:16,0
DA:19,3
DA:20,0
DA:23,3
DA:24,0
DA:27,3
DA:28,3
DA:29,1
DA:32,2
DA:35,2
DA:36,1
DA:37,0
DA:39,1
DA:40,0
DA:42,1
DA:43,1
DA:44,0
DA:48,1
DA:58,2
DA:59,1
DA:60,0
DA:62,1
DA:65,1
DA:66,0
DA:70,1
DA:80,2
DA:81,2
DA:82,2
DA:92,2
DA:93,2
DA:95,2
DA:96,1
DA:97,1
DA:104,1
DA:106,0
DA:111,2
DA:112,2
DA:120,4
DA:121,1
DA:124,3
DA:125,3
DA:126,1
DA:129,2
DA:130,2
DA:131,1
DA:134,1
DA:140,1
DA:154,0
DA:155,0
DA:157,0
DA:158,0
DA:160,0
DA:161,0
DA:162,0
DA:164,0
DA:165,0
DA:166,0
DA:168,0
DA:170,0
DA:171,0
DA:179,0
DA:180,0
DA:184,2
LF:72
LH:47
BRDA:9,0,0,0
BRDA:9,1,0,0
BRDA:9,2,0,0
BRDA:9,3,0,0
BRDA:9,4,0,0
BRDA:9,5,0,0
BRDA:10,6,0,0
BRDA:10,6,1,3
BRDA:10,7,0,3
BRDA:10,7,1,3
BRDA:10,7,2,3
BRDA:15,8,0,0
BRDA:15,8,1,3
BRDA:15,9,0,3
BRDA:15,9,1,2
BRDA:19,10,0,0
BRDA:19,10,1,3
BRDA:19,11,0,3
BRDA:19,11,1,3
BRDA:23,12,0,0
BRDA:23,12,1,3
BRDA:23,13,0,3
BRDA:23,13,1,3
BRDA:28,14,0,1
BRDA:28,14,1,2
BRDA:35,15,0,1
BRDA:35,15,1,1
BRDA:36,16,0,0
BRDA:36,16,1,1
BRDA:39,17,0,0
BRDA:39,17,1,1
BRDA:43,18,0,0
BRDA:43,18,1,1
BRDA:51,19,0,1
BRDA:51,19,1,0
BRDA:52,20,0,1
BRDA:52,20,1,1
BRDA:58,21,0,1
BRDA:58,21,1,1
BRDA:59,22,0,0
BRDA:59,22,1,1
BRDA:65,23,0,0
BRDA:65,23,1,1
BRDA:73,24,0,1
BRDA:73,24,1,0
BRDA:74,25,0,1
BRDA:74,25,1,0
BRDA:81,26,0,2
BRDA:81,26,1,1
BRDA:89,27,0,2
BRDA:89,27,1,0
BRDA:95,28,0,1
BRDA:95,28,1,1
BRDA:120,29,0,1
BRDA:120,29,1,3
BRDA:120,30,0,4
BRDA:120,30,1,3
BRDA:125,31,0,1
BRDA:125,31,1,2
BRDA:130,32,0,1
BRDA:130,32,1,1
BRDA:136,33,0,1
BRDA:136,33,1,1
BRDA:154,34,0,0
BRDA:154,34,1,0
BRDA:154,35,0,0
BRDA:154,35,1,0
BRDA:154,35,2,0
BRDA:157,36,0,0
BRDA:157,36,1,0
BRDA:161,37,0,0
BRDA:161,37,1,0
BRDA:165,38,0,0
BRDA:165,38,1,0
BRF:74
BRH:44
end_of_record
TN:
SF:src\services\cliente.service.js
FN:7,(anonymous_0)
FN:61,(anonymous_1)
FN:66,(anonymous_2)
FN:71,(anonymous_3)
FN:75,(anonymous_4)
FN:81,(anonymous_5)
FN:96,(anonymous_6)
FN:111,(anonymous_7)
FN:170,(anonymous_8)
FNF:9
FNH:8
FNDA:5,(anonymous_0)
FNDA:1,(anonymous_1)
FNDA:1,(anonymous_2)
FNDA:1,(anonymous_3)
FNDA:1,(anonymous_4)
FNDA:3,(anonymous_5)
FNDA:0,(anonymous_6)
FNDA:1,(anonymous_7)
FNDA:1,(anonymous_8)
DA:1,2
DA:2,2
DA:3,2
DA:4,2
DA:8,5
DA:9,5
DA:10,0
DA:13,5
DA:14,1
DA:17,4
DA:18,1
DA:21,3
DA:22,0
DA:25,3
DA:26,1
DA:29,2
DA:30,2
DA:31,1
DA:34,1
DA:43,1
DA:44,1
DA:45,1
DA:46,1
DA:55,0
DA:58,1
DA:62,1
DA:63,1
DA:64,1
DA:66,1
DA:70,1
DA:71,1
DA:72,1
DA:75,1
DA:82,3
DA:83,3
DA:84,0
DA:86,3
DA:87,3
DA:90,3
DA:97,0
DA:98,0
DA:99,0
DA:101,0
DA:102,0
DA:105,0
DA:112,1
DA:114,1
DA:116,1
DA:117,0
DA:120,1
DA:121,0
DA:124,1
DA:125,0
DA:128,1
DA:129,0
DA:133,1
DA:134,0
DA:135,0
DA:139,1
DA:148,1
DA:149,1
DA:150,1
DA:151,1
DA:152,1
DA:153,1
DA:154,1
DA:157,1
DA:158,1
DA:164,0
DA:167,1
DA:171,1
DA:174,1
DA:175,1
DA:176,1
DA:180,0
DA:184,1
DA:185,1
DA:186,1
DA:190,0
DA:193,1
DA:197,2
LF:81
LH:62
BRDA:9,0,0,0
BRDA:9,0,1,5
BRDA:9,1,0,5
BRDA:9,1,1,5
BRDA:13,2,0,1
BRDA:13,2,1,4
BRDA:17,3,0,1
BRDA:17,3,1,3
BRDA:17,4,0,4
BRDA:17,4,1,2
BRDA:21,5,0,0
BRDA:21,5,1,3
BRDA:21,6,0,3
BRDA:21,6,1,1
BRDA:25,7,0,1
BRDA:25,7,1,2
BRDA:25,8,0,3
BRDA:25,8,1,2
BRDA:30,9,0,1
BRDA:30,9,1,1
BRDA:37,10,0,1
BRDA:37,10,1,0
BRDA:38,11,0,1
BRDA:38,11,1,0
BRDA:39,12,0,1
BRDA:39,12,1,1
BRDA:44,13,0,1
BRDA:44,13,1,1
BRDA:52,14,0,1
BRDA:52,14,1,0
BRDA:77,15,0,1
BRDA:77,15,1,0
BRDA:83,16,0,0
BRDA:83,16,1,3
BRDA:92,17,0,3
BRDA:92,17,1,0
BRDA:92,18,0,3
BRDA:92,18,1,3
BRDA:98,19,0,0
BRDA:98,19,1,0
BRDA:107,20,0,0
BRDA:107,20,1,0
BRDA:107,21,0,0
BRDA:107,21,1,0
BRDA:116,22,0,0
BRDA:116,22,1,1
BRDA:116,23,0,1
BRDA:116,23,1,0
BRDA:120,24,0,0
BRDA:120,24,1,1
BRDA:120,25,0,1
BRDA:120,25,1,1
BRDA:124,26,0,0
BRDA:124,26,1,1
BRDA:124,27,0,1
BRDA:124,27,1,0
BRDA:128,28,0,0
BRDA:128,28,1,1
BRDA:128,29,0,1
BRDA:128,29,1,1
BRDA:133,30,0,0
BRDA:133,30,1,1
BRDA:133,31,0,1
BRDA:133,31,1,0
BRDA:135,32,0,0
BRDA:135,32,1,0
BRDA:140,33,0,0
BRDA:140,33,1,1
BRDA:141,34,0,1
BRDA:141,34,1,0
BRDA:142,35,0,1
BRDA:142,35,1,0
BRDA:143,36,0,0
BRDA:143,36,1,1
BRDA:144,37,0,0
BRDA:144,37,1,1
BRDA:151,38,0,1
BRDA:151,38,1,0
BRDA:152,39,0,0
BRDA:152,39,1,1
BRDA:153,40,0,1
BRDA:153,40,1,0
BRDA:154,41,0,1
BRDA:154,41,1,0
BRDA:157,42,0,1
BRDA:157,42,1,0
BRF:86
BRH:52
end_of_record
TN:
SF:src\services\email.service.js
FN:4,(anonymous_0)
FN:8,(anonymous_1)
FN:31,(anonymous_2)
FN:58,(anonymous_3)
FNF:4
FNH:1
FNDA:2,(anonymous_0)
FNDA:0,(anonymous_1)
FNDA:0,(anonymous_2)
FNDA:0,(anonymous_3)
DA:1,2
DA:5,2
DA:9,0
DA:10,0
DA:16,0
DA:17,0
DA:18,0
DA:20,0
DA:32,0
DA:33,0
DA:36,0
DA:37,0
DA:39,0
DA:40,0
DA:45,0
DA:55,0
DA:59,0
DA:60,0
DA:63,0
DA:64,0
DA:65,0
DA:68,0
DA:69,0
DA:70,0
DA:81,0
DA:88,0
DA:92,2
LF:27
LH:3
BRDA:9,0,0,0
BRDA:9,0,1,0
BRDA:16,1,0,0
BRDA:16,1,1,0
BRDA:17,2,0,0
BRDA:17,2,1,0
BRDA:18,3,0,0
BRDA:18,3,1,0
BRDA:23,4,0,0
BRDA:23,4,1,0
BRDA:24,5,0,0
BRDA:24,5,1,0
BRDA:27,6,0,0
BRDA:27,6,1,0
BRDA:32,7,0,0
BRDA:32,7,1,0
BRDA:39,8,0,0
BRDA:39,8,1,0
BRDA:39,9,0,0
BRDA:39,9,1,0
BRDA:39,9,2,0
BRDA:59,10,0,0
BRDA:59,10,1,0
BRDA:64,11,0,0
BRDA:64,11,1,0
BRDA:72,12,0,0
BRDA:72,12,1,0
BRDA:74,13,0,0
BRDA:74,13,1,0
BRF:29
BRH:0
end_of_record
TN:
SF:src\services\mantenimiento.service.js
FN:6,(anonymous_0)
FN:47,(anonymous_1)
FN:51,(anonymous_2)
FN:59,(anonymous_3)
FN:63,(anonymous_4)
FN:67,(anonymous_5)
FN:107,(anonymous_6)
FNF:7
FNH:5
FNDA:4,(anonymous_0)
FNDA:1,(anonymous_1)
FNDA:4,(anonymous_2)
FNDA:0,(anonymous_3)
FNDA:0,(anonymous_4)
FNDA:2,(anonymous_5)
FNDA:1,(anonymous_6)
DA:1,2
DA:2,2
DA:3,2
DA:7,4
DA:9,4
DA:10,0
DA:13,4
DA:14,4
DA:16,4
DA:17,4
DA:19,4
DA:20,1
DA:24,3
DA:25,3
DA:26,1
DA:30,2
DA:31,2
DA:32,1
DA:35,1
DA:48,1
DA:52,4
DA:53,4
DA:54,0
DA:56,4
DA:60,0
DA:64,0
DA:68,2
DA:70,2
DA:71,2
DA:72,0
DA:74,2
DA:75,1
DA:78,2
DA:79,2
DA:81,2
DA:82,2
DA:83,2
DA:84,2
DA:86,2
DA:87,1
DA:90,1
DA:91,0
DA:93,1
DA:94,0
DA:95,0
DA:96,0
DA:98,1
DA:99,0
DA:100,0
DA:101,0
DA:104,1
DA:108,1
DA:109,1
DA:113,2
LF:54
LH:42
BRDA:9,0,0,0
BRDA:9,0,1,4
BRDA:9,1,0,4
BRDA:9,1,1,4
BRDA:9,1,2,4
BRDA:9,1,3,4
BRDA:9,1,4,4
BRDA:9,1,5,4
BRDA:9,1,6,4
BRDA:9,1,7,4
BRDA:19,2,0,1
BRDA:19,2,1,3
BRDA:25,3,0,1
BRDA:25,3,1,2
BRDA:31,4,0,1
BRDA:31,4,1,1
BRDA:53,5,0,0
BRDA:53,5,1,4
BRDA:71,6,0,0
BRDA:71,6,1,2
BRDA:74,7,0,1
BRDA:74,7,1,1
BRDA:78,8,0,2
BRDA:78,8,1,2
BRDA:79,9,0,2
BRDA:79,9,1,1
BRDA:86,10,0,1
BRDA:86,10,1,1
BRDA:90,11,0,0
BRDA:90,11,1,1
BRDA:93,12,0,0
BRDA:93,12,1,1
BRDA:96,13,0,0
BRDA:96,13,1,0
BRDA:98,14,0,0
BRDA:98,14,1,1
BRDA:101,15,0,0
BRDA:101,15,1,0
BRF:38
BRH:28
end_of_record
TN:
SF:src\services\tecnico.service.js
FN:6,(anonymous_0)
FN:46,(anonymous_1)
FN:50,(anonymous_2)
FN:58,(anonymous_3)
FN:63,(anonymous_4)
FNF:5
FNH:5
FNDA:2,(anonymous_0)
FNDA:1,(anonymous_1)
FNDA:3,(anonymous_2)
FNDA:1,(anonymous_3)
FNDA:1,(anonymous_4)
DA:1,2
DA:2,2
DA:3,2
DA:7,2
DA:8,2
DA:9,0
DA:13,2
DA:14,2
DA:15,2
DA:16,1
DA:20,1
DA:28,1
DA:29,1
DA:30,1
DA:31,1
DA:32,1
DA:39,0
DA:43,1
DA:47,1
DA:51,3
DA:52,3
DA:53,0
DA:55,3
DA:59,1
DA:60,1
DA:64,1
DA:67,1
DA:68,1
DA:69,1
DA:73,0
DA:77,1
DA:78,1
DA:79,1
DA:80,1
DA:89,0
DA:92,1
DA:96,2
LF:37
LH:32
BRDA:8,0,0,0
BRDA:8,0,1,2
BRDA:8,1,0,2
BRDA:8,1,1,2
BRDA:13,2,0,2
BRDA:13,2,1,0
BRDA:15,3,0,1
BRDA:15,3,1,1
BRDA:23,4,0,1
BRDA:23,4,1,1
BRDA:24,5,0,1
BRDA:24,5,1,0
BRDA:28,6,0,1
BRDA:28,6,1,0
BRDA:52,7,0,0
BRDA:52,7,1,3
BRDA:79,8,0,1
BRDA:79,8,1,0
BRDA:83,9,0,1
BRDA:83,9,1,0
BRF:20
BRH:13
end_of_record
TN:
SF:src\utils\validation.js
FN:10,validarCedulaEcuatoriana
FN:47,validarTelefonoEcuatoriano
FN:60,calcularEdad
FN:77,validarEdadPermitida
FNF:4
FNH:4
FNDA:6,validarCedulaEcuatoriana
FNDA:6,validarTelefonoEcuatoriano
FNDA:6,calcularEdad
FNDA:6,validarEdadPermitida
DA:11,6
DA:12,0
DA:15,6
DA:16,6
DA:17,0
DA:20,6
DA:21,6
DA:22,0
DA:25,6
DA:26,6
DA:28,6
DA:29,54
DA:30,54
DA:31,5
DA:33,54
DA:36,6
DA:37,6
DA:39,6
DA:48,6
DA:49,0
DA:51,6
DA:52,6
DA:61,6
DA:62,6
DA:63,6
DA:64,6
DA:65,6
DA:66,6
DA:67,2
DA:69,6
DA:78,6
DA:79,6
DA:82,3
LF:33
LH:29
BRDA:11,0,0,0
BRDA:11,0,1,6
BRDA:11,1,0,6
BRDA:11,1,1,6
BRDA:11,1,2,6
BRDA:16,2,0,0
BRDA:16,2,1,6
BRDA:16,3,0,6
BRDA:16,3,1,6
BRDA:21,4,0,0
BRDA:21,4,1,6
BRDA:21,5,0,6
BRDA:21,5,1,6
BRDA:30,6,0,5
BRDA:30,6,1,49
BRDA:36,7,0,0
BRDA:36,7,1,6
BRDA:48,8,0,0
BRDA:48,8,1,6
BRDA:61,9,0,0
BRDA:61,9,1,6
BRDA:66,10,0,2
BRDA:66,10,1,4
BRDA:66,11,0,6
BRDA:66,11,1,4
BRDA:66,11,2,0
BRDA:79,12,0,6
BRDA:79,12,1,5
BRF:28
BRH:21
end_of_record
